/home/yanji/robot_screwing/install/mj_sim/lib/python3.8/site-packages/mj_sim/__init__.py
/home/yanji/robot_screwing/install/mj_sim/lib/python3.8/site-packages/mj_sim/robot_kinetic.py
/home/yanji/robot_screwing/install/mj_sim/lib/python3.8/site-packages/mj_sim/utils.py
/home/yanji/robot_screwing/install/mj_sim/lib/python3.8/site-packages/mj_sim/mpc_optimizer_single.py
/home/yanji/robot_screwing/install/mj_sim/lib/python3.8/site-packages/mj_sim/trajectory_planner.py
/home/yanji/robot_screwing/install/mj_sim/lib/python3.8/site-packages/mj_sim/mpc_optimizer.py
/home/yanji/robot_screwing/install/mj_sim/lib/python3.8/site-packages/mj_sim/mpc_node.py
/home/yanji/robot_screwing/install/mj_sim/lib/python3.8/site-packages/mj_sim/test.py
/home/yanji/robot_screwing/install/mj_sim/lib/python3.8/site-packages/mj_sim/robot_sim_env.py
/home/yanji/robot_screwing/install/mj_sim/lib/python3.8/site-packages/mj_sim/__pycache__/__init__.cpython-38.pyc
/home/yanji/robot_screwing/install/mj_sim/lib/python3.8/site-packages/mj_sim/__pycache__/robot_kinetic.cpython-38.pyc
/home/yanji/robot_screwing/install/mj_sim/lib/python3.8/site-packages/mj_sim/__pycache__/utils.cpython-38.pyc
/home/yanji/robot_screwing/install/mj_sim/lib/python3.8/site-packages/mj_sim/__pycache__/mpc_optimizer_single.cpython-38.pyc
/home/yanji/robot_screwing/install/mj_sim/lib/python3.8/site-packages/mj_sim/__pycache__/trajectory_planner.cpython-38.pyc
/home/yanji/robot_screwing/install/mj_sim/lib/python3.8/site-packages/mj_sim/__pycache__/mpc_optimizer.cpython-38.pyc
/home/yanji/robot_screwing/install/mj_sim/lib/python3.8/site-packages/mj_sim/__pycache__/mpc_node.cpython-38.pyc
/home/yanji/robot_screwing/install/mj_sim/lib/python3.8/site-packages/mj_sim/__pycache__/test.cpython-38.pyc
/home/yanji/robot_screwing/install/mj_sim/lib/python3.8/site-packages/mj_sim/__pycache__/robot_sim_env.cpython-38.pyc
/home/yanji/robot_screwing/install/mj_sim/share/ament_index/resource_index/packages/mj_sim
/home/yanji/robot_screwing/install/mj_sim/share/mj_sim/package.xml
/home/yanji/robot_screwing/install/mj_sim/share/mj_sim/launch_robot_sim.py
/home/yanji/robot_screwing/install/mj_sim/lib/python3.8/site-packages/mj_sim-0.0.0-py3.8.egg-info/SOURCES.txt
/home/yanji/robot_screwing/install/mj_sim/lib/python3.8/site-packages/mj_sim-0.0.0-py3.8.egg-info/dependency_links.txt
/home/yanji/robot_screwing/install/mj_sim/lib/python3.8/site-packages/mj_sim-0.0.0-py3.8.egg-info/top_level.txt
/home/yanji/robot_screwing/install/mj_sim/lib/python3.8/site-packages/mj_sim-0.0.0-py3.8.egg-info/zip-safe
/home/yanji/robot_screwing/install/mj_sim/lib/python3.8/site-packages/mj_sim-0.0.0-py3.8.egg-info/requires.txt
/home/yanji/robot_screwing/install/mj_sim/lib/python3.8/site-packages/mj_sim-0.0.0-py3.8.egg-info/PKG-INFO
/home/yanji/robot_screwing/install/mj_sim/lib/python3.8/site-packages/mj_sim-0.0.0-py3.8.egg-info/entry_points.txt
/home/yanji/robot_screwing/install/mj_sim/lib/mj_sim/mpc_node
/home/yanji/robot_screwing/install/mj_sim/lib/mj_sim/robot_sim_env
