[0.224s] Invoking command in '/home/yanji/robot_screwing/build/robot_msgs': CMAKE_PREFIX_PATH=${CMAKE_PREFIX_PATH}:/home/yanji/robot_screwing/install/real_robot:/home/yanji/robot_screwing/install/mj_sim:/opt/ros/foxy CONDA_PROMPT_MODIFIER=(screwrobot) /usr/bin/cmake --build /home/yanji/robot_screwing/build/robot_msgs -- -j24 -l24
[0.236s] -- Found ament_cmake: 0.9.12 (/opt/ros/foxy/share/ament_cmake/cmake)
[0.246s] -- Found PythonInterp: /home/yanji/anaconda3/envs/screwrobot/bin/python3 (found suitable version "3.8.20", minimum required is "3") 
[0.246s] -- Using PYTHON_EXECUTABLE: /home/yanji/anaconda3/envs/screwrobot/bin/python3
[0.313s] -- Found rosidl_default_generators: 1.0.1 (/opt/ros/foxy/share/rosidl_default_generators/cmake)
[0.314s] -- Using all available rosidl_typesupport_c: rosidl_typesupport_fastrtps_c;rosidl_typesupport_introspection_c
[0.316s] -- Found rosidl_adapter: 1.3.1 (/opt/ros/foxy/share/rosidl_adapter/cmake)
[0.387s] -- Using all available rosidl_typesupport_cpp: rosidl_typesupport_fastrtps_cpp;rosidl_typesupport_introspection_cpp
[0.397s] -- Found rclpy: 1.0.13 (/opt/ros/foxy/share/rclpy/cmake)
[0.397s] -- Found std_msgs: 2.0.5 (/opt/ros/foxy/share/std_msgs/cmake)
[0.422s] -- Found PythonInterp: /home/yanji/anaconda3/envs/screwrobot/bin/python3 (found version "3.8.20") 
[0.511s] -- Found ament_cmake_ros: 0.9.2 (/opt/ros/foxy/share/ament_cmake_ros/cmake)
[0.596s] -- Using all available rosidl_typesupport_c: rosidl_typesupport_fastrtps_c;rosidl_typesupport_introspection_c
[0.623s] -- Using all available rosidl_typesupport_cpp: rosidl_typesupport_fastrtps_cpp;rosidl_typesupport_introspection_cpp
[0.635s] -- Found PythonInterp: /home/yanji/anaconda3/envs/screwrobot/bin/python3 (found suitable version "3.8.20", minimum required is "3.5") 
[0.635s] -- Found python_cmake_module: 0.8.1 (/opt/ros/foxy/share/python_cmake_module/cmake)
[0.646s] -- Using PYTHON_EXECUTABLE: /home/yanji/anaconda3/envs/screwrobot/bin/python3
[0.646s] -- Using PYTHON_INCLUDE_DIRS: /usr/include/python3.8
[0.646s] -- Using PYTHON_LIBRARIES: /home/yanji/anaconda3/envs/screwrobot/lib/libpython3.8.so
[0.662s] -- Found ament_lint_auto: 0.9.8 (/opt/ros/foxy/share/ament_lint_auto/cmake)
[0.666s] -- Added test 'copyright' to check source files copyright and LICENSE
[0.667s] -- Added test 'lint_cmake' to check CMake code style
[0.667s] -- Added test 'xmllint' to check XML markup files
[0.669s] -- Configuring done
[0.692s] -- Generating done
[0.699s] -- Build files have been written to: /home/yanji/robot_screwing/build/robot_msgs
[0.710s] [  1%] [34m[1mGenerating C code for ROS interfaces[0m
[0.714s] [  3%] [34m[1mGenerating C++ code for ROS interfaces[0m
[0.987s] [  3%] Built target robot_msgs__cpp
[0.989s] [35m[1mScanning dependencies of target robot_msgs__rosidl_generator_c[0m
[0.991s] [  4%] [34m[1mGenerating C++ type support dispatch for ROS interfaces[0m
[0.991s] [  6%] [34m[1mGenerating C++ introspection for ROS interfaces[0m
[0.991s] [  7%] [34m[1mGenerating C++ type support for eProsima Fast-RTPS[0m
[0.995s] [ 11%] [32mBuilding C object CMakeFiles/robot_msgs__rosidl_generator_c.dir/rosidl_generator_c/robot_msgs/msg/detail/ft_pub__functions.c.o[0m
[0.995s] [ 11%] [32mBuilding C object CMakeFiles/robot_msgs__rosidl_generator_c.dir/rosidl_generator_c/robot_msgs/msg/detail/robot_status__functions.c.o[0m
[0.995s] [ 12%] [32mBuilding C object CMakeFiles/robot_msgs__rosidl_generator_c.dir/rosidl_generator_c/robot_msgs/msg/detail/control_command__functions.c.o[0m
[0.995s] [ 14%] [32mBuilding C object CMakeFiles/robot_msgs__rosidl_generator_c.dir/rosidl_generator_c/robot_msgs/srv/detail/start_pose__functions.c.o[0m
[0.996s] [ 15%] [32mBuilding C object CMakeFiles/robot_msgs__rosidl_generator_c.dir/rosidl_generator_c/robot_msgs/msg/detail/ref_status__functions.c.o[0m
[1.024s] [ 17%] [32m[1mLinking C shared library librobot_msgs__rosidl_generator_c.so[0m
[1.041s] [ 17%] Built target robot_msgs__rosidl_generator_c
[1.046s] [ 20%] [34m[1mGenerating C introspection for ROS interfaces[0m
[1.046s] [ 20%] [34m[1mGenerating C type support dispatch for ROS interfaces[0m
[1.206s] [35m[1mScanning dependencies of target robot_msgs__rosidl_typesupport_cpp[0m
[1.212s] [ 22%] [32mBuilding CXX object CMakeFiles/robot_msgs__rosidl_typesupport_cpp.dir/rosidl_typesupport_cpp/robot_msgs/msg/ft_pub__type_support.cpp.o[0m
[1.212s] [ 23%] [32mBuilding CXX object CMakeFiles/robot_msgs__rosidl_typesupport_cpp.dir/rosidl_typesupport_cpp/robot_msgs/msg/robot_status__type_support.cpp.o[0m
[1.213s] [ 25%] [32mBuilding CXX object CMakeFiles/robot_msgs__rosidl_typesupport_cpp.dir/rosidl_typesupport_cpp/robot_msgs/msg/control_command__type_support.cpp.o[0m
[1.213s] [ 26%] [32mBuilding CXX object CMakeFiles/robot_msgs__rosidl_typesupport_cpp.dir/rosidl_typesupport_cpp/robot_msgs/msg/ref_status__type_support.cpp.o[0m
[1.215s] [ 28%] [32mBuilding CXX object CMakeFiles/robot_msgs__rosidl_typesupport_cpp.dir/rosidl_typesupport_cpp/robot_msgs/srv/start_pose__type_support.cpp.o[0m
[1.229s] [35m[1mScanning dependencies of target robot_msgs__rosidl_typesupport_introspection_cpp[0m
[1.236s] [ 31%] [32mBuilding CXX object CMakeFiles/robot_msgs__rosidl_typesupport_introspection_cpp.dir/rosidl_typesupport_introspection_cpp/robot_msgs/msg/detail/robot_status__type_support.cpp.o[0m
[1.236s] [ 31%] [32mBuilding CXX object CMakeFiles/robot_msgs__rosidl_typesupport_introspection_cpp.dir/rosidl_typesupport_introspection_cpp/robot_msgs/msg/detail/ft_pub__type_support.cpp.o[0m
[1.236s] [ 33%] [32mBuilding CXX object CMakeFiles/robot_msgs__rosidl_typesupport_introspection_cpp.dir/rosidl_typesupport_introspection_cpp/robot_msgs/msg/detail/control_command__type_support.cpp.o[0m
[1.236s] [ 34%] [32mBuilding CXX object CMakeFiles/robot_msgs__rosidl_typesupport_introspection_cpp.dir/rosidl_typesupport_introspection_cpp/robot_msgs/srv/detail/start_pose__type_support.cpp.o[0m
[1.237s] [ 36%] [32mBuilding CXX object CMakeFiles/robot_msgs__rosidl_typesupport_introspection_cpp.dir/rosidl_typesupport_introspection_cpp/robot_msgs/msg/detail/ref_status__type_support.cpp.o[0m
[1.243s] [35m[1mScanning dependencies of target robot_msgs__rosidl_typesupport_fastrtps_cpp[0m
[1.251s] [ 38%] [32mBuilding CXX object CMakeFiles/robot_msgs__rosidl_typesupport_fastrtps_cpp.dir/rosidl_typesupport_fastrtps_cpp/robot_msgs/msg/detail/dds_fastrtps/robot_status__type_support.cpp.o[0m
[1.251s] [ 39%] [32mBuilding CXX object CMakeFiles/robot_msgs__rosidl_typesupport_fastrtps_cpp.dir/rosidl_typesupport_fastrtps_cpp/robot_msgs/msg/detail/dds_fastrtps/ft_pub__type_support.cpp.o[0m
[1.252s] [ 41%] [32mBuilding CXX object CMakeFiles/robot_msgs__rosidl_typesupport_fastrtps_cpp.dir/rosidl_typesupport_fastrtps_cpp/robot_msgs/srv/detail/dds_fastrtps/start_pose__type_support.cpp.o[0m
[1.252s] [ 42%] [32mBuilding CXX object CMakeFiles/robot_msgs__rosidl_typesupport_fastrtps_cpp.dir/rosidl_typesupport_fastrtps_cpp/robot_msgs/msg/detail/dds_fastrtps/ref_status__type_support.cpp.o[0m
[1.253s] [ 44%] [32mBuilding CXX object CMakeFiles/robot_msgs__rosidl_typesupport_fastrtps_cpp.dir/rosidl_typesupport_fastrtps_cpp/robot_msgs/msg/detail/dds_fastrtps/control_command__type_support.cpp.o[0m
[1.261s] [35m[1mScanning dependencies of target robot_msgs__rosidl_typesupport_c[0m
[1.266s] [ 47%] [32mBuilding CXX object CMakeFiles/robot_msgs__rosidl_typesupport_c.dir/rosidl_typesupport_c/robot_msgs/msg/robot_status__type_support.cpp.o[0m
[1.266s] [ 47%] [32mBuilding CXX object CMakeFiles/robot_msgs__rosidl_typesupport_c.dir/rosidl_typesupport_c/robot_msgs/msg/ft_pub__type_support.cpp.o[0m
[1.268s] [ 50%] [32mBuilding CXX object CMakeFiles/robot_msgs__rosidl_typesupport_c.dir/rosidl_typesupport_c/robot_msgs/msg/ref_status__type_support.cpp.o[0m
[1.268s] [ 50%] [32mBuilding CXX object CMakeFiles/robot_msgs__rosidl_typesupport_c.dir/rosidl_typesupport_c/robot_msgs/msg/control_command__type_support.cpp.o[0m
[1.268s] [ 52%] [32mBuilding CXX object CMakeFiles/robot_msgs__rosidl_typesupport_c.dir/rosidl_typesupport_c/robot_msgs/srv/start_pose__type_support.cpp.o[0m
[1.295s] [ 53%] [32m[1mLinking CXX shared library librobot_msgs__rosidl_typesupport_c.so[0m
[1.296s] [35m[1mScanning dependencies of target robot_msgs__rosidl_typesupport_introspection_c[0m
[1.302s] [ 55%] [32mBuilding C object CMakeFiles/robot_msgs__rosidl_typesupport_introspection_c.dir/rosidl_typesupport_introspection_c/robot_msgs/msg/detail/ft_pub__type_support.c.o[0m
[1.302s] [ 57%] [32mBuilding C object CMakeFiles/robot_msgs__rosidl_typesupport_introspection_c.dir/rosidl_typesupport_introspection_c/robot_msgs/srv/detail/start_pose__type_support.c.o[0m
[1.303s] [ 60%] [32mBuilding C object CMakeFiles/robot_msgs__rosidl_typesupport_introspection_c.dir/rosidl_typesupport_introspection_c/robot_msgs/msg/detail/control_command__type_support.c.o[0m
[1.303s] [ 60%] [32mBuilding C object CMakeFiles/robot_msgs__rosidl_typesupport_introspection_c.dir/rosidl_typesupport_introspection_c/robot_msgs/msg/detail/robot_status__type_support.c.o[0m
[1.304s] [ 61%] [32mBuilding C object CMakeFiles/robot_msgs__rosidl_typesupport_introspection_c.dir/rosidl_typesupport_introspection_c/robot_msgs/msg/detail/ref_status__type_support.c.o[0m
[1.317s] [ 61%] Built target robot_msgs__rosidl_typesupport_c
[1.327s] [ 63%] [32m[1mLinking C shared library librobot_msgs__rosidl_typesupport_introspection_c.so[0m
[1.341s] [ 63%] Built target robot_msgs__rosidl_typesupport_introspection_c
[1.371s] [ 65%] [32m[1mLinking CXX shared library librobot_msgs__rosidl_typesupport_cpp.so[0m
[1.390s] [ 65%] Built target robot_msgs__rosidl_typesupport_cpp
[1.399s] [ 66%] [32m[1mLinking CXX shared library librobot_msgs__rosidl_typesupport_introspection_cpp.so[0m
[1.433s] [ 66%] Built target robot_msgs__rosidl_typesupport_introspection_cpp
[1.490s] [ 68%] [32m[1mLinking CXX shared library librobot_msgs__rosidl_typesupport_fastrtps_cpp.so[0m
[1.531s] [ 68%] Built target robot_msgs__rosidl_typesupport_fastrtps_cpp
[1.536s] [ 69%] [34m[1mGenerating C type support for eProsima Fast-RTPS[0m
[1.784s] [35m[1mScanning dependencies of target robot_msgs__rosidl_typesupport_fastrtps_c[0m
[1.792s] [ 76%] [32mBuilding CXX object CMakeFiles/robot_msgs__rosidl_typesupport_fastrtps_c.dir/rosidl_typesupport_fastrtps_c/robot_msgs/msg/detail/control_command__type_support_c.cpp.o[0m
[1.793s] [ 76%] [32mBuilding CXX object CMakeFiles/robot_msgs__rosidl_typesupport_fastrtps_c.dir/rosidl_typesupport_fastrtps_c/robot_msgs/msg/detail/ref_status__type_support_c.cpp.o[0m
[1.793s] [ 76%] [32mBuilding CXX object CMakeFiles/robot_msgs__rosidl_typesupport_fastrtps_c.dir/rosidl_typesupport_fastrtps_c/robot_msgs/msg/detail/ft_pub__type_support_c.cpp.o[0m
[1.793s] [ 76%] [32mBuilding CXX object CMakeFiles/robot_msgs__rosidl_typesupport_fastrtps_c.dir/rosidl_typesupport_fastrtps_c/robot_msgs/msg/detail/robot_status__type_support_c.cpp.o[0m
[1.793s] [ 77%] [32mBuilding CXX object CMakeFiles/robot_msgs__rosidl_typesupport_fastrtps_c.dir/rosidl_typesupport_fastrtps_c/robot_msgs/srv/detail/start_pose__type_support_c.cpp.o[0m
[1.977s] [ 79%] [32m[1mLinking CXX shared library librobot_msgs__rosidl_typesupport_fastrtps_c.so[0m
[2.018s] [ 79%] Built target robot_msgs__rosidl_typesupport_fastrtps_c
[2.027s] [ 79%] Built target robot_msgs
[2.035s] [ 80%] [34m[1mGenerating Python code for ROS interfaces[0m
[2.551s] [ 80%] Built target robot_msgs__py
[2.556s] [35m[1mScanning dependencies of target robot_msgs__python[0m
[2.567s] [ 85%] [32mBuilding C object CMakeFiles/robot_msgs__python.dir/rosidl_generator_py/robot_msgs/msg/_robot_status_s.c.o[0m
[2.567s] [ 85%] [32mBuilding C object CMakeFiles/robot_msgs__python.dir/rosidl_generator_py/robot_msgs/msg/_ft_pub_s.c.o[0m
[2.567s] [ 85%] [32mBuilding C object CMakeFiles/robot_msgs__python.dir/rosidl_generator_py/robot_msgs/msg/_control_command_s.c.o[0m
[2.567s] [ 87%] [32mBuilding C object CMakeFiles/robot_msgs__python.dir/rosidl_generator_py/robot_msgs/msg/_ref_status_s.c.o[0m
[2.567s] [ 88%] [32mBuilding C object CMakeFiles/robot_msgs__python.dir/rosidl_generator_py/robot_msgs/srv/_start_pose_s.c.o[0m
[2.634s] [ 90%] [32m[1mLinking C shared library rosidl_generator_py/robot_msgs/librobot_msgs__python.so[0m
[2.653s] [ 90%] Built target robot_msgs__python
[2.658s] [35m[1mScanning dependencies of target robot_msgs__rosidl_typesupport_fastrtps_c__pyext[0m
[2.658s] [35m[1mScanning dependencies of target robot_msgs__rosidl_typesupport_introspection_c__pyext[0m
[2.659s] [35m[1mScanning dependencies of target robot_msgs__rosidl_typesupport_c__pyext[0m
[2.666s] [ 93%] [32mBuilding C object CMakeFiles/robot_msgs__rosidl_typesupport_introspection_c__pyext.dir/rosidl_generator_py/robot_msgs/_robot_msgs_s.ep.rosidl_typesupport_introspection_c.c.o[0m
[2.666s] [ 93%] [32mBuilding C object CMakeFiles/robot_msgs__rosidl_typesupport_fastrtps_c__pyext.dir/rosidl_generator_py/robot_msgs/_robot_msgs_s.ep.rosidl_typesupport_fastrtps_c.c.o[0m
[2.666s] [ 95%] [32mBuilding C object CMakeFiles/robot_msgs__rosidl_typesupport_c__pyext.dir/rosidl_generator_py/robot_msgs/_robot_msgs_s.ep.rosidl_typesupport_c.c.o[0m
[2.732s] [ 98%] [32m[1mLinking C shared library rosidl_generator_py/robot_msgs/robot_msgs_s__rosidl_typesupport_introspection_c.cpython-38-x86_64-linux-gnu.so[0m
[2.733s] [ 98%] [32m[1mLinking C shared library rosidl_generator_py/robot_msgs/robot_msgs_s__rosidl_typesupport_c.cpython-38-x86_64-linux-gnu.so[0m
[2.733s] [100%] [32m[1mLinking CXX shared library rosidl_generator_py/robot_msgs/robot_msgs_s__rosidl_typesupport_fastrtps_c.cpython-38-x86_64-linux-gnu.so[0m
[2.749s] [100%] Built target robot_msgs__rosidl_typesupport_c__pyext
[2.750s] [100%] Built target robot_msgs__rosidl_typesupport_introspection_c__pyext
[2.762s] [100%] Built target robot_msgs__rosidl_typesupport_fastrtps_c__pyext
[2.769s] Invoked command in '/home/yanji/robot_screwing/build/robot_msgs' returned '0': CMAKE_PREFIX_PATH=${CMAKE_PREFIX_PATH}:/home/yanji/robot_screwing/install/real_robot:/home/yanji/robot_screwing/install/mj_sim:/opt/ros/foxy CONDA_PROMPT_MODIFIER=(screwrobot) /usr/bin/cmake --build /home/yanji/robot_screwing/build/robot_msgs -- -j24 -l24
[2.773s] Invoking command in '/home/yanji/robot_screwing/build/robot_msgs': CMAKE_PREFIX_PATH=${CMAKE_PREFIX_PATH}:/home/yanji/robot_screwing/install/real_robot:/home/yanji/robot_screwing/install/mj_sim:/opt/ros/foxy CONDA_PROMPT_MODIFIER=(screwrobot) /usr/bin/cmake --install /home/yanji/robot_screwing/build/robot_msgs
[2.777s] -- Install configuration: ""
[2.777s] -- Up-to-date: /home/yanji/robot_screwing/install/robot_msgs/share/ament_index/resource_index/rosidl_interfaces/robot_msgs
[2.777s] -- Up-to-date: /home/yanji/robot_screwing/install/robot_msgs/include/robot_msgs
[2.777s] -- Up-to-date: /home/yanji/robot_screwing/install/robot_msgs/include/robot_msgs/srv
[2.777s] -- Up-to-date: /home/yanji/robot_screwing/install/robot_msgs/include/robot_msgs/srv/detail
[2.777s] -- Installing: /home/yanji/robot_screwing/install/robot_msgs/include/robot_msgs/srv/detail/start_pose__type_support.h
[2.777s] -- Installing: /home/yanji/robot_screwing/install/robot_msgs/include/robot_msgs/srv/detail/start_pose__functions.h
[2.777s] -- Installing: /home/yanji/robot_screwing/install/robot_msgs/include/robot_msgs/srv/detail/start_pose__struct.h
[2.777s] -- Installing: /home/yanji/robot_screwing/install/robot_msgs/include/robot_msgs/srv/detail/start_pose__functions.c
[2.777s] -- Installing: /home/yanji/robot_screwing/install/robot_msgs/include/robot_msgs/srv/start_pose.h
[2.777s] -- Up-to-date: /home/yanji/robot_screwing/install/robot_msgs/include/robot_msgs/msg
[2.777s] -- Up-to-date: /home/yanji/robot_screwing/install/robot_msgs/include/robot_msgs/msg/detail
[2.777s] -- Installing: /home/yanji/robot_screwing/install/robot_msgs/include/robot_msgs/msg/detail/robot_status__functions.h
[2.777s] -- Installing: /home/yanji/robot_screwing/install/robot_msgs/include/robot_msgs/msg/detail/ft_pub__functions.h
[2.777s] -- Installing: /home/yanji/robot_screwing/install/robot_msgs/include/robot_msgs/msg/detail/ref_status__functions.h
[2.777s] -- Installing: /home/yanji/robot_screwing/install/robot_msgs/include/robot_msgs/msg/detail/control_command__type_support.h
[2.777s] -- Installing: /home/yanji/robot_screwing/install/robot_msgs/include/robot_msgs/msg/detail/control_command__functions.h
[2.777s] -- Installing: /home/yanji/robot_screwing/install/robot_msgs/include/robot_msgs/msg/detail/ft_pub__functions.c
[2.777s] -- Installing: /home/yanji/robot_screwing/install/robot_msgs/include/robot_msgs/msg/detail/control_command__functions.c
[2.777s] -- Installing: /home/yanji/robot_screwing/install/robot_msgs/include/robot_msgs/msg/detail/control_command__struct.h
[2.777s] -- Installing: /home/yanji/robot_screwing/install/robot_msgs/include/robot_msgs/msg/detail/robot_status__struct.h
[2.777s] -- Installing: /home/yanji/robot_screwing/install/robot_msgs/include/robot_msgs/msg/detail/robot_status__type_support.h
[2.777s] -- Installing: /home/yanji/robot_screwing/install/robot_msgs/include/robot_msgs/msg/detail/ft_pub__type_support.h
[2.778s] -- Installing: /home/yanji/robot_screwing/install/robot_msgs/include/robot_msgs/msg/detail/ref_status__type_support.h
[2.778s] -- Installing: /home/yanji/robot_screwing/install/robot_msgs/include/robot_msgs/msg/detail/robot_status__functions.c
[2.778s] -- Installing: /home/yanji/robot_screwing/install/robot_msgs/include/robot_msgs/msg/detail/ft_pub__struct.h
[2.778s] -- Installing: /home/yanji/robot_screwing/install/robot_msgs/include/robot_msgs/msg/detail/ref_status__functions.c
[2.778s] -- Installing: /home/yanji/robot_screwing/install/robot_msgs/include/robot_msgs/msg/detail/ref_status__struct.h
[2.778s] -- Installing: /home/yanji/robot_screwing/install/robot_msgs/include/robot_msgs/msg/robot_status.h
[2.778s] -- Installing: /home/yanji/robot_screwing/install/robot_msgs/include/robot_msgs/msg/control_command.h
[2.778s] -- Up-to-date: /home/yanji/robot_screwing/install/robot_msgs/include/robot_msgs/msg/rosidl_generator_c__visibility_control.h
[2.778s] -- Installing: /home/yanji/robot_screwing/install/robot_msgs/include/robot_msgs/msg/ref_status.h
[2.778s] -- Installing: /home/yanji/robot_screwing/install/robot_msgs/include/robot_msgs/msg/ft_pub.h
[2.778s] -- Up-to-date: /home/yanji/robot_screwing/install/robot_msgs/share/robot_msgs/environment/library_path.sh
[2.778s] -- Installing: /home/yanji/robot_screwing/install/robot_msgs/share/robot_msgs/environment/library_path.dsv
[2.778s] -- Installing: /home/yanji/robot_screwing/install/robot_msgs/lib/librobot_msgs__rosidl_generator_c.so
[2.778s] -- Set runtime path of "/home/yanji/robot_screwing/install/robot_msgs/lib/librobot_msgs__rosidl_generator_c.so" to ""
[2.778s] -- Up-to-date: /home/yanji/robot_screwing/install/robot_msgs/include/robot_msgs
[2.778s] -- Up-to-date: /home/yanji/robot_screwing/install/robot_msgs/include/robot_msgs/srv
[2.778s] -- Up-to-date: /home/yanji/robot_screwing/install/robot_msgs/include/robot_msgs/srv/detail
[2.778s] -- Installing: /home/yanji/robot_screwing/install/robot_msgs/include/robot_msgs/srv/detail/start_pose__rosidl_typesupport_fastrtps_c.h
[2.778s] -- Up-to-date: /home/yanji/robot_screwing/install/robot_msgs/include/robot_msgs/msg
[2.778s] -- Up-to-date: /home/yanji/robot_screwing/install/robot_msgs/include/robot_msgs/msg/detail
[2.779s] -- Installing: /home/yanji/robot_screwing/install/robot_msgs/include/robot_msgs/msg/detail/control_command__rosidl_typesupport_fastrtps_c.h
[2.779s] -- Installing: /home/yanji/robot_screwing/install/robot_msgs/include/robot_msgs/msg/detail/ref_status__rosidl_typesupport_fastrtps_c.h
[2.779s] -- Installing: /home/yanji/robot_screwing/install/robot_msgs/include/robot_msgs/msg/detail/ft_pub__rosidl_typesupport_fastrtps_c.h
[2.779s] -- Installing: /home/yanji/robot_screwing/install/robot_msgs/include/robot_msgs/msg/detail/robot_status__rosidl_typesupport_fastrtps_c.h
[2.779s] -- Up-to-date: /home/yanji/robot_screwing/install/robot_msgs/include/robot_msgs/msg/rosidl_typesupport_fastrtps_c__visibility_control.h
[2.779s] -- Installing: /home/yanji/robot_screwing/install/robot_msgs/lib/librobot_msgs__rosidl_typesupport_fastrtps_c.so
[2.779s] -- Set runtime path of "/home/yanji/robot_screwing/install/robot_msgs/lib/librobot_msgs__rosidl_typesupport_fastrtps_c.so" to ""
[2.779s] -- Up-to-date: /home/yanji/robot_screwing/install/robot_msgs/include/robot_msgs
[2.779s] -- Up-to-date: /home/yanji/robot_screwing/install/robot_msgs/include/robot_msgs/srv
[2.779s] -- Up-to-date: /home/yanji/robot_screwing/install/robot_msgs/include/robot_msgs/srv/detail
[2.779s] -- Up-to-date: /home/yanji/robot_screwing/install/robot_msgs/include/robot_msgs/srv/detail/dds_fastrtps
[2.779s] -- Installing: /home/yanji/robot_screwing/install/robot_msgs/include/robot_msgs/srv/detail/start_pose__rosidl_typesupport_fastrtps_cpp.hpp
[2.779s] -- Up-to-date: /home/yanji/robot_screwing/install/robot_msgs/include/robot_msgs/msg
[2.779s] -- Up-to-date: /home/yanji/robot_screwing/install/robot_msgs/include/robot_msgs/msg/detail
[2.779s] -- Installing: /home/yanji/robot_screwing/install/robot_msgs/include/robot_msgs/msg/detail/control_command__rosidl_typesupport_fastrtps_cpp.hpp
[2.779s] -- Up-to-date: /home/yanji/robot_screwing/install/robot_msgs/include/robot_msgs/msg/detail/dds_fastrtps
[2.779s] -- Installing: /home/yanji/robot_screwing/install/robot_msgs/include/robot_msgs/msg/detail/ft_pub__rosidl_typesupport_fastrtps_cpp.hpp
[2.779s] -- Installing: /home/yanji/robot_screwing/install/robot_msgs/include/robot_msgs/msg/detail/robot_status__rosidl_typesupport_fastrtps_cpp.hpp
[2.779s] -- Installing: /home/yanji/robot_screwing/install/robot_msgs/include/robot_msgs/msg/detail/ref_status__rosidl_typesupport_fastrtps_cpp.hpp
[2.779s] -- Up-to-date: /home/yanji/robot_screwing/install/robot_msgs/include/robot_msgs/msg/rosidl_typesupport_fastrtps_cpp__visibility_control.h
[2.779s] -- Installing: /home/yanji/robot_screwing/install/robot_msgs/lib/librobot_msgs__rosidl_typesupport_fastrtps_cpp.so
[2.779s] -- Set runtime path of "/home/yanji/robot_screwing/install/robot_msgs/lib/librobot_msgs__rosidl_typesupport_fastrtps_cpp.so" to ""
[2.779s] -- Up-to-date: /home/yanji/robot_screwing/install/robot_msgs/include/robot_msgs
[2.780s] -- Up-to-date: /home/yanji/robot_screwing/install/robot_msgs/include/robot_msgs/srv
[2.780s] -- Up-to-date: /home/yanji/robot_screwing/install/robot_msgs/include/robot_msgs/srv/detail
[2.780s] -- Installing: /home/yanji/robot_screwing/install/robot_msgs/include/robot_msgs/srv/detail/start_pose__type_support.c
[2.780s] -- Installing: /home/yanji/robot_screwing/install/robot_msgs/include/robot_msgs/srv/detail/start_pose__rosidl_typesupport_introspection_c.h
[2.780s] -- Up-to-date: /home/yanji/robot_screwing/install/robot_msgs/include/robot_msgs/msg
[2.780s] -- Up-to-date: /home/yanji/robot_screwing/install/robot_msgs/include/robot_msgs/msg/detail
[2.780s] -- Installing: /home/yanji/robot_screwing/install/robot_msgs/include/robot_msgs/msg/detail/ref_status__type_support.c
[2.780s] -- Installing: /home/yanji/robot_screwing/install/robot_msgs/include/robot_msgs/msg/detail/ref_status__rosidl_typesupport_introspection_c.h
[2.780s] -- Installing: /home/yanji/robot_screwing/install/robot_msgs/include/robot_msgs/msg/detail/robot_status__type_support.c
[2.780s] -- Installing: /home/yanji/robot_screwing/install/robot_msgs/include/robot_msgs/msg/detail/control_command__rosidl_typesupport_introspection_c.h
[2.780s] -- Installing: /home/yanji/robot_screwing/install/robot_msgs/include/robot_msgs/msg/detail/ft_pub__rosidl_typesupport_introspection_c.h
[2.780s] -- Installing: /home/yanji/robot_screwing/install/robot_msgs/include/robot_msgs/msg/detail/control_command__type_support.c
[2.780s] -- Installing: /home/yanji/robot_screwing/install/robot_msgs/include/robot_msgs/msg/detail/ft_pub__type_support.c
[2.780s] -- Installing: /home/yanji/robot_screwing/install/robot_msgs/include/robot_msgs/msg/detail/robot_status__rosidl_typesupport_introspection_c.h
[2.780s] -- Up-to-date: /home/yanji/robot_screwing/install/robot_msgs/include/robot_msgs/msg/rosidl_typesupport_introspection_c__visibility_control.h
[2.780s] -- Installing: /home/yanji/robot_screwing/install/robot_msgs/lib/librobot_msgs__rosidl_typesupport_introspection_c.so
[2.780s] -- Set runtime path of "/home/yanji/robot_screwing/install/robot_msgs/lib/librobot_msgs__rosidl_typesupport_introspection_c.so" to ""
[2.780s] -- Installing: /home/yanji/robot_screwing/install/robot_msgs/lib/librobot_msgs__rosidl_typesupport_c.so
[2.780s] -- Set runtime path of "/home/yanji/robot_screwing/install/robot_msgs/lib/librobot_msgs__rosidl_typesupport_c.so" to ""
[2.780s] -- Up-to-date: /home/yanji/robot_screwing/install/robot_msgs/include/robot_msgs
[2.781s] -- Up-to-date: /home/yanji/robot_screwing/install/robot_msgs/include/robot_msgs/srv
[2.781s] -- Up-to-date: /home/yanji/robot_screwing/install/robot_msgs/include/robot_msgs/srv/detail
[2.781s] -- Installing: /home/yanji/robot_screwing/install/robot_msgs/include/robot_msgs/srv/detail/start_pose__builder.hpp
[2.781s] -- Installing: /home/yanji/robot_screwing/install/robot_msgs/include/robot_msgs/srv/detail/start_pose__type_support.hpp
[2.781s] -- Installing: /home/yanji/robot_screwing/install/robot_msgs/include/robot_msgs/srv/detail/start_pose__traits.hpp
[2.781s] -- Installing: /home/yanji/robot_screwing/install/robot_msgs/include/robot_msgs/srv/detail/start_pose__struct.hpp
[2.781s] -- Installing: /home/yanji/robot_screwing/install/robot_msgs/include/robot_msgs/srv/start_pose.hpp
[2.781s] -- Up-to-date: /home/yanji/robot_screwing/install/robot_msgs/include/robot_msgs/msg
[2.781s] -- Up-to-date: /home/yanji/robot_screwing/install/robot_msgs/include/robot_msgs/msg/detail
[2.781s] -- Installing: /home/yanji/robot_screwing/install/robot_msgs/include/robot_msgs/msg/detail/ref_status__struct.hpp
[2.781s] -- Installing: /home/yanji/robot_screwing/install/robot_msgs/include/robot_msgs/msg/detail/ref_status__traits.hpp
[2.781s] -- Installing: /home/yanji/robot_screwing/install/robot_msgs/include/robot_msgs/msg/detail/ft_pub__builder.hpp
[2.781s] -- Installing: /home/yanji/robot_screwing/install/robot_msgs/include/robot_msgs/msg/detail/control_command__traits.hpp
[2.781s] -- Installing: /home/yanji/robot_screwing/install/robot_msgs/include/robot_msgs/msg/detail/ref_status__type_support.hpp
[2.781s] -- Installing: /home/yanji/robot_screwing/install/robot_msgs/include/robot_msgs/msg/detail/robot_status__type_support.hpp
[2.781s] -- Installing: /home/yanji/robot_screwing/install/robot_msgs/include/robot_msgs/msg/detail/robot_status__struct.hpp
[2.781s] -- Installing: /home/yanji/robot_screwing/install/robot_msgs/include/robot_msgs/msg/detail/ref_status__builder.hpp
[2.781s] -- Installing: /home/yanji/robot_screwing/install/robot_msgs/include/robot_msgs/msg/detail/control_command__type_support.hpp
[2.781s] -- Installing: /home/yanji/robot_screwing/install/robot_msgs/include/robot_msgs/msg/detail/ft_pub__struct.hpp
[2.781s] -- Installing: /home/yanji/robot_screwing/install/robot_msgs/include/robot_msgs/msg/detail/control_command__builder.hpp
[2.781s] -- Installing: /home/yanji/robot_screwing/install/robot_msgs/include/robot_msgs/msg/detail/ft_pub__traits.hpp
[2.781s] -- Installing: /home/yanji/robot_screwing/install/robot_msgs/include/robot_msgs/msg/detail/robot_status__traits.hpp
[2.781s] -- Installing: /home/yanji/robot_screwing/install/robot_msgs/include/robot_msgs/msg/detail/ft_pub__type_support.hpp
[2.781s] -- Installing: /home/yanji/robot_screwing/install/robot_msgs/include/robot_msgs/msg/detail/control_command__struct.hpp
[2.781s] -- Installing: /home/yanji/robot_screwing/install/robot_msgs/include/robot_msgs/msg/detail/robot_status__builder.hpp
[2.781s] -- Installing: /home/yanji/robot_screwing/install/robot_msgs/include/robot_msgs/msg/ref_status.hpp
[2.782s] -- Up-to-date: /home/yanji/robot_screwing/install/robot_msgs/include/robot_msgs/msg/rosidl_generator_cpp__visibility_control.hpp
[2.782s] -- Installing: /home/yanji/robot_screwing/install/robot_msgs/include/robot_msgs/msg/control_command.hpp
[2.782s] -- Installing: /home/yanji/robot_screwing/install/robot_msgs/include/robot_msgs/msg/ft_pub.hpp
[2.782s] -- Installing: /home/yanji/robot_screwing/install/robot_msgs/include/robot_msgs/msg/robot_status.hpp
[2.782s] -- Up-to-date: /home/yanji/robot_screwing/install/robot_msgs/include/robot_msgs
[2.782s] -- Up-to-date: /home/yanji/robot_screwing/install/robot_msgs/include/robot_msgs/srv
[2.782s] -- Up-to-date: /home/yanji/robot_screwing/install/robot_msgs/include/robot_msgs/srv/detail
[2.782s] -- Installing: /home/yanji/robot_screwing/install/robot_msgs/include/robot_msgs/srv/detail/start_pose__rosidl_typesupport_introspection_cpp.hpp
[2.782s] -- Installing: /home/yanji/robot_screwing/install/robot_msgs/include/robot_msgs/srv/detail/start_pose__type_support.cpp
[2.782s] -- Up-to-date: /home/yanji/robot_screwing/install/robot_msgs/include/robot_msgs/msg
[2.782s] -- Up-to-date: /home/yanji/robot_screwing/install/robot_msgs/include/robot_msgs/msg/detail
[2.782s] -- Installing: /home/yanji/robot_screwing/install/robot_msgs/include/robot_msgs/msg/detail/ft_pub__rosidl_typesupport_introspection_cpp.hpp
[2.782s] -- Installing: /home/yanji/robot_screwing/install/robot_msgs/include/robot_msgs/msg/detail/ft_pub__type_support.cpp
[2.782s] -- Installing: /home/yanji/robot_screwing/install/robot_msgs/include/robot_msgs/msg/detail/control_command__rosidl_typesupport_introspection_cpp.hpp
[2.782s] -- Installing: /home/yanji/robot_screwing/install/robot_msgs/include/robot_msgs/msg/detail/robot_status__type_support.cpp
[2.782s] -- Installing: /home/yanji/robot_screwing/install/robot_msgs/include/robot_msgs/msg/detail/ref_status__rosidl_typesupport_introspection_cpp.hpp
[2.782s] -- Installing: /home/yanji/robot_screwing/install/robot_msgs/include/robot_msgs/msg/detail/ref_status__type_support.cpp
[2.782s] -- Installing: /home/yanji/robot_screwing/install/robot_msgs/include/robot_msgs/msg/detail/control_command__type_support.cpp
[2.782s] -- Installing: /home/yanji/robot_screwing/install/robot_msgs/include/robot_msgs/msg/detail/robot_status__rosidl_typesupport_introspection_cpp.hpp
[2.782s] -- Installing: /home/yanji/robot_screwing/install/robot_msgs/lib/librobot_msgs__rosidl_typesupport_introspection_cpp.so
[2.782s] -- Set runtime path of "/home/yanji/robot_screwing/install/robot_msgs/lib/librobot_msgs__rosidl_typesupport_introspection_cpp.so" to ""
[2.783s] -- Installing: /home/yanji/robot_screwing/install/robot_msgs/lib/librobot_msgs__rosidl_typesupport_cpp.so
[2.783s] -- Set runtime path of "/home/yanji/robot_screwing/install/robot_msgs/lib/librobot_msgs__rosidl_typesupport_cpp.so" to ""
[2.783s] -- Up-to-date: /home/yanji/robot_screwing/install/robot_msgs/share/robot_msgs/environment/pythonpath.sh
[2.783s] -- Installing: /home/yanji/robot_screwing/install/robot_msgs/share/robot_msgs/environment/pythonpath.dsv
[2.783s] -- Installing: /home/yanji/robot_screwing/install/robot_msgs/lib/python3.8/site-packages/robot_msgs/__init__.py
[2.797s] Compiling '/home/yanji/robot_screwing/install/robot_msgs/lib/python3.8/site-packages/robot_msgs/__init__.py'...
[2.799s] -- Up-to-date: /home/yanji/robot_screwing/install/robot_msgs/lib/python3.8/site-packages/robot_msgs/msg
[2.799s] -- Installing: /home/yanji/robot_screwing/install/robot_msgs/lib/python3.8/site-packages/robot_msgs/msg/_robot_status_s.c
[2.800s] -- Installing: /home/yanji/robot_screwing/install/robot_msgs/lib/python3.8/site-packages/robot_msgs/msg/__init__.py
[2.800s] -- Installing: /home/yanji/robot_screwing/install/robot_msgs/lib/python3.8/site-packages/robot_msgs/msg/_control_command.py
[2.800s] -- Installing: /home/yanji/robot_screwing/install/robot_msgs/lib/python3.8/site-packages/robot_msgs/msg/_ref_status.py
[2.800s] -- Installing: /home/yanji/robot_screwing/install/robot_msgs/lib/python3.8/site-packages/robot_msgs/msg/_robot_status.py
[2.800s] -- Installing: /home/yanji/robot_screwing/install/robot_msgs/lib/python3.8/site-packages/robot_msgs/msg/_ft_pub_s.c
[2.800s] -- Installing: /home/yanji/robot_screwing/install/robot_msgs/lib/python3.8/site-packages/robot_msgs/msg/_ref_status_s.c
[2.800s] -- Installing: /home/yanji/robot_screwing/install/robot_msgs/lib/python3.8/site-packages/robot_msgs/msg/_control_command_s.c
[2.800s] -- Installing: /home/yanji/robot_screwing/install/robot_msgs/lib/python3.8/site-packages/robot_msgs/msg/_ft_pub.py
[2.800s] -- Up-to-date: /home/yanji/robot_screwing/install/robot_msgs/lib/python3.8/site-packages/robot_msgs/srv
[2.800s] -- Installing: /home/yanji/robot_screwing/install/robot_msgs/lib/python3.8/site-packages/robot_msgs/srv/__init__.py
[2.800s] -- Installing: /home/yanji/robot_screwing/install/robot_msgs/lib/python3.8/site-packages/robot_msgs/srv/_start_pose_s.c
[2.800s] -- Installing: /home/yanji/robot_screwing/install/robot_msgs/lib/python3.8/site-packages/robot_msgs/srv/_start_pose.py
[2.800s] -- Installing: /home/yanji/robot_screwing/install/robot_msgs/lib/python3.8/site-packages/robot_msgs/robot_msgs_s__rosidl_typesupport_fastrtps_c.cpython-38-x86_64-linux-gnu.so
[2.800s] -- Set runtime path of "/home/yanji/robot_screwing/install/robot_msgs/lib/python3.8/site-packages/robot_msgs/robot_msgs_s__rosidl_typesupport_fastrtps_c.cpython-38-x86_64-linux-gnu.so" to ""
[2.801s] -- Installing: /home/yanji/robot_screwing/install/robot_msgs/lib/python3.8/site-packages/robot_msgs/robot_msgs_s__rosidl_typesupport_introspection_c.cpython-38-x86_64-linux-gnu.so
[2.801s] -- Set runtime path of "/home/yanji/robot_screwing/install/robot_msgs/lib/python3.8/site-packages/robot_msgs/robot_msgs_s__rosidl_typesupport_introspection_c.cpython-38-x86_64-linux-gnu.so" to ""
[2.801s] -- Installing: /home/yanji/robot_screwing/install/robot_msgs/lib/python3.8/site-packages/robot_msgs/robot_msgs_s__rosidl_typesupport_c.cpython-38-x86_64-linux-gnu.so
[2.801s] -- Set runtime path of "/home/yanji/robot_screwing/install/robot_msgs/lib/python3.8/site-packages/robot_msgs/robot_msgs_s__rosidl_typesupport_c.cpython-38-x86_64-linux-gnu.so" to ""
[2.801s] -- Installing: /home/yanji/robot_screwing/install/robot_msgs/lib/librobot_msgs__python.so
[2.801s] -- Set runtime path of "/home/yanji/robot_screwing/install/robot_msgs/lib/librobot_msgs__python.so" to ""
[2.802s] -- Up-to-date: /home/yanji/robot_screwing/install/robot_msgs/share/robot_msgs/msg/FtPub.idl
[2.802s] -- Up-to-date: /home/yanji/robot_screwing/install/robot_msgs/share/robot_msgs/msg/RobotStatus.idl
[2.802s] -- Up-to-date: /home/yanji/robot_screwing/install/robot_msgs/share/robot_msgs/msg/ControlCommand.idl
[2.802s] -- Installing: /home/yanji/robot_screwing/install/robot_msgs/share/robot_msgs/msg/RefStatus.idl
[2.802s] -- Up-to-date: /home/yanji/robot_screwing/install/robot_msgs/share/robot_msgs/srv/StartPose.idl
[2.802s] -- Up-to-date: /home/yanji/robot_screwing/install/robot_msgs/share/robot_msgs/msg/FtPub.msg
[2.802s] -- Up-to-date: /home/yanji/robot_screwing/install/robot_msgs/share/robot_msgs/msg/RobotStatus.msg
[2.802s] -- Up-to-date: /home/yanji/robot_screwing/install/robot_msgs/share/robot_msgs/msg/ControlCommand.msg
[2.802s] -- Installing: /home/yanji/robot_screwing/install/robot_msgs/share/robot_msgs/msg/RefStatus.msg
[2.802s] -- Up-to-date: /home/yanji/robot_screwing/install/robot_msgs/share/robot_msgs/srv/StartPose.srv
[2.802s] -- Up-to-date: /home/yanji/robot_screwing/install/robot_msgs/share/robot_msgs/srv/StartPose_Request.msg
[2.802s] -- Up-to-date: /home/yanji/robot_screwing/install/robot_msgs/share/robot_msgs/srv/StartPose_Response.msg
[2.802s] -- Up-to-date: /home/yanji/robot_screwing/install/robot_msgs/share/ament_index/resource_index/package_run_dependencies/robot_msgs
[2.802s] -- Up-to-date: /home/yanji/robot_screwing/install/robot_msgs/share/ament_index/resource_index/parent_prefix_path/robot_msgs
[2.802s] -- Up-to-date: /home/yanji/robot_screwing/install/robot_msgs/share/robot_msgs/environment/ament_prefix_path.sh
[2.802s] -- Installing: /home/yanji/robot_screwing/install/robot_msgs/share/robot_msgs/environment/ament_prefix_path.dsv
[2.802s] -- Up-to-date: /home/yanji/robot_screwing/install/robot_msgs/share/robot_msgs/environment/path.sh
[2.802s] -- Installing: /home/yanji/robot_screwing/install/robot_msgs/share/robot_msgs/environment/path.dsv
[2.802s] -- Up-to-date: /home/yanji/robot_screwing/install/robot_msgs/share/robot_msgs/local_setup.bash
[2.802s] -- Up-to-date: /home/yanji/robot_screwing/install/robot_msgs/share/robot_msgs/local_setup.sh
[2.802s] -- Up-to-date: /home/yanji/robot_screwing/install/robot_msgs/share/robot_msgs/local_setup.zsh
[2.802s] -- Installing: /home/yanji/robot_screwing/install/robot_msgs/share/robot_msgs/local_setup.dsv
[2.802s] -- Installing: /home/yanji/robot_screwing/install/robot_msgs/share/robot_msgs/package.dsv
[2.802s] -- Up-to-date: /home/yanji/robot_screwing/install/robot_msgs/share/ament_index/resource_index/packages/robot_msgs
[2.802s] -- Up-to-date: /home/yanji/robot_screwing/install/robot_msgs/share/robot_msgs/cmake/robot_msgs__rosidl_generator_cExport.cmake
[2.803s] -- Installing: /home/yanji/robot_screwing/install/robot_msgs/share/robot_msgs/cmake/robot_msgs__rosidl_generator_cExport-noconfig.cmake
[2.803s] -- Up-to-date: /home/yanji/robot_screwing/install/robot_msgs/share/robot_msgs/cmake/robot_msgs__rosidl_typesupport_introspection_cExport.cmake
[2.803s] -- Installing: /home/yanji/robot_screwing/install/robot_msgs/share/robot_msgs/cmake/robot_msgs__rosidl_typesupport_introspection_cExport-noconfig.cmake
[2.803s] -- Up-to-date: /home/yanji/robot_screwing/install/robot_msgs/share/robot_msgs/cmake/robot_msgs__rosidl_typesupport_cExport.cmake
[2.803s] -- Installing: /home/yanji/robot_screwing/install/robot_msgs/share/robot_msgs/cmake/robot_msgs__rosidl_typesupport_cExport-noconfig.cmake
[2.803s] -- Up-to-date: /home/yanji/robot_screwing/install/robot_msgs/share/robot_msgs/cmake/robot_msgs__rosidl_generator_cppExport.cmake
[2.803s] -- Up-to-date: /home/yanji/robot_screwing/install/robot_msgs/share/robot_msgs/cmake/robot_msgs__rosidl_typesupport_introspection_cppExport.cmake
[2.803s] -- Installing: /home/yanji/robot_screwing/install/robot_msgs/share/robot_msgs/cmake/robot_msgs__rosidl_typesupport_introspection_cppExport-noconfig.cmake
[2.803s] -- Up-to-date: /home/yanji/robot_screwing/install/robot_msgs/share/robot_msgs/cmake/robot_msgs__rosidl_typesupport_cppExport.cmake
[2.803s] -- Installing: /home/yanji/robot_screwing/install/robot_msgs/share/robot_msgs/cmake/robot_msgs__rosidl_typesupport_cppExport-noconfig.cmake
[2.803s] -- Up-to-date: /home/yanji/robot_screwing/install/robot_msgs/share/robot_msgs/cmake/rosidl_cmake-extras.cmake
[2.803s] -- Up-to-date: /home/yanji/robot_screwing/install/robot_msgs/share/robot_msgs/cmake/ament_cmake_export_dependencies-extras.cmake
[2.803s] -- Up-to-date: /home/yanji/robot_screwing/install/robot_msgs/share/robot_msgs/cmake/ament_cmake_export_libraries-extras.cmake
[2.803s] -- Up-to-date: /home/yanji/robot_screwing/install/robot_msgs/share/robot_msgs/cmake/ament_cmake_export_targets-extras.cmake
[2.803s] -- Up-to-date: /home/yanji/robot_screwing/install/robot_msgs/share/robot_msgs/cmake/ament_cmake_export_include_directories-extras.cmake
[2.803s] -- Up-to-date: /home/yanji/robot_screwing/install/robot_msgs/share/robot_msgs/cmake/rosidl_cmake_export_typesupport_libraries-extras.cmake
[2.803s] -- Up-to-date: /home/yanji/robot_screwing/install/robot_msgs/share/robot_msgs/cmake/rosidl_cmake_export_typesupport_targets-extras.cmake
[2.803s] -- Up-to-date: /home/yanji/robot_screwing/install/robot_msgs/share/robot_msgs/cmake/robot_msgsConfig.cmake
[2.804s] -- Up-to-date: /home/yanji/robot_screwing/install/robot_msgs/share/robot_msgs/cmake/robot_msgsConfig-version.cmake
[2.804s] -- Up-to-date: /home/yanji/robot_screwing/install/robot_msgs/share/robot_msgs/package.xml
[2.805s] Invoked command in '/home/yanji/robot_screwing/build/robot_msgs' returned '0': CMAKE_PREFIX_PATH=${CMAKE_PREFIX_PATH}:/home/yanji/robot_screwing/install/real_robot:/home/yanji/robot_screwing/install/mj_sim:/opt/ros/foxy CONDA_PROMPT_MODIFIER=(screwrobot) /usr/bin/cmake --install /home/yanji/robot_screwing/build/robot_msgs
