running egg_info
creating ../../build/real_robot/real_robot.egg-info
writing ../../build/real_robot/real_robot.egg-info/PKG-INFO
writing dependency_links to ../../build/real_robot/real_robot.egg-info/dependency_links.txt
writing entry points to ../../build/real_robot/real_robot.egg-info/entry_points.txt
writing requirements to ../../build/real_robot/real_robot.egg-info/requires.txt
writing top-level names to ../../build/real_robot/real_robot.egg-info/top_level.txt
writing manifest file '../../build/real_robot/real_robot.egg-info/SOURCES.txt'
reading manifest file '../../build/real_robot/real_robot.egg-info/SOURCES.txt'
writing manifest file '../../build/real_robot/real_robot.egg-info/SOURCES.txt'
running build
running build_py
creating /home/yanji/robot_screwing/build/real_robot/build
creating /home/yanji/robot_screwing/build/real_robot/build/lib
creating /home/yanji/robot_screwing/build/real_robot/build/lib/real_robot
copying real_robot/__init__.py -> /home/yanji/robot_screwing/build/real_robot/build/lib/real_robot
running install
running install_lib
creating /home/yanji/robot_screwing/install/real_robot/lib/python3.8/site-packages/real_robot
copying /home/yanji/robot_screwing/build/real_robot/build/lib/real_robot/__init__.py -> /home/yanji/robot_screwing/install/real_robot/lib/python3.8/site-packages/real_robot
byte-compiling /home/yanji/robot_screwing/install/real_robot/lib/python3.8/site-packages/real_robot/__init__.py to __init__.cpython-38.pyc
running install_data
creating /home/yanji/robot_screwing/install/real_robot/share/ament_index
creating /home/yanji/robot_screwing/install/real_robot/share/ament_index/resource_index
creating /home/yanji/robot_screwing/install/real_robot/share/ament_index/resource_index/packages
copying resource/real_robot -> /home/yanji/robot_screwing/install/real_robot/share/ament_index/resource_index/packages
copying package.xml -> /home/yanji/robot_screwing/install/real_robot/share/real_robot
running install_egg_info
Copying ../../build/real_robot/real_robot.egg-info to /home/yanji/robot_screwing/install/real_robot/lib/python3.8/site-packages/real_robot-0.0.0-py3.8.egg-info
running install_scripts
writing list of installed files to '/home/yanji/robot_screwing/build/real_robot/install.log'
