[0.225s] Invoking command in '/home/yanji/robot_screwing/build/robot_msgs': CMAKE_PREFIX_PATH=${CMAKE_PREFIX_PATH}:/home/yanji/robot_screwing/install/real_robot:/home/yanji/robot_screwing/install/mj_sim:/opt/ros/foxy CONDA_PROMPT_MODIFIER=(screwrobot) /usr/bin/cmake --build /home/yanji/robot_screwing/build/robot_msgs -- -j24 -l24
[0.237s] -- Found ament_cmake: 0.9.12 (/opt/ros/foxy/share/ament_cmake/cmake)
[0.248s] -- Found PythonInterp: /home/yanji/anaconda3/envs/screwrobot/bin/python3 (found suitable version "3.8.20", minimum required is "3") 
[0.248s] -- Using PYTHON_EXECUTABLE: /home/yanji/anaconda3/envs/screwrobot/bin/python3
[0.315s] -- Found rosidl_default_generators: 1.0.1 (/opt/ros/foxy/share/rosidl_default_generators/cmake)
[0.316s] -- Using all available rosidl_typesupport_c: rosidl_typesupport_fastrtps_c;rosidl_typesupport_introspection_c
[0.317s] -- Found rosidl_adapter: 1.3.1 (/opt/ros/foxy/share/rosidl_adapter/cmake)
[0.389s] -- Using all available rosidl_typesupport_cpp: rosidl_typesupport_fastrtps_cpp;rosidl_typesupport_introspection_cpp
[0.400s] -- Found rclpy: 1.0.13 (/opt/ros/foxy/share/rclpy/cmake)
[0.400s] -- Found std_msgs: 2.0.5 (/opt/ros/foxy/share/std_msgs/cmake)
[0.425s] -- Found PythonInterp: /home/yanji/anaconda3/envs/screwrobot/bin/python3 (found version "3.8.20") 
[0.513s] -- Found ament_cmake_ros: 0.9.2 (/opt/ros/foxy/share/ament_cmake_ros/cmake)
[0.599s] -- Using all available rosidl_typesupport_c: rosidl_typesupport_fastrtps_c;rosidl_typesupport_introspection_c
[0.627s] -- Using all available rosidl_typesupport_cpp: rosidl_typesupport_fastrtps_cpp;rosidl_typesupport_introspection_cpp
[0.640s] -- Found PythonInterp: /home/yanji/anaconda3/envs/screwrobot/bin/python3 (found suitable version "3.8.20", minimum required is "3.5") 
[0.641s] -- Found python_cmake_module: 0.8.1 (/opt/ros/foxy/share/python_cmake_module/cmake)
[0.653s] -- Using PYTHON_EXECUTABLE: /home/yanji/anaconda3/envs/screwrobot/bin/python3
[0.653s] -- Using PYTHON_INCLUDE_DIRS: /usr/include/python3.8
[0.653s] -- Using PYTHON_LIBRARIES: /home/yanji/anaconda3/envs/screwrobot/lib/libpython3.8.so
[0.669s] -- Found ament_lint_auto: 0.9.8 (/opt/ros/foxy/share/ament_lint_auto/cmake)
[0.673s] -- Added test 'copyright' to check source files copyright and LICENSE
[0.674s] -- Added test 'lint_cmake' to check CMake code style
[0.674s] -- Added test 'xmllint' to check XML markup files
[0.676s] -- Configuring done
[0.699s] -- Generating done
[0.706s] -- Build files have been written to: /home/yanji/robot_screwing/build/robot_msgs
[0.717s] [  1%] [34m[1mGenerating C code for ROS interfaces[0m
[0.721s] [  3%] [34m[1mGenerating C++ code for ROS interfaces[0m
[0.985s] [  3%] Built target robot_msgs__cpp
[0.990s] [  4%] [34m[1mGenerating C++ type support dispatch for ROS interfaces[0m
[0.990s] [  6%] [34m[1mGenerating C++ type support for eProsima Fast-RTPS[0m
[0.991s] [  7%] [34m[1mGenerating C++ introspection for ROS interfaces[0m
[0.999s] [35m[1mScanning dependencies of target robot_msgs__rosidl_generator_c[0m
[1.005s] [ 11%] [32mBuilding C object CMakeFiles/robot_msgs__rosidl_generator_c.dir/rosidl_generator_c/robot_msgs/msg/detail/robot_status__functions.c.o[0m
[1.005s] [ 11%] [32mBuilding C object CMakeFiles/robot_msgs__rosidl_generator_c.dir/rosidl_generator_c/robot_msgs/msg/detail/ft_pub__functions.c.o[0m
[1.006s] [ 12%] [32mBuilding C object CMakeFiles/robot_msgs__rosidl_generator_c.dir/rosidl_generator_c/robot_msgs/srv/detail/start_pose__functions.c.o[0m
[1.006s] [ 14%] [32mBuilding C object CMakeFiles/robot_msgs__rosidl_generator_c.dir/rosidl_generator_c/robot_msgs/msg/detail/control_command__functions.c.o[0m
[1.007s] [ 15%] [32mBuilding C object CMakeFiles/robot_msgs__rosidl_generator_c.dir/rosidl_generator_c/robot_msgs/msg/detail/ref_status__functions.c.o[0m
[1.035s] [ 17%] [32m[1mLinking C shared library librobot_msgs__rosidl_generator_c.so[0m
[1.051s] [ 17%] Built target robot_msgs__rosidl_generator_c
[1.055s] [ 20%] [34m[1mGenerating C introspection for ROS interfaces[0m
[1.055s] [ 20%] [34m[1mGenerating C type support dispatch for ROS interfaces[0m
[1.210s] [35m[1mScanning dependencies of target robot_msgs__rosidl_typesupport_cpp[0m
[1.216s] [ 23%] [32mBuilding CXX object CMakeFiles/robot_msgs__rosidl_typesupport_cpp.dir/rosidl_typesupport_cpp/robot_msgs/msg/ft_pub__type_support.cpp.o[0m
[1.216s] [ 23%] [32mBuilding CXX object CMakeFiles/robot_msgs__rosidl_typesupport_cpp.dir/rosidl_typesupport_cpp/robot_msgs/msg/robot_status__type_support.cpp.o[0m
[1.216s] [ 25%] [32mBuilding CXX object CMakeFiles/robot_msgs__rosidl_typesupport_cpp.dir/rosidl_typesupport_cpp/robot_msgs/srv/start_pose__type_support.cpp.o[0m
[1.218s] [ 28%] [32mBuilding CXX object CMakeFiles/robot_msgs__rosidl_typesupport_cpp.dir/rosidl_typesupport_cpp/robot_msgs/msg/control_command__type_support.cpp.o[0m
[1.218s] [ 28%] [32mBuilding CXX object CMakeFiles/robot_msgs__rosidl_typesupport_cpp.dir/rosidl_typesupport_cpp/robot_msgs/msg/ref_status__type_support.cpp.o[0m
[1.224s] [35m[1mScanning dependencies of target robot_msgs__rosidl_typesupport_introspection_cpp[0m
[1.230s] [ 30%] [32mBuilding CXX object CMakeFiles/robot_msgs__rosidl_typesupport_introspection_cpp.dir/rosidl_typesupport_introspection_cpp/robot_msgs/msg/detail/ft_pub__type_support.cpp.o[0m
[1.231s] [ 31%] [32mBuilding CXX object CMakeFiles/robot_msgs__rosidl_typesupport_introspection_cpp.dir/rosidl_typesupport_introspection_cpp/robot_msgs/msg/detail/control_command__type_support.cpp.o[0m
[1.231s] [ 33%] [32mBuilding CXX object CMakeFiles/robot_msgs__rosidl_typesupport_introspection_cpp.dir/rosidl_typesupport_introspection_cpp/robot_msgs/msg/detail/robot_status__type_support.cpp.o[0m
[1.232s] [ 34%] [32mBuilding CXX object CMakeFiles/robot_msgs__rosidl_typesupport_introspection_cpp.dir/rosidl_typesupport_introspection_cpp/robot_msgs/msg/detail/ref_status__type_support.cpp.o[0m
[1.233s] [ 36%] [32mBuilding CXX object CMakeFiles/robot_msgs__rosidl_typesupport_introspection_cpp.dir/rosidl_typesupport_introspection_cpp/robot_msgs/srv/detail/start_pose__type_support.cpp.o[0m
[1.249s] [35m[1mScanning dependencies of target robot_msgs__rosidl_typesupport_fastrtps_cpp[0m
[1.257s] [ 38%] [32mBuilding CXX object CMakeFiles/robot_msgs__rosidl_typesupport_fastrtps_cpp.dir/rosidl_typesupport_fastrtps_cpp/robot_msgs/msg/detail/dds_fastrtps/ft_pub__type_support.cpp.o[0m
[1.257s] [ 39%] [32mBuilding CXX object CMakeFiles/robot_msgs__rosidl_typesupport_fastrtps_cpp.dir/rosidl_typesupport_fastrtps_cpp/robot_msgs/msg/detail/dds_fastrtps/robot_status__type_support.cpp.o[0m
[1.257s] [ 41%] [32mBuilding CXX object CMakeFiles/robot_msgs__rosidl_typesupport_fastrtps_cpp.dir/rosidl_typesupport_fastrtps_cpp/robot_msgs/msg/detail/dds_fastrtps/control_command__type_support.cpp.o[0m
[1.258s] [ 42%] [32mBuilding CXX object CMakeFiles/robot_msgs__rosidl_typesupport_fastrtps_cpp.dir/rosidl_typesupport_fastrtps_cpp/robot_msgs/srv/detail/dds_fastrtps/start_pose__type_support.cpp.o[0m
[1.258s] [ 44%] [32mBuilding CXX object CMakeFiles/robot_msgs__rosidl_typesupport_fastrtps_cpp.dir/rosidl_typesupport_fastrtps_cpp/robot_msgs/msg/detail/dds_fastrtps/ref_status__type_support.cpp.o[0m
[1.290s] [35m[1mScanning dependencies of target robot_msgs__rosidl_typesupport_c[0m
[1.298s] [ 46%] [32mBuilding CXX object CMakeFiles/robot_msgs__rosidl_typesupport_c.dir/rosidl_typesupport_c/robot_msgs/msg/ft_pub__type_support.cpp.o[0m
[1.298s] [ 47%] [32mBuilding CXX object CMakeFiles/robot_msgs__rosidl_typesupport_c.dir/rosidl_typesupport_c/robot_msgs/msg/ref_status__type_support.cpp.o[0m
[1.298s] [ 49%] [32mBuilding CXX object CMakeFiles/robot_msgs__rosidl_typesupport_c.dir/rosidl_typesupport_c/robot_msgs/msg/robot_status__type_support.cpp.o[0m
[1.298s] [ 50%] [32mBuilding CXX object CMakeFiles/robot_msgs__rosidl_typesupport_c.dir/rosidl_typesupport_c/robot_msgs/msg/control_command__type_support.cpp.o[0m
[1.299s] [ 52%] [32mBuilding CXX object CMakeFiles/robot_msgs__rosidl_typesupport_c.dir/rosidl_typesupport_c/robot_msgs/srv/start_pose__type_support.cpp.o[0m
[1.303s] [35m[1mScanning dependencies of target robot_msgs__rosidl_typesupport_introspection_c[0m
[1.310s] [ 55%] [32mBuilding C object CMakeFiles/robot_msgs__rosidl_typesupport_introspection_c.dir/rosidl_typesupport_introspection_c/robot_msgs/msg/detail/robot_status__type_support.c.o[0m
[1.311s] [ 55%] [32mBuilding C object CMakeFiles/robot_msgs__rosidl_typesupport_introspection_c.dir/rosidl_typesupport_introspection_c/robot_msgs/msg/detail/ft_pub__type_support.c.o[0m
[1.312s] [ 57%] [32mBuilding C object CMakeFiles/robot_msgs__rosidl_typesupport_introspection_c.dir/rosidl_typesupport_introspection_c/robot_msgs/srv/detail/start_pose__type_support.c.o[0m
[1.312s] [ 58%] [32mBuilding C object CMakeFiles/robot_msgs__rosidl_typesupport_introspection_c.dir/rosidl_typesupport_introspection_c/robot_msgs/msg/detail/control_command__type_support.c.o[0m
[1.312s] [ 60%] [32mBuilding C object CMakeFiles/robot_msgs__rosidl_typesupport_introspection_c.dir/rosidl_typesupport_introspection_c/robot_msgs/msg/detail/ref_status__type_support.c.o[0m
[1.319s] [ 61%] [32m[1mLinking CXX shared library librobot_msgs__rosidl_typesupport_c.so[0m
[1.332s] [ 63%] [32m[1mLinking C shared library librobot_msgs__rosidl_typesupport_introspection_c.so[0m
[1.338s] [ 63%] Built target robot_msgs__rosidl_typesupport_c
[1.346s] [ 63%] Built target robot_msgs__rosidl_typesupport_introspection_c
[1.372s] [ 65%] [32m[1mLinking CXX shared library librobot_msgs__rosidl_typesupport_cpp.so[0m
[1.391s] [ 65%] Built target robot_msgs__rosidl_typesupport_cpp
[1.411s] [ 66%] [32m[1mLinking CXX shared library librobot_msgs__rosidl_typesupport_introspection_cpp.so[0m
[1.446s] [ 66%] Built target robot_msgs__rosidl_typesupport_introspection_cpp
[1.483s] [ 68%] [32m[1mLinking CXX shared library librobot_msgs__rosidl_typesupport_fastrtps_cpp.so[0m
[1.523s] [ 68%] Built target robot_msgs__rosidl_typesupport_fastrtps_cpp
[1.528s] [ 69%] [34m[1mGenerating C type support for eProsima Fast-RTPS[0m
[1.781s] [35m[1mScanning dependencies of target robot_msgs__rosidl_typesupport_fastrtps_c[0m
[1.789s] [ 71%] [32mBuilding CXX object CMakeFiles/robot_msgs__rosidl_typesupport_fastrtps_c.dir/rosidl_typesupport_fastrtps_c/robot_msgs/msg/detail/ft_pub__type_support_c.cpp.o[0m
[1.789s] [ 73%] [32mBuilding CXX object CMakeFiles/robot_msgs__rosidl_typesupport_fastrtps_c.dir/rosidl_typesupport_fastrtps_c/robot_msgs/msg/detail/control_command__type_support_c.cpp.o[0m
[1.790s] [ 74%] [32mBuilding CXX object CMakeFiles/robot_msgs__rosidl_typesupport_fastrtps_c.dir/rosidl_typesupport_fastrtps_c/robot_msgs/msg/detail/robot_status__type_support_c.cpp.o[0m
[1.790s] [ 76%] [32mBuilding CXX object CMakeFiles/robot_msgs__rosidl_typesupport_fastrtps_c.dir/rosidl_typesupport_fastrtps_c/robot_msgs/srv/detail/start_pose__type_support_c.cpp.o[0m
[1.790s] [ 77%] [32mBuilding CXX object CMakeFiles/robot_msgs__rosidl_typesupport_fastrtps_c.dir/rosidl_typesupport_fastrtps_c/robot_msgs/msg/detail/ref_status__type_support_c.cpp.o[0m
[1.976s] [ 79%] [32m[1mLinking CXX shared library librobot_msgs__rosidl_typesupport_fastrtps_c.so[0m
[2.017s] [ 79%] Built target robot_msgs__rosidl_typesupport_fastrtps_c
[2.025s] [ 79%] Built target robot_msgs
[2.033s] [ 80%] [34m[1mGenerating Python code for ROS interfaces[0m
[2.549s] [ 80%] Built target robot_msgs__py
[2.554s] [35m[1mScanning dependencies of target robot_msgs__python[0m
[2.564s] [ 84%] [32mBuilding C object CMakeFiles/robot_msgs__python.dir/rosidl_generator_py/robot_msgs/msg/_robot_status_s.c.o[0m
[2.564s] [ 84%] [32mBuilding C object CMakeFiles/robot_msgs__python.dir/rosidl_generator_py/robot_msgs/msg/_ft_pub_s.c.o[0m
[2.564s] [ 85%] [32mBuilding C object CMakeFiles/robot_msgs__python.dir/rosidl_generator_py/robot_msgs/msg/_control_command_s.c.o[0m
[2.564s] [ 87%] [32mBuilding C object CMakeFiles/robot_msgs__python.dir/rosidl_generator_py/robot_msgs/msg/_ref_status_s.c.o[0m
[2.564s] [ 88%] [32mBuilding C object CMakeFiles/robot_msgs__python.dir/rosidl_generator_py/robot_msgs/srv/_start_pose_s.c.o[0m
[2.630s] [ 90%] [32m[1mLinking C shared library rosidl_generator_py/robot_msgs/librobot_msgs__python.so[0m
[2.650s] [ 90%] Built target robot_msgs__python
[2.654s] [35m[1mScanning dependencies of target robot_msgs__rosidl_typesupport_c__pyext[0m
[2.654s] [35m[1mScanning dependencies of target robot_msgs__rosidl_typesupport_fastrtps_c__pyext[0m
[2.654s] [35m[1mScanning dependencies of target robot_msgs__rosidl_typesupport_introspection_c__pyext[0m
[2.661s] [ 92%] [32mBuilding C object CMakeFiles/robot_msgs__rosidl_typesupport_c__pyext.dir/rosidl_generator_py/robot_msgs/_robot_msgs_s.ep.rosidl_typesupport_c.c.o[0m
[2.662s] [ 93%] [32mBuilding C object CMakeFiles/robot_msgs__rosidl_typesupport_fastrtps_c__pyext.dir/rosidl_generator_py/robot_msgs/_robot_msgs_s.ep.rosidl_typesupport_fastrtps_c.c.o[0m
[2.662s] [ 95%] [32mBuilding C object CMakeFiles/robot_msgs__rosidl_typesupport_introspection_c__pyext.dir/rosidl_generator_py/robot_msgs/_robot_msgs_s.ep.rosidl_typesupport_introspection_c.c.o[0m
[2.728s] [ 98%] [32m[1mLinking C shared library rosidl_generator_py/robot_msgs/robot_msgs_s__rosidl_typesupport_introspection_c.cpython-38-x86_64-linux-gnu.so[0m
[2.728s] [ 98%] [32m[1mLinking C shared library rosidl_generator_py/robot_msgs/robot_msgs_s__rosidl_typesupport_c.cpython-38-x86_64-linux-gnu.so[0m
[2.728s] [100%] [32m[1mLinking CXX shared library rosidl_generator_py/robot_msgs/robot_msgs_s__rosidl_typesupport_fastrtps_c.cpython-38-x86_64-linux-gnu.so[0m
[2.745s] [100%] Built target robot_msgs__rosidl_typesupport_introspection_c__pyext
[2.745s] [100%] Built target robot_msgs__rosidl_typesupport_c__pyext
[2.758s] [100%] Built target robot_msgs__rosidl_typesupport_fastrtps_c__pyext
[2.763s] Invoked command in '/home/yanji/robot_screwing/build/robot_msgs' returned '0': CMAKE_PREFIX_PATH=${CMAKE_PREFIX_PATH}:/home/yanji/robot_screwing/install/real_robot:/home/yanji/robot_screwing/install/mj_sim:/opt/ros/foxy CONDA_PROMPT_MODIFIER=(screwrobot) /usr/bin/cmake --build /home/yanji/robot_screwing/build/robot_msgs -- -j24 -l24
[2.768s] Invoking command in '/home/yanji/robot_screwing/build/robot_msgs': CMAKE_PREFIX_PATH=${CMAKE_PREFIX_PATH}:/home/yanji/robot_screwing/install/real_robot:/home/yanji/robot_screwing/install/mj_sim:/opt/ros/foxy CONDA_PROMPT_MODIFIER=(screwrobot) /usr/bin/cmake --install /home/yanji/robot_screwing/build/robot_msgs
[2.772s] -- Install configuration: ""
[2.772s] -- Up-to-date: /home/yanji/robot_screwing/install/robot_msgs/share/ament_index/resource_index/rosidl_interfaces/robot_msgs
[2.772s] -- Up-to-date: /home/yanji/robot_screwing/install/robot_msgs/include/robot_msgs
[2.772s] -- Up-to-date: /home/yanji/robot_screwing/install/robot_msgs/include/robot_msgs/srv
[2.772s] -- Up-to-date: /home/yanji/robot_screwing/install/robot_msgs/include/robot_msgs/srv/detail
[2.772s] -- Installing: /home/yanji/robot_screwing/install/robot_msgs/include/robot_msgs/srv/detail/start_pose__type_support.h
[2.772s] -- Installing: /home/yanji/robot_screwing/install/robot_msgs/include/robot_msgs/srv/detail/start_pose__functions.h
[2.772s] -- Installing: /home/yanji/robot_screwing/install/robot_msgs/include/robot_msgs/srv/detail/start_pose__struct.h
[2.772s] -- Installing: /home/yanji/robot_screwing/install/robot_msgs/include/robot_msgs/srv/detail/start_pose__functions.c
[2.772s] -- Installing: /home/yanji/robot_screwing/install/robot_msgs/include/robot_msgs/srv/start_pose.h
[2.772s] -- Up-to-date: /home/yanji/robot_screwing/install/robot_msgs/include/robot_msgs/msg
[2.772s] -- Up-to-date: /home/yanji/robot_screwing/install/robot_msgs/include/robot_msgs/msg/detail
[2.772s] -- Installing: /home/yanji/robot_screwing/install/robot_msgs/include/robot_msgs/msg/detail/robot_status__functions.h
[2.772s] -- Installing: /home/yanji/robot_screwing/install/robot_msgs/include/robot_msgs/msg/detail/ft_pub__functions.h
[2.772s] -- Installing: /home/yanji/robot_screwing/install/robot_msgs/include/robot_msgs/msg/detail/ref_status__functions.h
[2.772s] -- Installing: /home/yanji/robot_screwing/install/robot_msgs/include/robot_msgs/msg/detail/control_command__type_support.h
[2.772s] -- Installing: /home/yanji/robot_screwing/install/robot_msgs/include/robot_msgs/msg/detail/control_command__functions.h
[2.772s] -- Installing: /home/yanji/robot_screwing/install/robot_msgs/include/robot_msgs/msg/detail/ft_pub__functions.c
[2.772s] -- Installing: /home/yanji/robot_screwing/install/robot_msgs/include/robot_msgs/msg/detail/control_command__functions.c
[2.772s] -- Installing: /home/yanji/robot_screwing/install/robot_msgs/include/robot_msgs/msg/detail/control_command__struct.h
[2.773s] -- Installing: /home/yanji/robot_screwing/install/robot_msgs/include/robot_msgs/msg/detail/robot_status__struct.h
[2.773s] -- Installing: /home/yanji/robot_screwing/install/robot_msgs/include/robot_msgs/msg/detail/robot_status__type_support.h
[2.773s] -- Installing: /home/yanji/robot_screwing/install/robot_msgs/include/robot_msgs/msg/detail/ft_pub__type_support.h
[2.773s] -- Installing: /home/yanji/robot_screwing/install/robot_msgs/include/robot_msgs/msg/detail/ref_status__type_support.h
[2.773s] -- Installing: /home/yanji/robot_screwing/install/robot_msgs/include/robot_msgs/msg/detail/robot_status__functions.c
[2.773s] -- Installing: /home/yanji/robot_screwing/install/robot_msgs/include/robot_msgs/msg/detail/ft_pub__struct.h
[2.773s] -- Installing: /home/yanji/robot_screwing/install/robot_msgs/include/robot_msgs/msg/detail/ref_status__functions.c
[2.773s] -- Installing: /home/yanji/robot_screwing/install/robot_msgs/include/robot_msgs/msg/detail/ref_status__struct.h
[2.773s] -- Installing: /home/yanji/robot_screwing/install/robot_msgs/include/robot_msgs/msg/robot_status.h
[2.773s] -- Installing: /home/yanji/robot_screwing/install/robot_msgs/include/robot_msgs/msg/control_command.h
[2.773s] -- Up-to-date: /home/yanji/robot_screwing/install/robot_msgs/include/robot_msgs/msg/rosidl_generator_c__visibility_control.h
[2.773s] -- Installing: /home/yanji/robot_screwing/install/robot_msgs/include/robot_msgs/msg/ref_status.h
[2.773s] -- Installing: /home/yanji/robot_screwing/install/robot_msgs/include/robot_msgs/msg/ft_pub.h
[2.773s] -- Up-to-date: /home/yanji/robot_screwing/install/robot_msgs/share/robot_msgs/environment/library_path.sh
[2.773s] -- Installing: /home/yanji/robot_screwing/install/robot_msgs/share/robot_msgs/environment/library_path.dsv
[2.773s] -- Installing: /home/yanji/robot_screwing/install/robot_msgs/lib/librobot_msgs__rosidl_generator_c.so
[2.773s] -- Set runtime path of "/home/yanji/robot_screwing/install/robot_msgs/lib/librobot_msgs__rosidl_generator_c.so" to ""
[2.773s] -- Up-to-date: /home/yanji/robot_screwing/install/robot_msgs/include/robot_msgs
[2.773s] -- Up-to-date: /home/yanji/robot_screwing/install/robot_msgs/include/robot_msgs/srv
[2.773s] -- Up-to-date: /home/yanji/robot_screwing/install/robot_msgs/include/robot_msgs/srv/detail
[2.774s] -- Installing: /home/yanji/robot_screwing/install/robot_msgs/include/robot_msgs/srv/detail/start_pose__rosidl_typesupport_fastrtps_c.h
[2.774s] -- Up-to-date: /home/yanji/robot_screwing/install/robot_msgs/include/robot_msgs/msg
[2.774s] -- Up-to-date: /home/yanji/robot_screwing/install/robot_msgs/include/robot_msgs/msg/detail
[2.774s] -- Installing: /home/yanji/robot_screwing/install/robot_msgs/include/robot_msgs/msg/detail/control_command__rosidl_typesupport_fastrtps_c.h
[2.774s] -- Installing: /home/yanji/robot_screwing/install/robot_msgs/include/robot_msgs/msg/detail/ref_status__rosidl_typesupport_fastrtps_c.h
[2.774s] -- Installing: /home/yanji/robot_screwing/install/robot_msgs/include/robot_msgs/msg/detail/ft_pub__rosidl_typesupport_fastrtps_c.h
[2.774s] -- Installing: /home/yanji/robot_screwing/install/robot_msgs/include/robot_msgs/msg/detail/robot_status__rosidl_typesupport_fastrtps_c.h
[2.774s] -- Up-to-date: /home/yanji/robot_screwing/install/robot_msgs/include/robot_msgs/msg/rosidl_typesupport_fastrtps_c__visibility_control.h
[2.774s] -- Installing: /home/yanji/robot_screwing/install/robot_msgs/lib/librobot_msgs__rosidl_typesupport_fastrtps_c.so
[2.774s] -- Set runtime path of "/home/yanji/robot_screwing/install/robot_msgs/lib/librobot_msgs__rosidl_typesupport_fastrtps_c.so" to ""
[2.774s] -- Up-to-date: /home/yanji/robot_screwing/install/robot_msgs/include/robot_msgs
[2.774s] -- Up-to-date: /home/yanji/robot_screwing/install/robot_msgs/include/robot_msgs/srv
[2.774s] -- Up-to-date: /home/yanji/robot_screwing/install/robot_msgs/include/robot_msgs/srv/detail
[2.774s] -- Up-to-date: /home/yanji/robot_screwing/install/robot_msgs/include/robot_msgs/srv/detail/dds_fastrtps
[2.774s] -- Installing: /home/yanji/robot_screwing/install/robot_msgs/include/robot_msgs/srv/detail/start_pose__rosidl_typesupport_fastrtps_cpp.hpp
[2.774s] -- Up-to-date: /home/yanji/robot_screwing/install/robot_msgs/include/robot_msgs/msg
[2.774s] -- Up-to-date: /home/yanji/robot_screwing/install/robot_msgs/include/robot_msgs/msg/detail
[2.774s] -- Installing: /home/yanji/robot_screwing/install/robot_msgs/include/robot_msgs/msg/detail/control_command__rosidl_typesupport_fastrtps_cpp.hpp
[2.774s] -- Up-to-date: /home/yanji/robot_screwing/install/robot_msgs/include/robot_msgs/msg/detail/dds_fastrtps
[2.774s] -- Installing: /home/yanji/robot_screwing/install/robot_msgs/include/robot_msgs/msg/detail/ft_pub__rosidl_typesupport_fastrtps_cpp.hpp
[2.774s] -- Installing: /home/yanji/robot_screwing/install/robot_msgs/include/robot_msgs/msg/detail/robot_status__rosidl_typesupport_fastrtps_cpp.hpp
[2.774s] -- Installing: /home/yanji/robot_screwing/install/robot_msgs/include/robot_msgs/msg/detail/ref_status__rosidl_typesupport_fastrtps_cpp.hpp
[2.774s] -- Up-to-date: /home/yanji/robot_screwing/install/robot_msgs/include/robot_msgs/msg/rosidl_typesupport_fastrtps_cpp__visibility_control.h
[2.774s] -- Installing: /home/yanji/robot_screwing/install/robot_msgs/lib/librobot_msgs__rosidl_typesupport_fastrtps_cpp.so
[2.775s] -- Set runtime path of "/home/yanji/robot_screwing/install/robot_msgs/lib/librobot_msgs__rosidl_typesupport_fastrtps_cpp.so" to ""
[2.775s] -- Up-to-date: /home/yanji/robot_screwing/install/robot_msgs/include/robot_msgs
[2.775s] -- Up-to-date: /home/yanji/robot_screwing/install/robot_msgs/include/robot_msgs/srv
[2.775s] -- Up-to-date: /home/yanji/robot_screwing/install/robot_msgs/include/robot_msgs/srv/detail
[2.775s] -- Installing: /home/yanji/robot_screwing/install/robot_msgs/include/robot_msgs/srv/detail/start_pose__type_support.c
[2.775s] -- Installing: /home/yanji/robot_screwing/install/robot_msgs/include/robot_msgs/srv/detail/start_pose__rosidl_typesupport_introspection_c.h
[2.775s] -- Up-to-date: /home/yanji/robot_screwing/install/robot_msgs/include/robot_msgs/msg
[2.775s] -- Up-to-date: /home/yanji/robot_screwing/install/robot_msgs/include/robot_msgs/msg/detail
[2.775s] -- Installing: /home/yanji/robot_screwing/install/robot_msgs/include/robot_msgs/msg/detail/ref_status__type_support.c
[2.775s] -- Installing: /home/yanji/robot_screwing/install/robot_msgs/include/robot_msgs/msg/detail/ref_status__rosidl_typesupport_introspection_c.h
[2.775s] -- Installing: /home/yanji/robot_screwing/install/robot_msgs/include/robot_msgs/msg/detail/robot_status__type_support.c
[2.775s] -- Installing: /home/yanji/robot_screwing/install/robot_msgs/include/robot_msgs/msg/detail/control_command__rosidl_typesupport_introspection_c.h
[2.775s] -- Installing: /home/yanji/robot_screwing/install/robot_msgs/include/robot_msgs/msg/detail/ft_pub__rosidl_typesupport_introspection_c.h
[2.775s] -- Installing: /home/yanji/robot_screwing/install/robot_msgs/include/robot_msgs/msg/detail/control_command__type_support.c
[2.775s] -- Installing: /home/yanji/robot_screwing/install/robot_msgs/include/robot_msgs/msg/detail/ft_pub__type_support.c
[2.775s] -- Installing: /home/yanji/robot_screwing/install/robot_msgs/include/robot_msgs/msg/detail/robot_status__rosidl_typesupport_introspection_c.h
[2.775s] -- Up-to-date: /home/yanji/robot_screwing/install/robot_msgs/include/robot_msgs/msg/rosidl_typesupport_introspection_c__visibility_control.h
[2.775s] -- Installing: /home/yanji/robot_screwing/install/robot_msgs/lib/librobot_msgs__rosidl_typesupport_introspection_c.so
[2.775s] -- Set runtime path of "/home/yanji/robot_screwing/install/robot_msgs/lib/librobot_msgs__rosidl_typesupport_introspection_c.so" to ""
[2.775s] -- Installing: /home/yanji/robot_screwing/install/robot_msgs/lib/librobot_msgs__rosidl_typesupport_c.so
[2.775s] -- Set runtime path of "/home/yanji/robot_screwing/install/robot_msgs/lib/librobot_msgs__rosidl_typesupport_c.so" to ""
[2.776s] -- Up-to-date: /home/yanji/robot_screwing/install/robot_msgs/include/robot_msgs
[2.776s] -- Up-to-date: /home/yanji/robot_screwing/install/robot_msgs/include/robot_msgs/srv
[2.776s] -- Up-to-date: /home/yanji/robot_screwing/install/robot_msgs/include/robot_msgs/srv/detail
[2.776s] -- Installing: /home/yanji/robot_screwing/install/robot_msgs/include/robot_msgs/srv/detail/start_pose__builder.hpp
[2.776s] -- Installing: /home/yanji/robot_screwing/install/robot_msgs/include/robot_msgs/srv/detail/start_pose__type_support.hpp
[2.776s] -- Installing: /home/yanji/robot_screwing/install/robot_msgs/include/robot_msgs/srv/detail/start_pose__traits.hpp
[2.776s] -- Installing: /home/yanji/robot_screwing/install/robot_msgs/include/robot_msgs/srv/detail/start_pose__struct.hpp
[2.776s] -- Installing: /home/yanji/robot_screwing/install/robot_msgs/include/robot_msgs/srv/start_pose.hpp
[2.776s] -- Up-to-date: /home/yanji/robot_screwing/install/robot_msgs/include/robot_msgs/msg
[2.776s] -- Up-to-date: /home/yanji/robot_screwing/install/robot_msgs/include/robot_msgs/msg/detail
[2.776s] -- Installing: /home/yanji/robot_screwing/install/robot_msgs/include/robot_msgs/msg/detail/ref_status__struct.hpp
[2.776s] -- Installing: /home/yanji/robot_screwing/install/robot_msgs/include/robot_msgs/msg/detail/ref_status__traits.hpp
[2.776s] -- Installing: /home/yanji/robot_screwing/install/robot_msgs/include/robot_msgs/msg/detail/ft_pub__builder.hpp
[2.776s] -- Installing: /home/yanji/robot_screwing/install/robot_msgs/include/robot_msgs/msg/detail/control_command__traits.hpp
[2.776s] -- Installing: /home/yanji/robot_screwing/install/robot_msgs/include/robot_msgs/msg/detail/ref_status__type_support.hpp
[2.776s] -- Installing: /home/yanji/robot_screwing/install/robot_msgs/include/robot_msgs/msg/detail/robot_status__type_support.hpp
[2.776s] -- Installing: /home/yanji/robot_screwing/install/robot_msgs/include/robot_msgs/msg/detail/robot_status__struct.hpp
[2.776s] -- Installing: /home/yanji/robot_screwing/install/robot_msgs/include/robot_msgs/msg/detail/ref_status__builder.hpp
[2.776s] -- Installing: /home/yanji/robot_screwing/install/robot_msgs/include/robot_msgs/msg/detail/control_command__type_support.hpp
[2.776s] -- Installing: /home/yanji/robot_screwing/install/robot_msgs/include/robot_msgs/msg/detail/ft_pub__struct.hpp
[2.776s] -- Installing: /home/yanji/robot_screwing/install/robot_msgs/include/robot_msgs/msg/detail/control_command__builder.hpp
[2.776s] -- Installing: /home/yanji/robot_screwing/install/robot_msgs/include/robot_msgs/msg/detail/ft_pub__traits.hpp
[2.776s] -- Installing: /home/yanji/robot_screwing/install/robot_msgs/include/robot_msgs/msg/detail/robot_status__traits.hpp
[2.776s] -- Installing: /home/yanji/robot_screwing/install/robot_msgs/include/robot_msgs/msg/detail/ft_pub__type_support.hpp
[2.776s] -- Installing: /home/yanji/robot_screwing/install/robot_msgs/include/robot_msgs/msg/detail/control_command__struct.hpp
[2.776s] -- Installing: /home/yanji/robot_screwing/install/robot_msgs/include/robot_msgs/msg/detail/robot_status__builder.hpp
[2.776s] -- Installing: /home/yanji/robot_screwing/install/robot_msgs/include/robot_msgs/msg/ref_status.hpp
[2.776s] -- Up-to-date: /home/yanji/robot_screwing/install/robot_msgs/include/robot_msgs/msg/rosidl_generator_cpp__visibility_control.hpp
[2.777s] -- Installing: /home/yanji/robot_screwing/install/robot_msgs/include/robot_msgs/msg/control_command.hpp
[2.777s] -- Installing: /home/yanji/robot_screwing/install/robot_msgs/include/robot_msgs/msg/ft_pub.hpp
[2.777s] -- Installing: /home/yanji/robot_screwing/install/robot_msgs/include/robot_msgs/msg/robot_status.hpp
[2.777s] -- Up-to-date: /home/yanji/robot_screwing/install/robot_msgs/include/robot_msgs
[2.777s] -- Up-to-date: /home/yanji/robot_screwing/install/robot_msgs/include/robot_msgs/srv
[2.777s] -- Up-to-date: /home/yanji/robot_screwing/install/robot_msgs/include/robot_msgs/srv/detail
[2.777s] -- Installing: /home/yanji/robot_screwing/install/robot_msgs/include/robot_msgs/srv/detail/start_pose__rosidl_typesupport_introspection_cpp.hpp
[2.777s] -- Installing: /home/yanji/robot_screwing/install/robot_msgs/include/robot_msgs/srv/detail/start_pose__type_support.cpp
[2.777s] -- Up-to-date: /home/yanji/robot_screwing/install/robot_msgs/include/robot_msgs/msg
[2.777s] -- Up-to-date: /home/yanji/robot_screwing/install/robot_msgs/include/robot_msgs/msg/detail
[2.777s] -- Installing: /home/yanji/robot_screwing/install/robot_msgs/include/robot_msgs/msg/detail/ft_pub__rosidl_typesupport_introspection_cpp.hpp
[2.777s] -- Installing: /home/yanji/robot_screwing/install/robot_msgs/include/robot_msgs/msg/detail/ft_pub__type_support.cpp
[2.777s] -- Installing: /home/yanji/robot_screwing/install/robot_msgs/include/robot_msgs/msg/detail/control_command__rosidl_typesupport_introspection_cpp.hpp
[2.777s] -- Installing: /home/yanji/robot_screwing/install/robot_msgs/include/robot_msgs/msg/detail/robot_status__type_support.cpp
[2.777s] -- Installing: /home/yanji/robot_screwing/install/robot_msgs/include/robot_msgs/msg/detail/ref_status__rosidl_typesupport_introspection_cpp.hpp
[2.777s] -- Installing: /home/yanji/robot_screwing/install/robot_msgs/include/robot_msgs/msg/detail/ref_status__type_support.cpp
[2.777s] -- Installing: /home/yanji/robot_screwing/install/robot_msgs/include/robot_msgs/msg/detail/control_command__type_support.cpp
[2.777s] -- Installing: /home/yanji/robot_screwing/install/robot_msgs/include/robot_msgs/msg/detail/robot_status__rosidl_typesupport_introspection_cpp.hpp
[2.777s] -- Installing: /home/yanji/robot_screwing/install/robot_msgs/lib/librobot_msgs__rosidl_typesupport_introspection_cpp.so
[2.777s] -- Set runtime path of "/home/yanji/robot_screwing/install/robot_msgs/lib/librobot_msgs__rosidl_typesupport_introspection_cpp.so" to ""
[2.778s] -- Installing: /home/yanji/robot_screwing/install/robot_msgs/lib/librobot_msgs__rosidl_typesupport_cpp.so
[2.778s] -- Set runtime path of "/home/yanji/robot_screwing/install/robot_msgs/lib/librobot_msgs__rosidl_typesupport_cpp.so" to ""
[2.778s] -- Up-to-date: /home/yanji/robot_screwing/install/robot_msgs/share/robot_msgs/environment/pythonpath.sh
[2.778s] -- Installing: /home/yanji/robot_screwing/install/robot_msgs/share/robot_msgs/environment/pythonpath.dsv
[2.778s] -- Installing: /home/yanji/robot_screwing/install/robot_msgs/lib/python3.8/site-packages/robot_msgs/__init__.py
[2.792s] Compiling '/home/yanji/robot_screwing/install/robot_msgs/lib/python3.8/site-packages/robot_msgs/__init__.py'...
[2.794s] -- Up-to-date: /home/yanji/robot_screwing/install/robot_msgs/lib/python3.8/site-packages/robot_msgs/msg
[2.794s] -- Installing: /home/yanji/robot_screwing/install/robot_msgs/lib/python3.8/site-packages/robot_msgs/msg/_robot_status_s.c
[2.794s] -- Installing: /home/yanji/robot_screwing/install/robot_msgs/lib/python3.8/site-packages/robot_msgs/msg/__init__.py
[2.794s] -- Installing: /home/yanji/robot_screwing/install/robot_msgs/lib/python3.8/site-packages/robot_msgs/msg/_control_command.py
[2.794s] -- Installing: /home/yanji/robot_screwing/install/robot_msgs/lib/python3.8/site-packages/robot_msgs/msg/_ref_status.py
[2.794s] -- Installing: /home/yanji/robot_screwing/install/robot_msgs/lib/python3.8/site-packages/robot_msgs/msg/_robot_status.py
[2.794s] -- Installing: /home/yanji/robot_screwing/install/robot_msgs/lib/python3.8/site-packages/robot_msgs/msg/_ft_pub_s.c
[2.794s] -- Installing: /home/yanji/robot_screwing/install/robot_msgs/lib/python3.8/site-packages/robot_msgs/msg/_ref_status_s.c
[2.794s] -- Installing: /home/yanji/robot_screwing/install/robot_msgs/lib/python3.8/site-packages/robot_msgs/msg/_control_command_s.c
[2.794s] -- Installing: /home/yanji/robot_screwing/install/robot_msgs/lib/python3.8/site-packages/robot_msgs/msg/_ft_pub.py
[2.794s] -- Up-to-date: /home/yanji/robot_screwing/install/robot_msgs/lib/python3.8/site-packages/robot_msgs/srv
[2.794s] -- Installing: /home/yanji/robot_screwing/install/robot_msgs/lib/python3.8/site-packages/robot_msgs/srv/__init__.py
[2.794s] -- Installing: /home/yanji/robot_screwing/install/robot_msgs/lib/python3.8/site-packages/robot_msgs/srv/_start_pose_s.c
[2.795s] -- Installing: /home/yanji/robot_screwing/install/robot_msgs/lib/python3.8/site-packages/robot_msgs/srv/_start_pose.py
[2.795s] -- Installing: /home/yanji/robot_screwing/install/robot_msgs/lib/python3.8/site-packages/robot_msgs/robot_msgs_s__rosidl_typesupport_fastrtps_c.cpython-38-x86_64-linux-gnu.so
[2.795s] -- Set runtime path of "/home/yanji/robot_screwing/install/robot_msgs/lib/python3.8/site-packages/robot_msgs/robot_msgs_s__rosidl_typesupport_fastrtps_c.cpython-38-x86_64-linux-gnu.so" to ""
[2.795s] -- Installing: /home/yanji/robot_screwing/install/robot_msgs/lib/python3.8/site-packages/robot_msgs/robot_msgs_s__rosidl_typesupport_introspection_c.cpython-38-x86_64-linux-gnu.so
[2.795s] -- Set runtime path of "/home/yanji/robot_screwing/install/robot_msgs/lib/python3.8/site-packages/robot_msgs/robot_msgs_s__rosidl_typesupport_introspection_c.cpython-38-x86_64-linux-gnu.so" to ""
[2.796s] -- Installing: /home/yanji/robot_screwing/install/robot_msgs/lib/python3.8/site-packages/robot_msgs/robot_msgs_s__rosidl_typesupport_c.cpython-38-x86_64-linux-gnu.so
[2.796s] -- Set runtime path of "/home/yanji/robot_screwing/install/robot_msgs/lib/python3.8/site-packages/robot_msgs/robot_msgs_s__rosidl_typesupport_c.cpython-38-x86_64-linux-gnu.so" to ""
[2.796s] -- Installing: /home/yanji/robot_screwing/install/robot_msgs/lib/librobot_msgs__python.so
[2.796s] -- Set runtime path of "/home/yanji/robot_screwing/install/robot_msgs/lib/librobot_msgs__python.so" to ""
[2.796s] -- Up-to-date: /home/yanji/robot_screwing/install/robot_msgs/share/robot_msgs/msg/FtPub.idl
[2.796s] -- Up-to-date: /home/yanji/robot_screwing/install/robot_msgs/share/robot_msgs/msg/RobotStatus.idl
[2.796s] -- Up-to-date: /home/yanji/robot_screwing/install/robot_msgs/share/robot_msgs/msg/ControlCommand.idl
[2.796s] -- Installing: /home/yanji/robot_screwing/install/robot_msgs/share/robot_msgs/msg/RefStatus.idl
[2.796s] -- Up-to-date: /home/yanji/robot_screwing/install/robot_msgs/share/robot_msgs/srv/StartPose.idl
[2.796s] -- Up-to-date: /home/yanji/robot_screwing/install/robot_msgs/share/robot_msgs/msg/FtPub.msg
[2.796s] -- Up-to-date: /home/yanji/robot_screwing/install/robot_msgs/share/robot_msgs/msg/RobotStatus.msg
[2.796s] -- Up-to-date: /home/yanji/robot_screwing/install/robot_msgs/share/robot_msgs/msg/ControlCommand.msg
[2.796s] -- Installing: /home/yanji/robot_screwing/install/robot_msgs/share/robot_msgs/msg/RefStatus.msg
[2.796s] -- Up-to-date: /home/yanji/robot_screwing/install/robot_msgs/share/robot_msgs/srv/StartPose.srv
[2.796s] -- Up-to-date: /home/yanji/robot_screwing/install/robot_msgs/share/robot_msgs/srv/StartPose_Request.msg
[2.796s] -- Up-to-date: /home/yanji/robot_screwing/install/robot_msgs/share/robot_msgs/srv/StartPose_Response.msg
[2.797s] -- Up-to-date: /home/yanji/robot_screwing/install/robot_msgs/share/ament_index/resource_index/package_run_dependencies/robot_msgs
[2.797s] -- Up-to-date: /home/yanji/robot_screwing/install/robot_msgs/share/ament_index/resource_index/parent_prefix_path/robot_msgs
[2.797s] -- Up-to-date: /home/yanji/robot_screwing/install/robot_msgs/share/robot_msgs/environment/ament_prefix_path.sh
[2.797s] -- Installing: /home/yanji/robot_screwing/install/robot_msgs/share/robot_msgs/environment/ament_prefix_path.dsv
[2.797s] -- Up-to-date: /home/yanji/robot_screwing/install/robot_msgs/share/robot_msgs/environment/path.sh
[2.797s] -- Installing: /home/yanji/robot_screwing/install/robot_msgs/share/robot_msgs/environment/path.dsv
[2.797s] -- Up-to-date: /home/yanji/robot_screwing/install/robot_msgs/share/robot_msgs/local_setup.bash
[2.797s] -- Up-to-date: /home/yanji/robot_screwing/install/robot_msgs/share/robot_msgs/local_setup.sh
[2.797s] -- Up-to-date: /home/yanji/robot_screwing/install/robot_msgs/share/robot_msgs/local_setup.zsh
[2.797s] -- Installing: /home/yanji/robot_screwing/install/robot_msgs/share/robot_msgs/local_setup.dsv
[2.797s] -- Installing: /home/yanji/robot_screwing/install/robot_msgs/share/robot_msgs/package.dsv
[2.797s] -- Up-to-date: /home/yanji/robot_screwing/install/robot_msgs/share/ament_index/resource_index/packages/robot_msgs
[2.797s] -- Up-to-date: /home/yanji/robot_screwing/install/robot_msgs/share/robot_msgs/cmake/robot_msgs__rosidl_generator_cExport.cmake
[2.797s] -- Installing: /home/yanji/robot_screwing/install/robot_msgs/share/robot_msgs/cmake/robot_msgs__rosidl_generator_cExport-noconfig.cmake
[2.797s] -- Up-to-date: /home/yanji/robot_screwing/install/robot_msgs/share/robot_msgs/cmake/robot_msgs__rosidl_typesupport_introspection_cExport.cmake
[2.797s] -- Installing: /home/yanji/robot_screwing/install/robot_msgs/share/robot_msgs/cmake/robot_msgs__rosidl_typesupport_introspection_cExport-noconfig.cmake
[2.797s] -- Up-to-date: /home/yanji/robot_screwing/install/robot_msgs/share/robot_msgs/cmake/robot_msgs__rosidl_typesupport_cExport.cmake
[2.797s] -- Installing: /home/yanji/robot_screwing/install/robot_msgs/share/robot_msgs/cmake/robot_msgs__rosidl_typesupport_cExport-noconfig.cmake
[2.797s] -- Up-to-date: /home/yanji/robot_screwing/install/robot_msgs/share/robot_msgs/cmake/robot_msgs__rosidl_generator_cppExport.cmake
[2.797s] -- Up-to-date: /home/yanji/robot_screwing/install/robot_msgs/share/robot_msgs/cmake/robot_msgs__rosidl_typesupport_introspection_cppExport.cmake
[2.797s] -- Installing: /home/yanji/robot_screwing/install/robot_msgs/share/robot_msgs/cmake/robot_msgs__rosidl_typesupport_introspection_cppExport-noconfig.cmake
[2.797s] -- Up-to-date: /home/yanji/robot_screwing/install/robot_msgs/share/robot_msgs/cmake/robot_msgs__rosidl_typesupport_cppExport.cmake
[2.797s] -- Installing: /home/yanji/robot_screwing/install/robot_msgs/share/robot_msgs/cmake/robot_msgs__rosidl_typesupport_cppExport-noconfig.cmake
[2.797s] -- Up-to-date: /home/yanji/robot_screwing/install/robot_msgs/share/robot_msgs/cmake/rosidl_cmake-extras.cmake
[2.798s] -- Up-to-date: /home/yanji/robot_screwing/install/robot_msgs/share/robot_msgs/cmake/ament_cmake_export_dependencies-extras.cmake
[2.798s] -- Up-to-date: /home/yanji/robot_screwing/install/robot_msgs/share/robot_msgs/cmake/ament_cmake_export_libraries-extras.cmake
[2.798s] -- Up-to-date: /home/yanji/robot_screwing/install/robot_msgs/share/robot_msgs/cmake/ament_cmake_export_targets-extras.cmake
[2.798s] -- Up-to-date: /home/yanji/robot_screwing/install/robot_msgs/share/robot_msgs/cmake/ament_cmake_export_include_directories-extras.cmake
[2.798s] -- Up-to-date: /home/yanji/robot_screwing/install/robot_msgs/share/robot_msgs/cmake/rosidl_cmake_export_typesupport_libraries-extras.cmake
[2.798s] -- Up-to-date: /home/yanji/robot_screwing/install/robot_msgs/share/robot_msgs/cmake/rosidl_cmake_export_typesupport_targets-extras.cmake
[2.798s] -- Up-to-date: /home/yanji/robot_screwing/install/robot_msgs/share/robot_msgs/cmake/robot_msgsConfig.cmake
[2.798s] -- Up-to-date: /home/yanji/robot_screwing/install/robot_msgs/share/robot_msgs/cmake/robot_msgsConfig-version.cmake
[2.798s] -- Up-to-date: /home/yanji/robot_screwing/install/robot_msgs/share/robot_msgs/package.xml
[2.799s] Invoked command in '/home/yanji/robot_screwing/build/robot_msgs' returned '0': CMAKE_PREFIX_PATH=${CMAKE_PREFIX_PATH}:/home/yanji/robot_screwing/install/real_robot:/home/yanji/robot_screwing/install/mj_sim:/opt/ros/foxy CONDA_PROMPT_MODIFIER=(screwrobot) /usr/bin/cmake --install /home/yanji/robot_screwing/build/robot_msgs
