[0.099s] DEBUG:colcon:Command line arguments: ['/usr/bin/colcon', 'build']
[0.099s] DEBUG:colcon:Parsed command line arguments: Namespace(allow_overriding=[], ament_cmake_args=None, base_paths=['.'], build_base='build', catkin_cmake_args=None, catkin_skip_building_tests=False, cmake_args=None, cmake_clean_cache=False, cmake_clean_first=False, cmake_force_configure=False, cmake_target=None, cmake_target_skip_unavailable=False, continue_on_error=False, event_handlers=None, executor='parallel', ignore_user_meta=False, install_base='install', log_base=None, log_level=None, main=<bound method BuildVerb.main of <colcon_core.verb.build.BuildVerb object at 0x7fa9e75bdcd0>>, merge_install=False, metas=['./colcon.meta'], packages_above=None, packages_above_and_dependencies=None, packages_above_depth=None, packages_end=None, packages_ignore=None, packages_ignore_regex=None, packages_select=None, packages_select_build_failed=False, packages_select_by_dep=None, packages_select_regex=None, packages_select_test_failures=False, packages_skip=None, packages_skip_build_finished=False, packages_skip_by_dep=None, packages_skip_regex=None, packages_skip_test_passed=False, packages_skip_up_to=None, packages_start=None, packages_up_to=None, packages_up_to_regex=None, parallel_workers=24, paths=None, symlink_install=False, test_result_base=None, verb_extension=<colcon_core.verb.build.BuildVerb object at 0x7fa9e75bdcd0>, verb_name='build', verb_parser=<colcon_defaults.argument_parser.defaults.DefaultArgumentsDecorator object at 0x7fa9e74c1a30>)
[0.171s] Level 1:colcon.colcon_core.package_discovery:discover_packages(colcon_meta) check parameters
[0.171s] Level 1:colcon.colcon_core.package_discovery:discover_packages(recursive) check parameters
[0.171s] Level 1:colcon.colcon_core.package_discovery:discover_packages(ignore) check parameters
[0.171s] Level 1:colcon.colcon_core.package_discovery:discover_packages(path) check parameters
[0.171s] Level 1:colcon.colcon_core.package_discovery:discover_packages(colcon_meta) discover
[0.171s] Level 1:colcon.colcon_core.package_discovery:discover_packages(recursive) discover
[0.171s] INFO:colcon.colcon_core.package_discovery:Crawling recursively for packages in '/home/yanji/robot_screwing'
[0.171s] Level 1:colcon.colcon_core.package_identification:_identify(.) by extensions ['ignore', 'ignore_ament_install']
[0.171s] Level 1:colcon.colcon_core.package_identification:_identify(.) by extension 'ignore'
[0.171s] Level 1:colcon.colcon_core.package_identification:_identify(.) by extension 'ignore_ament_install'
[0.171s] Level 1:colcon.colcon_core.package_identification:_identify(.) by extensions ['colcon_pkg']
[0.171s] Level 1:colcon.colcon_core.package_identification:_identify(.) by extension 'colcon_pkg'
[0.171s] Level 1:colcon.colcon_core.package_identification:_identify(.) by extensions ['colcon_meta']
[0.171s] Level 1:colcon.colcon_core.package_identification:_identify(.) by extension 'colcon_meta'
[0.171s] Level 1:colcon.colcon_core.package_identification:_identify(.) by extensions ['ros']
[0.171s] Level 1:colcon.colcon_core.package_identification:_identify(.) by extension 'ros'
[0.186s] Level 1:colcon.colcon_core.package_identification:_identify(.) by extensions ['cmake', 'python']
[0.186s] Level 1:colcon.colcon_core.package_identification:_identify(.) by extension 'cmake'
[0.186s] Level 1:colcon.colcon_core.package_identification:_identify(.) by extension 'python'
[0.186s] Level 1:colcon.colcon_core.package_identification:_identify(.) by extensions ['python_setup_py']
[0.186s] Level 1:colcon.colcon_core.package_identification:_identify(.) by extension 'python_setup_py'
[0.186s] Level 1:colcon.colcon_core.package_identification:_identify(build) by extensions ['ignore', 'ignore_ament_install']
[0.186s] Level 1:colcon.colcon_core.package_identification:_identify(build) by extension 'ignore'
[0.186s] Level 1:colcon.colcon_core.package_identification:_identify(build) ignored
[0.186s] Level 1:colcon.colcon_core.package_identification:_identify(install) by extensions ['ignore', 'ignore_ament_install']
[0.186s] Level 1:colcon.colcon_core.package_identification:_identify(install) by extension 'ignore'
[0.186s] Level 1:colcon.colcon_core.package_identification:_identify(install) ignored
[0.186s] Level 1:colcon.colcon_core.package_identification:_identify(log) by extensions ['ignore', 'ignore_ament_install']
[0.186s] Level 1:colcon.colcon_core.package_identification:_identify(log) by extension 'ignore'
[0.187s] Level 1:colcon.colcon_core.package_identification:_identify(log) ignored
[0.187s] Level 1:colcon.colcon_core.package_identification:_identify(src) by extensions ['ignore', 'ignore_ament_install']
[0.187s] Level 1:colcon.colcon_core.package_identification:_identify(src) by extension 'ignore'
[0.187s] Level 1:colcon.colcon_core.package_identification:_identify(src) by extension 'ignore_ament_install'
[0.187s] Level 1:colcon.colcon_core.package_identification:_identify(src) by extensions ['colcon_pkg']
[0.187s] Level 1:colcon.colcon_core.package_identification:_identify(src) by extension 'colcon_pkg'
[0.187s] Level 1:colcon.colcon_core.package_identification:_identify(src) by extensions ['colcon_meta']
[0.187s] Level 1:colcon.colcon_core.package_identification:_identify(src) by extension 'colcon_meta'
[0.187s] Level 1:colcon.colcon_core.package_identification:_identify(src) by extensions ['ros']
[0.187s] Level 1:colcon.colcon_core.package_identification:_identify(src) by extension 'ros'
[0.187s] Level 1:colcon.colcon_core.package_identification:_identify(src) by extensions ['cmake', 'python']
[0.187s] Level 1:colcon.colcon_core.package_identification:_identify(src) by extension 'cmake'
[0.187s] Level 1:colcon.colcon_core.package_identification:_identify(src) by extension 'python'
[0.187s] Level 1:colcon.colcon_core.package_identification:_identify(src) by extensions ['python_setup_py']
[0.187s] Level 1:colcon.colcon_core.package_identification:_identify(src) by extension 'python_setup_py'
[0.187s] Level 1:colcon.colcon_core.package_identification:_identify(src/mj_sim) by extensions ['ignore', 'ignore_ament_install']
[0.187s] Level 1:colcon.colcon_core.package_identification:_identify(src/mj_sim) by extension 'ignore'
[0.187s] Level 1:colcon.colcon_core.package_identification:_identify(src/mj_sim) by extension 'ignore_ament_install'
[0.187s] Level 1:colcon.colcon_core.package_identification:_identify(src/mj_sim) by extensions ['colcon_pkg']
[0.187s] Level 1:colcon.colcon_core.package_identification:_identify(src/mj_sim) by extension 'colcon_pkg'
[0.187s] Level 1:colcon.colcon_core.package_identification:_identify(src/mj_sim) by extensions ['colcon_meta']
[0.187s] Level 1:colcon.colcon_core.package_identification:_identify(src/mj_sim) by extension 'colcon_meta'
[0.187s] Level 1:colcon.colcon_core.package_identification:_identify(src/mj_sim) by extensions ['ros']
[0.187s] Level 1:colcon.colcon_core.package_identification:_identify(src/mj_sim) by extension 'ros'
[0.188s] DEBUG:colcon.colcon_core.package_identification:Package 'src/mj_sim' with type 'ros.ament_python' and name 'mj_sim'
[0.188s] Level 1:colcon.colcon_core.package_identification:_identify(src/real_robot) by extensions ['ignore', 'ignore_ament_install']
[0.188s] Level 1:colcon.colcon_core.package_identification:_identify(src/real_robot) by extension 'ignore'
[0.188s] Level 1:colcon.colcon_core.package_identification:_identify(src/real_robot) by extension 'ignore_ament_install'
[0.188s] Level 1:colcon.colcon_core.package_identification:_identify(src/real_robot) by extensions ['colcon_pkg']
[0.188s] Level 1:colcon.colcon_core.package_identification:_identify(src/real_robot) by extension 'colcon_pkg'
[0.188s] Level 1:colcon.colcon_core.package_identification:_identify(src/real_robot) by extensions ['colcon_meta']
[0.188s] Level 1:colcon.colcon_core.package_identification:_identify(src/real_robot) by extension 'colcon_meta'
[0.188s] Level 1:colcon.colcon_core.package_identification:_identify(src/real_robot) by extensions ['ros']
[0.188s] Level 1:colcon.colcon_core.package_identification:_identify(src/real_robot) by extension 'ros'
[0.189s] DEBUG:colcon.colcon_core.package_identification:Package 'src/real_robot' with type 'ros.ament_python' and name 'real_robot'
[0.189s] Level 1:colcon.colcon_core.package_identification:_identify(src/robot_msgs) by extensions ['ignore', 'ignore_ament_install']
[0.189s] Level 1:colcon.colcon_core.package_identification:_identify(src/robot_msgs) by extension 'ignore'
[0.189s] Level 1:colcon.colcon_core.package_identification:_identify(src/robot_msgs) by extension 'ignore_ament_install'
[0.189s] Level 1:colcon.colcon_core.package_identification:_identify(src/robot_msgs) by extensions ['colcon_pkg']
[0.189s] Level 1:colcon.colcon_core.package_identification:_identify(src/robot_msgs) by extension 'colcon_pkg'
[0.189s] Level 1:colcon.colcon_core.package_identification:_identify(src/robot_msgs) by extensions ['colcon_meta']
[0.189s] Level 1:colcon.colcon_core.package_identification:_identify(src/robot_msgs) by extension 'colcon_meta'
[0.189s] Level 1:colcon.colcon_core.package_identification:_identify(src/robot_msgs) by extensions ['ros']
[0.189s] Level 1:colcon.colcon_core.package_identification:_identify(src/robot_msgs) by extension 'ros'
[0.189s] DEBUG:colcon.colcon_core.package_identification:Package 'src/robot_msgs' with type 'ros.ament_cmake' and name 'robot_msgs'
[0.189s] Level 1:colcon.colcon_core.package_discovery:discover_packages(recursive) using defaults
[0.189s] Level 1:colcon.colcon_core.package_discovery:discover_packages(ignore) discover
[0.189s] Level 1:colcon.colcon_core.package_discovery:discover_packages(ignore) using defaults
[0.189s] Level 1:colcon.colcon_core.package_discovery:discover_packages(path) discover
[0.189s] Level 1:colcon.colcon_core.package_discovery:discover_packages(path) using defaults
[0.197s] Level 1:colcon.colcon_core.package_discovery:discover_packages(prefix_path) check parameters
[0.197s] Level 1:colcon.colcon_core.package_discovery:discover_packages(prefix_path) discover
[0.198s] DEBUG:colcon.colcon_installed_package_information.package_discovery:Found 3 installed packages in /home/yanji/robot_screwing/install
[0.198s] DEBUG:colcon.colcon_installed_package_information.package_discovery:Found 260 installed packages in /opt/ros/foxy
[0.199s] Level 1:colcon.colcon_core.package_discovery:discover_packages(prefix_path) using defaults
[0.222s] Level 5:colcon.colcon_core.verb:set package 'mj_sim' build argument 'cmake_args' from command line to 'None'
[0.222s] Level 5:colcon.colcon_core.verb:set package 'mj_sim' build argument 'cmake_target' from command line to 'None'
[0.222s] Level 5:colcon.colcon_core.verb:set package 'mj_sim' build argument 'cmake_target_skip_unavailable' from command line to 'False'
[0.222s] Level 5:colcon.colcon_core.verb:set package 'mj_sim' build argument 'cmake_clean_cache' from command line to 'False'
[0.222s] Level 5:colcon.colcon_core.verb:set package 'mj_sim' build argument 'cmake_clean_first' from command line to 'False'
[0.222s] Level 5:colcon.colcon_core.verb:set package 'mj_sim' build argument 'cmake_force_configure' from command line to 'False'
[0.222s] Level 5:colcon.colcon_core.verb:set package 'mj_sim' build argument 'ament_cmake_args' from command line to 'None'
[0.222s] Level 5:colcon.colcon_core.verb:set package 'mj_sim' build argument 'catkin_cmake_args' from command line to 'None'
[0.222s] Level 5:colcon.colcon_core.verb:set package 'mj_sim' build argument 'catkin_skip_building_tests' from command line to 'False'
[0.222s] DEBUG:colcon.colcon_core.verb:Building package 'mj_sim' with the following arguments: {'ament_cmake_args': None, 'build_base': '/home/yanji/robot_screwing/build/mj_sim', 'catkin_cmake_args': None, 'catkin_skip_building_tests': False, 'cmake_args': None, 'cmake_clean_cache': False, 'cmake_clean_first': False, 'cmake_force_configure': False, 'cmake_target': None, 'cmake_target_skip_unavailable': False, 'install_base': '/home/yanji/robot_screwing/install/mj_sim', 'merge_install': False, 'path': '/home/yanji/robot_screwing/src/mj_sim', 'symlink_install': False, 'test_result_base': None}
[0.222s] Level 5:colcon.colcon_core.verb:set package 'real_robot' build argument 'cmake_args' from command line to 'None'
[0.222s] Level 5:colcon.colcon_core.verb:set package 'real_robot' build argument 'cmake_target' from command line to 'None'
[0.222s] Level 5:colcon.colcon_core.verb:set package 'real_robot' build argument 'cmake_target_skip_unavailable' from command line to 'False'
[0.222s] Level 5:colcon.colcon_core.verb:set package 'real_robot' build argument 'cmake_clean_cache' from command line to 'False'
[0.222s] Level 5:colcon.colcon_core.verb:set package 'real_robot' build argument 'cmake_clean_first' from command line to 'False'
[0.222s] Level 5:colcon.colcon_core.verb:set package 'real_robot' build argument 'cmake_force_configure' from command line to 'False'
[0.222s] Level 5:colcon.colcon_core.verb:set package 'real_robot' build argument 'ament_cmake_args' from command line to 'None'
[0.222s] Level 5:colcon.colcon_core.verb:set package 'real_robot' build argument 'catkin_cmake_args' from command line to 'None'
[0.222s] Level 5:colcon.colcon_core.verb:set package 'real_robot' build argument 'catkin_skip_building_tests' from command line to 'False'
[0.222s] DEBUG:colcon.colcon_core.verb:Building package 'real_robot' with the following arguments: {'ament_cmake_args': None, 'build_base': '/home/yanji/robot_screwing/build/real_robot', 'catkin_cmake_args': None, 'catkin_skip_building_tests': False, 'cmake_args': None, 'cmake_clean_cache': False, 'cmake_clean_first': False, 'cmake_force_configure': False, 'cmake_target': None, 'cmake_target_skip_unavailable': False, 'install_base': '/home/yanji/robot_screwing/install/real_robot', 'merge_install': False, 'path': '/home/yanji/robot_screwing/src/real_robot', 'symlink_install': False, 'test_result_base': None}
[0.222s] Level 5:colcon.colcon_core.verb:set package 'robot_msgs' build argument 'cmake_args' from command line to 'None'
[0.222s] Level 5:colcon.colcon_core.verb:set package 'robot_msgs' build argument 'cmake_target' from command line to 'None'
[0.222s] Level 5:colcon.colcon_core.verb:set package 'robot_msgs' build argument 'cmake_target_skip_unavailable' from command line to 'False'
[0.222s] Level 5:colcon.colcon_core.verb:set package 'robot_msgs' build argument 'cmake_clean_cache' from command line to 'False'
[0.222s] Level 5:colcon.colcon_core.verb:set package 'robot_msgs' build argument 'cmake_clean_first' from command line to 'False'
[0.223s] Level 5:colcon.colcon_core.verb:set package 'robot_msgs' build argument 'cmake_force_configure' from command line to 'False'
[0.223s] Level 5:colcon.colcon_core.verb:set package 'robot_msgs' build argument 'ament_cmake_args' from command line to 'None'
[0.223s] Level 5:colcon.colcon_core.verb:set package 'robot_msgs' build argument 'catkin_cmake_args' from command line to 'None'
[0.223s] Level 5:colcon.colcon_core.verb:set package 'robot_msgs' build argument 'catkin_skip_building_tests' from command line to 'False'
[0.223s] DEBUG:colcon.colcon_core.verb:Building package 'robot_msgs' with the following arguments: {'ament_cmake_args': None, 'build_base': '/home/yanji/robot_screwing/build/robot_msgs', 'catkin_cmake_args': None, 'catkin_skip_building_tests': False, 'cmake_args': None, 'cmake_clean_cache': False, 'cmake_clean_first': False, 'cmake_force_configure': False, 'cmake_target': None, 'cmake_target_skip_unavailable': False, 'install_base': '/home/yanji/robot_screwing/install/robot_msgs', 'merge_install': False, 'path': '/home/yanji/robot_screwing/src/robot_msgs', 'symlink_install': False, 'test_result_base': None}
[0.223s] INFO:colcon.colcon_core.executor:Executing jobs using 'parallel' executor
[0.223s] DEBUG:colcon.colcon_parallel_executor.executor.parallel:run_until_complete
[0.223s] INFO:colcon.colcon_ros.task.ament_python.build:Building ROS package in '/home/yanji/robot_screwing/src/mj_sim' with build type 'ament_python'
[0.223s] Level 1:colcon.colcon_core.shell:create_environment_hook('mj_sim', 'ament_prefix_path')
[0.224s] INFO:colcon.colcon_core.plugin_system:Skipping extension 'colcon_core.shell.bat': Not used on non-Windows systems
[0.224s] INFO:colcon.colcon_core.shell:Creating environment hook '/home/yanji/robot_screwing/install/mj_sim/share/mj_sim/hook/ament_prefix_path.ps1'
[0.224s] INFO:colcon.colcon_core.shell:Creating environment descriptor '/home/yanji/robot_screwing/install/mj_sim/share/mj_sim/hook/ament_prefix_path.dsv'
[0.225s] INFO:colcon.colcon_core.shell:Creating environment hook '/home/yanji/robot_screwing/install/mj_sim/share/mj_sim/hook/ament_prefix_path.sh'
[0.225s] INFO:colcon.colcon_core.shell:Skip shell extension 'powershell' for command environment: Not usable outside of PowerShell
[0.225s] DEBUG:colcon.colcon_core.shell:Skip shell extension 'dsv' for command environment
[0.227s] INFO:colcon.colcon_ros.task.ament_python.build:Building ROS package in '/home/yanji/robot_screwing/src/real_robot' with build type 'ament_python'
[0.227s] Level 1:colcon.colcon_core.shell:create_environment_hook('real_robot', 'ament_prefix_path')
[0.228s] INFO:colcon.colcon_core.shell:Creating environment hook '/home/yanji/robot_screwing/install/real_robot/share/real_robot/hook/ament_prefix_path.ps1'
[0.228s] INFO:colcon.colcon_core.shell:Creating environment descriptor '/home/yanji/robot_screwing/install/real_robot/share/real_robot/hook/ament_prefix_path.dsv'
[0.228s] INFO:colcon.colcon_core.shell:Creating environment hook '/home/yanji/robot_screwing/install/real_robot/share/real_robot/hook/ament_prefix_path.sh'
[0.228s] INFO:colcon.colcon_core.shell:Skip shell extension 'powershell' for command environment: Not usable outside of PowerShell
[0.228s] DEBUG:colcon.colcon_core.shell:Skip shell extension 'dsv' for command environment
[0.230s] INFO:colcon.colcon_ros.task.ament_cmake.build:Building ROS package in '/home/yanji/robot_screwing/src/robot_msgs' with build type 'ament_cmake'
[0.230s] INFO:colcon.colcon_cmake.task.cmake.build:Building CMake package in '/home/yanji/robot_screwing/src/robot_msgs'
[0.231s] INFO:colcon.colcon_core.shell:Skip shell extension 'powershell' for command environment: Not usable outside of PowerShell
[0.231s] DEBUG:colcon.colcon_core.shell:Skip shell extension 'dsv' for command environment
[0.341s] INFO:colcon.colcon_core.task.python.build:Building Python package in '/home/yanji/robot_screwing/src/mj_sim'
[0.342s] INFO:colcon.colcon_core.shell:Skip shell extension 'powershell' for command environment: Not usable outside of PowerShell
[0.342s] DEBUG:colcon.colcon_core.shell:Skip shell extension 'dsv' for command environment
[0.452s] INFO:colcon.colcon_core.task.python.build:Building Python package in '/home/yanji/robot_screwing/src/real_robot'
[0.452s] INFO:colcon.colcon_core.shell:Skip shell extension 'powershell' for command environment: Not usable outside of PowerShell
[0.452s] DEBUG:colcon.colcon_core.shell:Skip shell extension 'dsv' for command environment
[0.458s] DEBUG:colcon.colcon_core.event_handler.log_command:Invoking command in '/home/yanji/robot_screwing/build/robot_msgs': CMAKE_PREFIX_PATH=${CMAKE_PREFIX_PATH}:/home/yanji/robot_screwing/install/real_robot:/home/yanji/robot_screwing/install/mj_sim:/opt/ros/foxy CONDA_PROMPT_MODIFIER=(screwrobot) /usr/bin/cmake --build /home/yanji/robot_screwing/build/robot_msgs -- -j24 -l24
[0.658s] DEBUG:colcon.colcon_core.event_handler.log_command:Invoking command in '/home/yanji/robot_screwing/src/real_robot': CONDA_PROMPT_MODIFIER=(screwrobot) PYTHONPATH=/home/yanji/robot_screwing/build/real_robot/prefix_override:/usr/lib/python3/dist-packages/colcon_core/task/python/colcon_distutils_commands:/home/yanji/robot_screwing/install/real_robot/lib/python3.8/site-packages:${PYTHONPATH} /usr/bin/python3 -W ignore:setup.py install is deprecated -W ignore:easy_install command is deprecated setup.py egg_info --egg-base ../../build/real_robot build --build-base /home/yanji/robot_screwing/build/real_robot/build install --record /home/yanji/robot_screwing/build/real_robot/install.log --install-scripts $base/lib/real_robot --single-version-externally-managed install_data
[0.660s] DEBUG:colcon.colcon_core.event_handler.log_command:Invoking command in '/home/yanji/robot_screwing/src/mj_sim': CONDA_PROMPT_MODIFIER=(screwrobot) PYTHONPATH=/home/yanji/robot_screwing/build/mj_sim/prefix_override:/usr/lib/python3/dist-packages/colcon_core/task/python/colcon_distutils_commands:/home/yanji/robot_screwing/install/mj_sim/lib/python3.8/site-packages:${PYTHONPATH} /usr/bin/python3 -W ignore:setup.py install is deprecated -W ignore:easy_install command is deprecated setup.py egg_info --egg-base ../../build/mj_sim build --build-base /home/yanji/robot_screwing/build/mj_sim/build install --record /home/yanji/robot_screwing/build/mj_sim/install.log --install-scripts $base/lib/mj_sim --single-version-externally-managed install_data
[0.791s] DEBUG:colcon.colcon_core.event_handler.log_command:Invoked command in '/home/yanji/robot_screwing/src/real_robot' returned '0': CONDA_PROMPT_MODIFIER=(screwrobot) PYTHONPATH=/home/yanji/robot_screwing/build/real_robot/prefix_override:/usr/lib/python3/dist-packages/colcon_core/task/python/colcon_distutils_commands:/home/yanji/robot_screwing/install/real_robot/lib/python3.8/site-packages:${PYTHONPATH} /usr/bin/python3 -W ignore:setup.py install is deprecated -W ignore:easy_install command is deprecated setup.py egg_info --egg-base ../../build/real_robot build --build-base /home/yanji/robot_screwing/build/real_robot/build install --record /home/yanji/robot_screwing/build/real_robot/install.log --install-scripts $base/lib/real_robot --single-version-externally-managed install_data
[0.792s] Level 1:colcon.colcon_core.environment:checking '/home/yanji/robot_screwing/install/real_robot' for CMake module files
[0.792s] Level 1:colcon.colcon_core.environment:checking '/home/yanji/robot_screwing/install/real_robot' for CMake config files
[0.792s] Level 1:colcon.colcon_core.environment:checking '/home/yanji/robot_screwing/install/real_robot/lib'
[0.792s] Level 1:colcon.colcon_core.environment:checking '/home/yanji/robot_screwing/install/real_robot/bin'
[0.792s] Level 1:colcon.colcon_core.environment:checking '/home/yanji/robot_screwing/install/real_robot/lib/pkgconfig/real_robot.pc'
[0.793s] Level 1:colcon.colcon_core.environment:checking '/home/yanji/robot_screwing/install/real_robot/lib/python3.8/site-packages'
[0.793s] Level 1:colcon.colcon_core.shell:create_environment_hook('real_robot', 'pythonpath')
[0.793s] INFO:colcon.colcon_core.shell:Creating environment hook '/home/yanji/robot_screwing/install/real_robot/share/real_robot/hook/pythonpath.ps1'
[0.793s] INFO:colcon.colcon_core.shell:Creating environment descriptor '/home/yanji/robot_screwing/install/real_robot/share/real_robot/hook/pythonpath.dsv'
[0.793s] INFO:colcon.colcon_core.shell:Creating environment hook '/home/yanji/robot_screwing/install/real_robot/share/real_robot/hook/pythonpath.sh'
[0.793s] Level 1:colcon.colcon_core.environment:checking '/home/yanji/robot_screwing/install/real_robot/bin'
[0.793s] Level 1:colcon.colcon_core.environment:create_environment_scripts_only(real_robot)
[0.794s] INFO:colcon.colcon_core.shell:Creating package script '/home/yanji/robot_screwing/install/real_robot/share/real_robot/package.ps1'
[0.794s] INFO:colcon.colcon_core.shell:Creating package descriptor '/home/yanji/robot_screwing/install/real_robot/share/real_robot/package.dsv'
[0.794s] INFO:colcon.colcon_core.shell:Creating package script '/home/yanji/robot_screwing/install/real_robot/share/real_robot/package.sh'
[0.795s] INFO:colcon.colcon_core.shell:Creating package script '/home/yanji/robot_screwing/install/real_robot/share/real_robot/package.bash'
[0.795s] INFO:colcon.colcon_core.shell:Creating package script '/home/yanji/robot_screwing/install/real_robot/share/real_robot/package.zsh'
[0.795s] Level 1:colcon.colcon_core.environment:create_file_with_runtime_dependencies(/home/yanji/robot_screwing/install/real_robot/share/colcon-core/packages/real_robot)
[0.795s] Level 1:colcon.colcon_core.environment:checking '/home/yanji/robot_screwing/install/mj_sim' for CMake module files
[0.796s] Level 1:colcon.colcon_core.environment:checking '/home/yanji/robot_screwing/install/mj_sim' for CMake config files
[0.796s] DEBUG:colcon.colcon_core.event_handler.log_command:Invoked command in '/home/yanji/robot_screwing/src/mj_sim' returned '0': CONDA_PROMPT_MODIFIER=(screwrobot) PYTHONPATH=/home/yanji/robot_screwing/build/mj_sim/prefix_override:/usr/lib/python3/dist-packages/colcon_core/task/python/colcon_distutils_commands:/home/yanji/robot_screwing/install/mj_sim/lib/python3.8/site-packages:${PYTHONPATH} /usr/bin/python3 -W ignore:setup.py install is deprecated -W ignore:easy_install command is deprecated setup.py egg_info --egg-base ../../build/mj_sim build --build-base /home/yanji/robot_screwing/build/mj_sim/build install --record /home/yanji/robot_screwing/build/mj_sim/install.log --install-scripts $base/lib/mj_sim --single-version-externally-managed install_data
[0.796s] Level 1:colcon.colcon_core.environment:checking '/home/yanji/robot_screwing/install/mj_sim/lib'
[0.796s] Level 1:colcon.colcon_core.environment:checking '/home/yanji/robot_screwing/install/mj_sim/bin'
[0.796s] Level 1:colcon.colcon_core.environment:checking '/home/yanji/robot_screwing/install/mj_sim/lib/pkgconfig/mj_sim.pc'
[0.796s] Level 1:colcon.colcon_core.environment:checking '/home/yanji/robot_screwing/install/mj_sim/lib/python3.8/site-packages'
[0.796s] Level 1:colcon.colcon_core.shell:create_environment_hook('mj_sim', 'pythonpath')
[0.796s] INFO:colcon.colcon_core.shell:Creating environment hook '/home/yanji/robot_screwing/install/mj_sim/share/mj_sim/hook/pythonpath.ps1'
[0.797s] INFO:colcon.colcon_core.shell:Creating environment descriptor '/home/yanji/robot_screwing/install/mj_sim/share/mj_sim/hook/pythonpath.dsv'
[0.797s] INFO:colcon.colcon_core.shell:Creating environment hook '/home/yanji/robot_screwing/install/mj_sim/share/mj_sim/hook/pythonpath.sh'
[0.797s] Level 1:colcon.colcon_core.environment:checking '/home/yanji/robot_screwing/install/mj_sim/bin'
[0.797s] Level 1:colcon.colcon_core.environment:create_environment_scripts_only(mj_sim)
[0.797s] INFO:colcon.colcon_core.shell:Creating package script '/home/yanji/robot_screwing/install/mj_sim/share/mj_sim/package.ps1'
[0.797s] INFO:colcon.colcon_core.shell:Creating package descriptor '/home/yanji/robot_screwing/install/mj_sim/share/mj_sim/package.dsv'
[0.797s] INFO:colcon.colcon_core.shell:Creating package script '/home/yanji/robot_screwing/install/mj_sim/share/mj_sim/package.sh'
[0.798s] INFO:colcon.colcon_core.shell:Creating package script '/home/yanji/robot_screwing/install/mj_sim/share/mj_sim/package.bash'
[0.798s] INFO:colcon.colcon_core.shell:Creating package script '/home/yanji/robot_screwing/install/mj_sim/share/mj_sim/package.zsh'
[0.798s] Level 1:colcon.colcon_core.environment:create_file_with_runtime_dependencies(/home/yanji/robot_screwing/install/mj_sim/share/colcon-core/packages/mj_sim)
[2.601s] DEBUG:colcon.colcon_core.event_handler.log_command:Invoked command in '/home/yanji/robot_screwing/build/robot_msgs' returned '0': CMAKE_PREFIX_PATH=${CMAKE_PREFIX_PATH}:/home/yanji/robot_screwing/install/real_robot:/home/yanji/robot_screwing/install/mj_sim:/opt/ros/foxy CONDA_PROMPT_MODIFIER=(screwrobot) /usr/bin/cmake --build /home/yanji/robot_screwing/build/robot_msgs -- -j24 -l24
[2.606s] DEBUG:colcon.colcon_core.event_handler.log_command:Invoking command in '/home/yanji/robot_screwing/build/robot_msgs': CMAKE_PREFIX_PATH=${CMAKE_PREFIX_PATH}:/home/yanji/robot_screwing/install/real_robot:/home/yanji/robot_screwing/install/mj_sim:/opt/ros/foxy CONDA_PROMPT_MODIFIER=(screwrobot) /usr/bin/cmake --install /home/yanji/robot_screwing/build/robot_msgs
[2.636s] Level 1:colcon.colcon_core.environment:create_environment_scripts_only(robot_msgs)
[2.636s] Level 1:colcon.colcon_core.environment:checking '/home/yanji/robot_screwing/install/robot_msgs' for CMake module files
[2.637s] DEBUG:colcon.colcon_core.event_handler.log_command:Invoked command in '/home/yanji/robot_screwing/build/robot_msgs' returned '0': CMAKE_PREFIX_PATH=${CMAKE_PREFIX_PATH}:/home/yanji/robot_screwing/install/real_robot:/home/yanji/robot_screwing/install/mj_sim:/opt/ros/foxy CONDA_PROMPT_MODIFIER=(screwrobot) /usr/bin/cmake --install /home/yanji/robot_screwing/build/robot_msgs
[2.637s] Level 1:colcon.colcon_core.environment:checking '/home/yanji/robot_screwing/install/robot_msgs' for CMake config files
[2.637s] Level 1:colcon.colcon_core.shell:create_environment_hook('robot_msgs', 'cmake_prefix_path')
[2.637s] INFO:colcon.colcon_core.shell:Creating environment hook '/home/yanji/robot_screwing/install/robot_msgs/share/robot_msgs/hook/cmake_prefix_path.ps1'
[2.638s] INFO:colcon.colcon_core.shell:Creating environment descriptor '/home/yanji/robot_screwing/install/robot_msgs/share/robot_msgs/hook/cmake_prefix_path.dsv'
[2.638s] INFO:colcon.colcon_core.shell:Creating environment hook '/home/yanji/robot_screwing/install/robot_msgs/share/robot_msgs/hook/cmake_prefix_path.sh'
[2.638s] Level 1:colcon.colcon_core.environment:checking '/home/yanji/robot_screwing/install/robot_msgs/lib'
[2.638s] Level 1:colcon.colcon_core.shell:create_environment_hook('robot_msgs', 'ld_library_path_lib')
[2.638s] INFO:colcon.colcon_core.shell:Creating environment hook '/home/yanji/robot_screwing/install/robot_msgs/share/robot_msgs/hook/ld_library_path_lib.ps1'
[2.638s] INFO:colcon.colcon_core.shell:Creating environment descriptor '/home/yanji/robot_screwing/install/robot_msgs/share/robot_msgs/hook/ld_library_path_lib.dsv'
[2.638s] INFO:colcon.colcon_core.shell:Creating environment hook '/home/yanji/robot_screwing/install/robot_msgs/share/robot_msgs/hook/ld_library_path_lib.sh'
[2.639s] Level 1:colcon.colcon_core.environment:checking '/home/yanji/robot_screwing/install/robot_msgs/bin'
[2.639s] Level 1:colcon.colcon_core.environment:checking '/home/yanji/robot_screwing/install/robot_msgs/lib/pkgconfig/robot_msgs.pc'
[2.639s] Level 1:colcon.colcon_core.environment:checking '/home/yanji/robot_screwing/install/robot_msgs/lib/python3.8/site-packages'
[2.639s] Level 1:colcon.colcon_core.shell:create_environment_hook('robot_msgs', 'pythonpath')
[2.639s] INFO:colcon.colcon_core.shell:Creating environment hook '/home/yanji/robot_screwing/install/robot_msgs/share/robot_msgs/hook/pythonpath.ps1'
[2.639s] INFO:colcon.colcon_core.shell:Creating environment descriptor '/home/yanji/robot_screwing/install/robot_msgs/share/robot_msgs/hook/pythonpath.dsv'
[2.639s] INFO:colcon.colcon_core.shell:Creating environment hook '/home/yanji/robot_screwing/install/robot_msgs/share/robot_msgs/hook/pythonpath.sh'
[2.639s] Level 1:colcon.colcon_core.environment:checking '/home/yanji/robot_screwing/install/robot_msgs/bin'
[2.639s] INFO:colcon.colcon_core.shell:Creating package script '/home/yanji/robot_screwing/install/robot_msgs/share/robot_msgs/package.ps1'
[2.640s] INFO:colcon.colcon_core.shell:Creating package descriptor '/home/yanji/robot_screwing/install/robot_msgs/share/robot_msgs/package.dsv'
[2.640s] INFO:colcon.colcon_core.shell:Creating package script '/home/yanji/robot_screwing/install/robot_msgs/share/robot_msgs/package.sh'
[2.640s] INFO:colcon.colcon_core.shell:Creating package script '/home/yanji/robot_screwing/install/robot_msgs/share/robot_msgs/package.bash'
[2.640s] INFO:colcon.colcon_core.shell:Creating package script '/home/yanji/robot_screwing/install/robot_msgs/share/robot_msgs/package.zsh'
[2.640s] Level 1:colcon.colcon_core.environment:create_file_with_runtime_dependencies(/home/yanji/robot_screwing/install/robot_msgs/share/colcon-core/packages/robot_msgs)
[2.640s] Level 1:colcon.colcon_core.environment:create_environment_scripts_only(robot_msgs)
[2.640s] Level 1:colcon.colcon_core.environment:checking '/home/yanji/robot_screwing/install/robot_msgs' for CMake module files
[2.641s] Level 1:colcon.colcon_core.environment:checking '/home/yanji/robot_screwing/install/robot_msgs' for CMake config files
[2.641s] Level 1:colcon.colcon_core.shell:create_environment_hook('robot_msgs', 'cmake_prefix_path')
[2.641s] INFO:colcon.colcon_core.shell:Creating environment hook '/home/yanji/robot_screwing/install/robot_msgs/share/robot_msgs/hook/cmake_prefix_path.ps1'
[2.641s] INFO:colcon.colcon_core.shell:Creating environment descriptor '/home/yanji/robot_screwing/install/robot_msgs/share/robot_msgs/hook/cmake_prefix_path.dsv'
[2.641s] INFO:colcon.colcon_core.shell:Creating environment hook '/home/yanji/robot_screwing/install/robot_msgs/share/robot_msgs/hook/cmake_prefix_path.sh'
[2.642s] Level 1:colcon.colcon_core.environment:checking '/home/yanji/robot_screwing/install/robot_msgs/lib'
[2.642s] Level 1:colcon.colcon_core.shell:create_environment_hook('robot_msgs', 'ld_library_path_lib')
[2.642s] INFO:colcon.colcon_core.shell:Creating environment hook '/home/yanji/robot_screwing/install/robot_msgs/share/robot_msgs/hook/ld_library_path_lib.ps1'
[2.642s] INFO:colcon.colcon_core.shell:Creating environment descriptor '/home/yanji/robot_screwing/install/robot_msgs/share/robot_msgs/hook/ld_library_path_lib.dsv'
[2.642s] INFO:colcon.colcon_core.shell:Creating environment hook '/home/yanji/robot_screwing/install/robot_msgs/share/robot_msgs/hook/ld_library_path_lib.sh'
[2.642s] Level 1:colcon.colcon_core.environment:checking '/home/yanji/robot_screwing/install/robot_msgs/bin'
[2.642s] Level 1:colcon.colcon_core.environment:checking '/home/yanji/robot_screwing/install/robot_msgs/lib/pkgconfig/robot_msgs.pc'
[2.642s] Level 1:colcon.colcon_core.environment:checking '/home/yanji/robot_screwing/install/robot_msgs/lib/python3.8/site-packages'
[2.642s] Level 1:colcon.colcon_core.shell:create_environment_hook('robot_msgs', 'pythonpath')
[2.642s] INFO:colcon.colcon_core.shell:Creating environment hook '/home/yanji/robot_screwing/install/robot_msgs/share/robot_msgs/hook/pythonpath.ps1'
[2.642s] INFO:colcon.colcon_core.shell:Creating environment descriptor '/home/yanji/robot_screwing/install/robot_msgs/share/robot_msgs/hook/pythonpath.dsv'
[2.642s] INFO:colcon.colcon_core.shell:Creating environment hook '/home/yanji/robot_screwing/install/robot_msgs/share/robot_msgs/hook/pythonpath.sh'
[2.643s] Level 1:colcon.colcon_core.environment:checking '/home/yanji/robot_screwing/install/robot_msgs/bin'
[2.643s] INFO:colcon.colcon_core.shell:Creating package script '/home/yanji/robot_screwing/install/robot_msgs/share/robot_msgs/package.ps1'
[2.643s] INFO:colcon.colcon_core.shell:Creating package descriptor '/home/yanji/robot_screwing/install/robot_msgs/share/robot_msgs/package.dsv'
[2.643s] INFO:colcon.colcon_core.shell:Creating package script '/home/yanji/robot_screwing/install/robot_msgs/share/robot_msgs/package.sh'
[2.643s] INFO:colcon.colcon_core.shell:Creating package script '/home/yanji/robot_screwing/install/robot_msgs/share/robot_msgs/package.bash'
[2.643s] INFO:colcon.colcon_core.shell:Creating package script '/home/yanji/robot_screwing/install/robot_msgs/share/robot_msgs/package.zsh'
[2.644s] Level 1:colcon.colcon_core.environment:create_file_with_runtime_dependencies(/home/yanji/robot_screwing/install/robot_msgs/share/colcon-core/packages/robot_msgs)
[2.644s] DEBUG:colcon.colcon_parallel_executor.executor.parallel:closing loop
[2.644s] DEBUG:colcon.colcon_parallel_executor.executor.parallel:loop closed
[2.644s] DEBUG:colcon.colcon_parallel_executor.executor.parallel:run_until_complete finished with '0'
[2.644s] DEBUG:colcon.colcon_core.event_reactor:joining thread
[2.646s] INFO:colcon.colcon_core.plugin_system:Skipping extension 'colcon_notification.desktop_notification.terminal_notifier': Not used on non-Darwin systems
[2.646s] INFO:colcon.colcon_core.plugin_system:Skipping extension 'colcon_notification.desktop_notification.win32': Not used on non-Windows systems
[2.646s] INFO:colcon.colcon_notification.desktop_notification:Sending desktop notification using 'notify2'
[2.654s] DEBUG:colcon.colcon_core.event_reactor:joined thread
[2.654s] INFO:colcon.colcon_core.shell:Creating prefix script '/home/yanji/robot_screwing/install/local_setup.ps1'
[2.655s] INFO:colcon.colcon_core.shell:Creating prefix util module '/home/yanji/robot_screwing/install/_local_setup_util_ps1.py'
[2.655s] INFO:colcon.colcon_core.shell:Creating prefix chain script '/home/yanji/robot_screwing/install/setup.ps1'
[2.656s] INFO:colcon.colcon_core.shell:Creating prefix script '/home/yanji/robot_screwing/install/local_setup.sh'
[2.656s] INFO:colcon.colcon_core.shell:Creating prefix util module '/home/yanji/robot_screwing/install/_local_setup_util_sh.py'
[2.656s] INFO:colcon.colcon_core.shell:Creating prefix chain script '/home/yanji/robot_screwing/install/setup.sh'
[2.657s] INFO:colcon.colcon_core.shell:Creating prefix script '/home/yanji/robot_screwing/install/local_setup.bash'
[2.657s] INFO:colcon.colcon_core.shell:Creating prefix chain script '/home/yanji/robot_screwing/install/setup.bash'
[2.657s] INFO:colcon.colcon_core.shell:Creating prefix script '/home/yanji/robot_screwing/install/local_setup.zsh'
[2.657s] INFO:colcon.colcon_core.shell:Creating prefix chain script '/home/yanji/robot_screwing/install/setup.zsh'
