running egg_info
writing ../../build/mj_sim/mj_sim.egg-info/PKG-INFO
writing dependency_links to ../../build/mj_sim/mj_sim.egg-info/dependency_links.txt
writing entry points to ../../build/mj_sim/mj_sim.egg-info/entry_points.txt
writing requirements to ../../build/mj_sim/mj_sim.egg-info/requires.txt
writing top-level names to ../../build/mj_sim/mj_sim.egg-info/top_level.txt
reading manifest file '../../build/mj_sim/mj_sim.egg-info/SOURCES.txt'
writing manifest file '../../build/mj_sim/mj_sim.egg-info/SOURCES.txt'
running build
running build_py
running install
running install_lib
running install_data
running install_egg_info
removing '/home/yanji/robot_screwing/install/mj_sim/lib/python3.8/site-packages/mj_sim-0.0.0-py3.8.egg-info' (and everything under it)
Copying ../../build/mj_sim/mj_sim.egg-info to /home/yanji/robot_screwing/install/mj_sim/lib/python3.8/site-packages/mj_sim-0.0.0-py3.8.egg-info
running install_scripts
Installing mpc_node script to /home/yanji/robot_screwing/install/mj_sim/lib/mj_sim
Installing robot_sim_env script to /home/yanji/robot_screwing/install/mj_sim/lib/mj_sim
writing list of installed files to '/home/yanji/robot_screwing/build/mj_sim/install.log'
