running egg_info
creating ../../build/mj_sim/mj_sim.egg-info
writing ../../build/mj_sim/mj_sim.egg-info/PKG-INFO
writing dependency_links to ../../build/mj_sim/mj_sim.egg-info/dependency_links.txt
writing entry points to ../../build/mj_sim/mj_sim.egg-info/entry_points.txt
writing requirements to ../../build/mj_sim/mj_sim.egg-info/requires.txt
writing top-level names to ../../build/mj_sim/mj_sim.egg-info/top_level.txt
writing manifest file '../../build/mj_sim/mj_sim.egg-info/SOURCES.txt'
reading manifest file '../../build/mj_sim/mj_sim.egg-info/SOURCES.txt'
writing manifest file '../../build/mj_sim/mj_sim.egg-info/SOURCES.txt'
running build
running build_py
creating /home/yanji/robot_screwing/build/mj_sim/build
creating /home/yanji/robot_screwing/build/mj_sim/build/lib
creating /home/yanji/robot_screwing/build/mj_sim/build/lib/mj_sim
copying mj_sim/__init__.py -> /home/yanji/robot_screwing/build/mj_sim/build/lib/mj_sim
copying mj_sim/robot_kinetic.py -> /home/yanji/robot_screwing/build/mj_sim/build/lib/mj_sim
copying mj_sim/utils.py -> /home/yanji/robot_screwing/build/mj_sim/build/lib/mj_sim
copying mj_sim/test.py -> /home/yanji/robot_screwing/build/mj_sim/build/lib/mj_sim
copying mj_sim/robot_sim_env.py -> /home/yanji/robot_screwing/build/mj_sim/build/lib/mj_sim
running install
running install_lib
creating /home/yanji/robot_screwing/install/mj_sim/lib/python3.8/site-packages/mj_sim
copying /home/yanji/robot_screwing/build/mj_sim/build/lib/mj_sim/__init__.py -> /home/yanji/robot_screwing/install/mj_sim/lib/python3.8/site-packages/mj_sim
copying /home/yanji/robot_screwing/build/mj_sim/build/lib/mj_sim/robot_kinetic.py -> /home/yanji/robot_screwing/install/mj_sim/lib/python3.8/site-packages/mj_sim
copying /home/yanji/robot_screwing/build/mj_sim/build/lib/mj_sim/utils.py -> /home/yanji/robot_screwing/install/mj_sim/lib/python3.8/site-packages/mj_sim
copying /home/yanji/robot_screwing/build/mj_sim/build/lib/mj_sim/test.py -> /home/yanji/robot_screwing/install/mj_sim/lib/python3.8/site-packages/mj_sim
copying /home/yanji/robot_screwing/build/mj_sim/build/lib/mj_sim/robot_sim_env.py -> /home/yanji/robot_screwing/install/mj_sim/lib/python3.8/site-packages/mj_sim
byte-compiling /home/yanji/robot_screwing/install/mj_sim/lib/python3.8/site-packages/mj_sim/__init__.py to __init__.cpython-38.pyc
byte-compiling /home/yanji/robot_screwing/install/mj_sim/lib/python3.8/site-packages/mj_sim/robot_kinetic.py to robot_kinetic.cpython-38.pyc
byte-compiling /home/yanji/robot_screwing/install/mj_sim/lib/python3.8/site-packages/mj_sim/utils.py to utils.cpython-38.pyc
byte-compiling /home/yanji/robot_screwing/install/mj_sim/lib/python3.8/site-packages/mj_sim/test.py to test.cpython-38.pyc
byte-compiling /home/yanji/robot_screwing/install/mj_sim/lib/python3.8/site-packages/mj_sim/robot_sim_env.py to robot_sim_env.cpython-38.pyc
running install_data
creating /home/yanji/robot_screwing/install/mj_sim/share/ament_index
creating /home/yanji/robot_screwing/install/mj_sim/share/ament_index/resource_index
creating /home/yanji/robot_screwing/install/mj_sim/share/ament_index/resource_index/packages
copying resource/mj_sim -> /home/yanji/robot_screwing/install/mj_sim/share/ament_index/resource_index/packages
copying package.xml -> /home/yanji/robot_screwing/install/mj_sim/share/mj_sim
running install_egg_info
Copying ../../build/mj_sim/mj_sim.egg-info to /home/yanji/robot_screwing/install/mj_sim/lib/python3.8/site-packages/mj_sim-0.0.0-py3.8.egg-info
running install_scripts
Installing robot_sim_env script to /home/yanji/robot_screwing/install/mj_sim/lib/mj_sim
writing list of installed files to '/home/yanji/robot_screwing/build/mj_sim/install.log'
