[0.430s] Invoking command in '/home/yanji/robot_screwing/src/mj_sim': CONDA_PROMPT_MODIFIER=(screwrobot) PYTHONPATH=/home/yanji/robot_screwing/build/mj_sim/prefix_override:/usr/lib/python3/dist-packages/colcon_core/task/python/colcon_distutils_commands:/home/yanji/robot_screwing/install/mj_sim/lib/python3.8/site-packages:${PYTHONPATH} /usr/bin/python3 -W ignore:setup.py install is deprecated -W ignore:easy_install command is deprecated setup.py egg_info --egg-base ../../build/mj_sim build --build-base /home/yanji/robot_screwing/build/mj_sim/build install --record /home/yanji/robot_screwing/build/mj_sim/install.log --install-scripts $base/lib/mj_sim --single-version-externally-managed install_data
[0.525s] running egg_info
[0.525s] creating ../../build/mj_sim/mj_sim.egg-info
[0.525s] writing ../../build/mj_sim/mj_sim.egg-info/PKG-INFO
[0.525s] writing dependency_links to ../../build/mj_sim/mj_sim.egg-info/dependency_links.txt
[0.525s] writing entry points to ../../build/mj_sim/mj_sim.egg-info/entry_points.txt
[0.525s] writing requirements to ../../build/mj_sim/mj_sim.egg-info/requires.txt
[0.525s] writing top-level names to ../../build/mj_sim/mj_sim.egg-info/top_level.txt
[0.526s] writing manifest file '../../build/mj_sim/mj_sim.egg-info/SOURCES.txt'
[0.541s] reading manifest file '../../build/mj_sim/mj_sim.egg-info/SOURCES.txt'
[0.541s] writing manifest file '../../build/mj_sim/mj_sim.egg-info/SOURCES.txt'
[0.541s] running build
[0.541s] running build_py
[0.541s] creating /home/yanji/robot_screwing/build/mj_sim/build
[0.541s] creating /home/yanji/robot_screwing/build/mj_sim/build/lib
[0.541s] creating /home/yanji/robot_screwing/build/mj_sim/build/lib/mj_sim
[0.541s] copying mj_sim/__init__.py -> /home/yanji/robot_screwing/build/mj_sim/build/lib/mj_sim
[0.542s] copying mj_sim/robot_kinetic.py -> /home/yanji/robot_screwing/build/mj_sim/build/lib/mj_sim
[0.542s] copying mj_sim/utils.py -> /home/yanji/robot_screwing/build/mj_sim/build/lib/mj_sim
[0.542s] copying mj_sim/test.py -> /home/yanji/robot_screwing/build/mj_sim/build/lib/mj_sim
[0.542s] copying mj_sim/robot_sim_env.py -> /home/yanji/robot_screwing/build/mj_sim/build/lib/mj_sim
[0.542s] running install
[0.542s] running install_lib
[0.542s] creating /home/yanji/robot_screwing/install/mj_sim/lib/python3.8/site-packages/mj_sim
[0.542s] copying /home/yanji/robot_screwing/build/mj_sim/build/lib/mj_sim/__init__.py -> /home/yanji/robot_screwing/install/mj_sim/lib/python3.8/site-packages/mj_sim
[0.543s] copying /home/yanji/robot_screwing/build/mj_sim/build/lib/mj_sim/robot_kinetic.py -> /home/yanji/robot_screwing/install/mj_sim/lib/python3.8/site-packages/mj_sim
[0.543s] copying /home/yanji/robot_screwing/build/mj_sim/build/lib/mj_sim/utils.py -> /home/yanji/robot_screwing/install/mj_sim/lib/python3.8/site-packages/mj_sim
[0.543s] copying /home/yanji/robot_screwing/build/mj_sim/build/lib/mj_sim/test.py -> /home/yanji/robot_screwing/install/mj_sim/lib/python3.8/site-packages/mj_sim
[0.543s] copying /home/yanji/robot_screwing/build/mj_sim/build/lib/mj_sim/robot_sim_env.py -> /home/yanji/robot_screwing/install/mj_sim/lib/python3.8/site-packages/mj_sim
[0.543s] byte-compiling /home/yanji/robot_screwing/install/mj_sim/lib/python3.8/site-packages/mj_sim/__init__.py to __init__.cpython-38.pyc
[0.544s] byte-compiling /home/yanji/robot_screwing/install/mj_sim/lib/python3.8/site-packages/mj_sim/robot_kinetic.py to robot_kinetic.cpython-38.pyc
[0.544s] byte-compiling /home/yanji/robot_screwing/install/mj_sim/lib/python3.8/site-packages/mj_sim/utils.py to utils.cpython-38.pyc
[0.544s] byte-compiling /home/yanji/robot_screwing/install/mj_sim/lib/python3.8/site-packages/mj_sim/test.py to test.cpython-38.pyc
[0.544s] byte-compiling /home/yanji/robot_screwing/install/mj_sim/lib/python3.8/site-packages/mj_sim/robot_sim_env.py to robot_sim_env.cpython-38.pyc
[0.546s] running install_data
[0.546s] creating /home/yanji/robot_screwing/install/mj_sim/share/ament_index
[0.546s] creating /home/yanji/robot_screwing/install/mj_sim/share/ament_index/resource_index
[0.547s] creating /home/yanji/robot_screwing/install/mj_sim/share/ament_index/resource_index/packages
[0.547s] copying resource/mj_sim -> /home/yanji/robot_screwing/install/mj_sim/share/ament_index/resource_index/packages
[0.547s] copying package.xml -> /home/yanji/robot_screwing/install/mj_sim/share/mj_sim
[0.547s] running install_egg_info
[0.547s] Copying ../../build/mj_sim/mj_sim.egg-info to /home/yanji/robot_screwing/install/mj_sim/lib/python3.8/site-packages/mj_sim-0.0.0-py3.8.egg-info
[0.548s] running install_scripts
[0.555s] Installing robot_sim_env script to /home/yanji/robot_screwing/install/mj_sim/lib/mj_sim
[0.555s] writing list of installed files to '/home/yanji/robot_screwing/build/mj_sim/install.log'
[0.571s] Invoked command in '/home/yanji/robot_screwing/src/mj_sim' returned '0': CONDA_PROMPT_MODIFIER=(screwrobot) PYTHONPATH=/home/yanji/robot_screwing/build/mj_sim/prefix_override:/usr/lib/python3/dist-packages/colcon_core/task/python/colcon_distutils_commands:/home/yanji/robot_screwing/install/mj_sim/lib/python3.8/site-packages:${PYTHONPATH} /usr/bin/python3 -W ignore:setup.py install is deprecated -W ignore:easy_install command is deprecated setup.py egg_info --egg-base ../../build/mj_sim build --build-base /home/yanji/robot_screwing/build/mj_sim/build install --record /home/yanji/robot_screwing/build/mj_sim/install.log --install-scripts $base/lib/mj_sim --single-version-externally-managed install_data
