[0.123s] DEBUG:colcon:Command line arguments: ['/usr/bin/colcon', 'build']
[0.123s] DEBUG:colcon:Parsed command line arguments: Namespace(allow_overriding=[], ament_cmake_args=None, base_paths=['.'], build_base='build', catkin_cmake_args=None, catkin_skip_building_tests=False, cmake_args=None, cmake_clean_cache=False, cmake_clean_first=False, cmake_force_configure=False, cmake_target=None, cmake_target_skip_unavailable=False, continue_on_error=False, event_handlers=None, executor='parallel', ignore_user_meta=False, install_base='install', log_base=None, log_level=None, main=<bound method BuildVerb.main of <colcon_core.verb.build.BuildVerb object at 0x7f67839a1cd0>>, merge_install=False, metas=['./colcon.meta'], packages_above=None, packages_above_and_dependencies=None, packages_above_depth=None, packages_end=None, packages_ignore=None, packages_ignore_regex=None, packages_select=None, packages_select_build_failed=False, packages_select_by_dep=None, packages_select_regex=None, packages_select_test_failures=False, packages_skip=None, packages_skip_build_finished=False, packages_skip_by_dep=None, packages_skip_regex=None, packages_skip_test_passed=False, packages_skip_up_to=None, packages_start=None, packages_up_to=None, packages_up_to_regex=None, parallel_workers=24, paths=None, symlink_install=False, test_result_base=None, verb_extension=<colcon_core.verb.build.BuildVerb object at 0x7f67839a1cd0>, verb_name='build', verb_parser=<colcon_defaults.argument_parser.defaults.DefaultArgumentsDecorator object at 0x7f67838a6a30>)
[0.199s] Level 1:colcon.colcon_core.package_discovery:discover_packages(colcon_meta) check parameters
[0.199s] Level 1:colcon.colcon_core.package_discovery:discover_packages(recursive) check parameters
[0.199s] Level 1:colcon.colcon_core.package_discovery:discover_packages(ignore) check parameters
[0.199s] Level 1:colcon.colcon_core.package_discovery:discover_packages(path) check parameters
[0.199s] Level 1:colcon.colcon_core.package_discovery:discover_packages(colcon_meta) discover
[0.199s] Level 1:colcon.colcon_core.package_discovery:discover_packages(recursive) discover
[0.199s] INFO:colcon.colcon_core.package_discovery:Crawling recursively for packages in '/home/yanji/robot_screwing'
[0.199s] Level 1:colcon.colcon_core.package_identification:_identify(.) by extensions ['ignore', 'ignore_ament_install']
[0.199s] Level 1:colcon.colcon_core.package_identification:_identify(.) by extension 'ignore'
[0.199s] Level 1:colcon.colcon_core.package_identification:_identify(.) by extension 'ignore_ament_install'
[0.199s] Level 1:colcon.colcon_core.package_identification:_identify(.) by extensions ['colcon_pkg']
[0.199s] Level 1:colcon.colcon_core.package_identification:_identify(.) by extension 'colcon_pkg'
[0.199s] Level 1:colcon.colcon_core.package_identification:_identify(.) by extensions ['colcon_meta']
[0.199s] Level 1:colcon.colcon_core.package_identification:_identify(.) by extension 'colcon_meta'
[0.199s] Level 1:colcon.colcon_core.package_identification:_identify(.) by extensions ['ros']
[0.199s] Level 1:colcon.colcon_core.package_identification:_identify(.) by extension 'ros'
[0.213s] Level 1:colcon.colcon_core.package_identification:_identify(.) by extensions ['cmake', 'python']
[0.213s] Level 1:colcon.colcon_core.package_identification:_identify(.) by extension 'cmake'
[0.213s] Level 1:colcon.colcon_core.package_identification:_identify(.) by extension 'python'
[0.213s] Level 1:colcon.colcon_core.package_identification:_identify(.) by extensions ['python_setup_py']
[0.213s] Level 1:colcon.colcon_core.package_identification:_identify(.) by extension 'python_setup_py'
[0.214s] Level 1:colcon.colcon_core.package_identification:_identify(build) by extensions ['ignore', 'ignore_ament_install']
[0.214s] Level 1:colcon.colcon_core.package_identification:_identify(build) by extension 'ignore'
[0.214s] Level 1:colcon.colcon_core.package_identification:_identify(build) ignored
[0.214s] Level 1:colcon.colcon_core.package_identification:_identify(install) by extensions ['ignore', 'ignore_ament_install']
[0.214s] Level 1:colcon.colcon_core.package_identification:_identify(install) by extension 'ignore'
[0.214s] Level 1:colcon.colcon_core.package_identification:_identify(install) ignored
[0.214s] Level 1:colcon.colcon_core.package_identification:_identify(log) by extensions ['ignore', 'ignore_ament_install']
[0.214s] Level 1:colcon.colcon_core.package_identification:_identify(log) by extension 'ignore'
[0.214s] Level 1:colcon.colcon_core.package_identification:_identify(log) ignored
[0.214s] Level 1:colcon.colcon_core.package_identification:_identify(src) by extensions ['ignore', 'ignore_ament_install']
[0.214s] Level 1:colcon.colcon_core.package_identification:_identify(src) by extension 'ignore'
[0.214s] Level 1:colcon.colcon_core.package_identification:_identify(src) by extension 'ignore_ament_install'
[0.214s] Level 1:colcon.colcon_core.package_identification:_identify(src) by extensions ['colcon_pkg']
[0.214s] Level 1:colcon.colcon_core.package_identification:_identify(src) by extension 'colcon_pkg'
[0.214s] Level 1:colcon.colcon_core.package_identification:_identify(src) by extensions ['colcon_meta']
[0.214s] Level 1:colcon.colcon_core.package_identification:_identify(src) by extension 'colcon_meta'
[0.214s] Level 1:colcon.colcon_core.package_identification:_identify(src) by extensions ['ros']
[0.214s] Level 1:colcon.colcon_core.package_identification:_identify(src) by extension 'ros'
[0.214s] Level 1:colcon.colcon_core.package_identification:_identify(src) by extensions ['cmake', 'python']
[0.214s] Level 1:colcon.colcon_core.package_identification:_identify(src) by extension 'cmake'
[0.214s] Level 1:colcon.colcon_core.package_identification:_identify(src) by extension 'python'
[0.214s] Level 1:colcon.colcon_core.package_identification:_identify(src) by extensions ['python_setup_py']
[0.214s] Level 1:colcon.colcon_core.package_identification:_identify(src) by extension 'python_setup_py'
[0.214s] Level 1:colcon.colcon_core.package_identification:_identify(src/mj_sim) by extensions ['ignore', 'ignore_ament_install']
[0.214s] Level 1:colcon.colcon_core.package_identification:_identify(src/mj_sim) by extension 'ignore'
[0.214s] Level 1:colcon.colcon_core.package_identification:_identify(src/mj_sim) by extension 'ignore_ament_install'
[0.214s] Level 1:colcon.colcon_core.package_identification:_identify(src/mj_sim) by extensions ['colcon_pkg']
[0.214s] Level 1:colcon.colcon_core.package_identification:_identify(src/mj_sim) by extension 'colcon_pkg'
[0.214s] Level 1:colcon.colcon_core.package_identification:_identify(src/mj_sim) by extensions ['colcon_meta']
[0.214s] Level 1:colcon.colcon_core.package_identification:_identify(src/mj_sim) by extension 'colcon_meta'
[0.214s] Level 1:colcon.colcon_core.package_identification:_identify(src/mj_sim) by extensions ['ros']
[0.214s] Level 1:colcon.colcon_core.package_identification:_identify(src/mj_sim) by extension 'ros'
[0.216s] DEBUG:colcon.colcon_core.package_identification:Package 'src/mj_sim' with type 'ros.ament_python' and name 'mj_sim'
[0.216s] Level 1:colcon.colcon_core.package_identification:_identify(src/real_robot) by extensions ['ignore', 'ignore_ament_install']
[0.216s] Level 1:colcon.colcon_core.package_identification:_identify(src/real_robot) by extension 'ignore'
[0.216s] Level 1:colcon.colcon_core.package_identification:_identify(src/real_robot) by extension 'ignore_ament_install'
[0.216s] Level 1:colcon.colcon_core.package_identification:_identify(src/real_robot) by extensions ['colcon_pkg']
[0.216s] Level 1:colcon.colcon_core.package_identification:_identify(src/real_robot) by extension 'colcon_pkg'
[0.216s] Level 1:colcon.colcon_core.package_identification:_identify(src/real_robot) by extensions ['colcon_meta']
[0.216s] Level 1:colcon.colcon_core.package_identification:_identify(src/real_robot) by extension 'colcon_meta'
[0.216s] Level 1:colcon.colcon_core.package_identification:_identify(src/real_robot) by extensions ['ros']
[0.216s] Level 1:colcon.colcon_core.package_identification:_identify(src/real_robot) by extension 'ros'
[0.216s] DEBUG:colcon.colcon_core.package_identification:Package 'src/real_robot' with type 'ros.ament_python' and name 'real_robot'
[0.217s] Level 1:colcon.colcon_core.package_identification:_identify(src/robot_msgs) by extensions ['ignore', 'ignore_ament_install']
[0.217s] Level 1:colcon.colcon_core.package_identification:_identify(src/robot_msgs) by extension 'ignore'
[0.217s] Level 1:colcon.colcon_core.package_identification:_identify(src/robot_msgs) by extension 'ignore_ament_install'
[0.217s] Level 1:colcon.colcon_core.package_identification:_identify(src/robot_msgs) by extensions ['colcon_pkg']
[0.217s] Level 1:colcon.colcon_core.package_identification:_identify(src/robot_msgs) by extension 'colcon_pkg'
[0.217s] Level 1:colcon.colcon_core.package_identification:_identify(src/robot_msgs) by extensions ['colcon_meta']
[0.217s] Level 1:colcon.colcon_core.package_identification:_identify(src/robot_msgs) by extension 'colcon_meta'
[0.217s] Level 1:colcon.colcon_core.package_identification:_identify(src/robot_msgs) by extensions ['ros']
[0.217s] Level 1:colcon.colcon_core.package_identification:_identify(src/robot_msgs) by extension 'ros'
[0.217s] DEBUG:colcon.colcon_core.package_identification:Package 'src/robot_msgs' with type 'ros.ament_cmake' and name 'robot_msgs'
[0.217s] Level 1:colcon.colcon_core.package_discovery:discover_packages(recursive) using defaults
[0.217s] Level 1:colcon.colcon_core.package_discovery:discover_packages(ignore) discover
[0.217s] Level 1:colcon.colcon_core.package_discovery:discover_packages(ignore) using defaults
[0.217s] Level 1:colcon.colcon_core.package_discovery:discover_packages(path) discover
[0.217s] Level 1:colcon.colcon_core.package_discovery:discover_packages(path) using defaults
[0.226s] Level 1:colcon.colcon_core.package_discovery:discover_packages(prefix_path) check parameters
[0.227s] Level 1:colcon.colcon_core.package_discovery:discover_packages(prefix_path) discover
[0.228s] DEBUG:colcon.colcon_installed_package_information.package_discovery:Found 3 installed packages in /home/yanji/robot_screwing/install
[0.228s] DEBUG:colcon.colcon_installed_package_information.package_discovery:Found 260 installed packages in /opt/ros/foxy
[0.229s] Level 1:colcon.colcon_core.package_discovery:discover_packages(prefix_path) using defaults
[0.256s] Level 5:colcon.colcon_core.verb:set package 'mj_sim' build argument 'cmake_args' from command line to 'None'
[0.256s] Level 5:colcon.colcon_core.verb:set package 'mj_sim' build argument 'cmake_target' from command line to 'None'
[0.256s] Level 5:colcon.colcon_core.verb:set package 'mj_sim' build argument 'cmake_target_skip_unavailable' from command line to 'False'
[0.256s] Level 5:colcon.colcon_core.verb:set package 'mj_sim' build argument 'cmake_clean_cache' from command line to 'False'
[0.256s] Level 5:colcon.colcon_core.verb:set package 'mj_sim' build argument 'cmake_clean_first' from command line to 'False'
[0.256s] Level 5:colcon.colcon_core.verb:set package 'mj_sim' build argument 'cmake_force_configure' from command line to 'False'
[0.256s] Level 5:colcon.colcon_core.verb:set package 'mj_sim' build argument 'ament_cmake_args' from command line to 'None'
[0.256s] Level 5:colcon.colcon_core.verb:set package 'mj_sim' build argument 'catkin_cmake_args' from command line to 'None'
[0.256s] Level 5:colcon.colcon_core.verb:set package 'mj_sim' build argument 'catkin_skip_building_tests' from command line to 'False'
[0.257s] DEBUG:colcon.colcon_core.verb:Building package 'mj_sim' with the following arguments: {'ament_cmake_args': None, 'build_base': '/home/yanji/robot_screwing/build/mj_sim', 'catkin_cmake_args': None, 'catkin_skip_building_tests': False, 'cmake_args': None, 'cmake_clean_cache': False, 'cmake_clean_first': False, 'cmake_force_configure': False, 'cmake_target': None, 'cmake_target_skip_unavailable': False, 'install_base': '/home/yanji/robot_screwing/install/mj_sim', 'merge_install': False, 'path': '/home/yanji/robot_screwing/src/mj_sim', 'symlink_install': False, 'test_result_base': None}
[0.257s] Level 5:colcon.colcon_core.verb:set package 'real_robot' build argument 'cmake_args' from command line to 'None'
[0.257s] Level 5:colcon.colcon_core.verb:set package 'real_robot' build argument 'cmake_target' from command line to 'None'
[0.257s] Level 5:colcon.colcon_core.verb:set package 'real_robot' build argument 'cmake_target_skip_unavailable' from command line to 'False'
[0.257s] Level 5:colcon.colcon_core.verb:set package 'real_robot' build argument 'cmake_clean_cache' from command line to 'False'
[0.257s] Level 5:colcon.colcon_core.verb:set package 'real_robot' build argument 'cmake_clean_first' from command line to 'False'
[0.257s] Level 5:colcon.colcon_core.verb:set package 'real_robot' build argument 'cmake_force_configure' from command line to 'False'
[0.257s] Level 5:colcon.colcon_core.verb:set package 'real_robot' build argument 'ament_cmake_args' from command line to 'None'
[0.257s] Level 5:colcon.colcon_core.verb:set package 'real_robot' build argument 'catkin_cmake_args' from command line to 'None'
[0.257s] Level 5:colcon.colcon_core.verb:set package 'real_robot' build argument 'catkin_skip_building_tests' from command line to 'False'
[0.257s] DEBUG:colcon.colcon_core.verb:Building package 'real_robot' with the following arguments: {'ament_cmake_args': None, 'build_base': '/home/yanji/robot_screwing/build/real_robot', 'catkin_cmake_args': None, 'catkin_skip_building_tests': False, 'cmake_args': None, 'cmake_clean_cache': False, 'cmake_clean_first': False, 'cmake_force_configure': False, 'cmake_target': None, 'cmake_target_skip_unavailable': False, 'install_base': '/home/yanji/robot_screwing/install/real_robot', 'merge_install': False, 'path': '/home/yanji/robot_screwing/src/real_robot', 'symlink_install': False, 'test_result_base': None}
[0.257s] Level 5:colcon.colcon_core.verb:set package 'robot_msgs' build argument 'cmake_args' from command line to 'None'
[0.257s] Level 5:colcon.colcon_core.verb:set package 'robot_msgs' build argument 'cmake_target' from command line to 'None'
[0.257s] Level 5:colcon.colcon_core.verb:set package 'robot_msgs' build argument 'cmake_target_skip_unavailable' from command line to 'False'
[0.257s] Level 5:colcon.colcon_core.verb:set package 'robot_msgs' build argument 'cmake_clean_cache' from command line to 'False'
[0.257s] Level 5:colcon.colcon_core.verb:set package 'robot_msgs' build argument 'cmake_clean_first' from command line to 'False'
[0.257s] Level 5:colcon.colcon_core.verb:set package 'robot_msgs' build argument 'cmake_force_configure' from command line to 'False'
[0.257s] Level 5:colcon.colcon_core.verb:set package 'robot_msgs' build argument 'ament_cmake_args' from command line to 'None'
[0.257s] Level 5:colcon.colcon_core.verb:set package 'robot_msgs' build argument 'catkin_cmake_args' from command line to 'None'
[0.257s] Level 5:colcon.colcon_core.verb:set package 'robot_msgs' build argument 'catkin_skip_building_tests' from command line to 'False'
[0.257s] DEBUG:colcon.colcon_core.verb:Building package 'robot_msgs' with the following arguments: {'ament_cmake_args': None, 'build_base': '/home/yanji/robot_screwing/build/robot_msgs', 'catkin_cmake_args': None, 'catkin_skip_building_tests': False, 'cmake_args': None, 'cmake_clean_cache': False, 'cmake_clean_first': False, 'cmake_force_configure': False, 'cmake_target': None, 'cmake_target_skip_unavailable': False, 'install_base': '/home/yanji/robot_screwing/install/robot_msgs', 'merge_install': False, 'path': '/home/yanji/robot_screwing/src/robot_msgs', 'symlink_install': False, 'test_result_base': None}
[0.257s] INFO:colcon.colcon_core.executor:Executing jobs using 'parallel' executor
[0.257s] DEBUG:colcon.colcon_parallel_executor.executor.parallel:run_until_complete
[0.258s] INFO:colcon.colcon_ros.task.ament_python.build:Building ROS package in '/home/yanji/robot_screwing/src/mj_sim' with build type 'ament_python'
[0.258s] Level 1:colcon.colcon_core.shell:create_environment_hook('mj_sim', 'ament_prefix_path')
[0.259s] INFO:colcon.colcon_core.plugin_system:Skipping extension 'colcon_core.shell.bat': Not used on non-Windows systems
[0.259s] INFO:colcon.colcon_core.shell:Creating environment hook '/home/yanji/robot_screwing/install/mj_sim/share/mj_sim/hook/ament_prefix_path.ps1'
[0.260s] INFO:colcon.colcon_core.shell:Creating environment descriptor '/home/yanji/robot_screwing/install/mj_sim/share/mj_sim/hook/ament_prefix_path.dsv'
[0.260s] INFO:colcon.colcon_core.shell:Creating environment hook '/home/yanji/robot_screwing/install/mj_sim/share/mj_sim/hook/ament_prefix_path.sh'
[0.261s] INFO:colcon.colcon_core.shell:Skip shell extension 'powershell' for command environment: Not usable outside of PowerShell
[0.261s] DEBUG:colcon.colcon_core.shell:Skip shell extension 'dsv' for command environment
[0.263s] INFO:colcon.colcon_ros.task.ament_python.build:Building ROS package in '/home/yanji/robot_screwing/src/real_robot' with build type 'ament_python'
[0.263s] Level 1:colcon.colcon_core.shell:create_environment_hook('real_robot', 'ament_prefix_path')
[0.263s] INFO:colcon.colcon_core.shell:Creating environment hook '/home/yanji/robot_screwing/install/real_robot/share/real_robot/hook/ament_prefix_path.ps1'
[0.264s] INFO:colcon.colcon_core.shell:Creating environment descriptor '/home/yanji/robot_screwing/install/real_robot/share/real_robot/hook/ament_prefix_path.dsv'
[0.264s] INFO:colcon.colcon_core.shell:Creating environment hook '/home/yanji/robot_screwing/install/real_robot/share/real_robot/hook/ament_prefix_path.sh'
[0.264s] INFO:colcon.colcon_core.shell:Skip shell extension 'powershell' for command environment: Not usable outside of PowerShell
[0.264s] DEBUG:colcon.colcon_core.shell:Skip shell extension 'dsv' for command environment
[0.266s] INFO:colcon.colcon_ros.task.ament_cmake.build:Building ROS package in '/home/yanji/robot_screwing/src/robot_msgs' with build type 'ament_cmake'
[0.266s] INFO:colcon.colcon_cmake.task.cmake.build:Building CMake package in '/home/yanji/robot_screwing/src/robot_msgs'
[0.266s] INFO:colcon.colcon_core.shell:Skip shell extension 'powershell' for command environment: Not usable outside of PowerShell
[0.266s] DEBUG:colcon.colcon_core.shell:Skip shell extension 'dsv' for command environment
[0.377s] INFO:colcon.colcon_core.task.python.build:Building Python package in '/home/yanji/robot_screwing/src/mj_sim'
[0.378s] INFO:colcon.colcon_core.shell:Skip shell extension 'powershell' for command environment: Not usable outside of PowerShell
[0.378s] DEBUG:colcon.colcon_core.shell:Skip shell extension 'dsv' for command environment
[0.486s] INFO:colcon.colcon_core.task.python.build:Building Python package in '/home/yanji/robot_screwing/src/real_robot'
[0.486s] INFO:colcon.colcon_core.shell:Skip shell extension 'powershell' for command environment: Not usable outside of PowerShell
[0.486s] DEBUG:colcon.colcon_core.shell:Skip shell extension 'dsv' for command environment
[0.492s] DEBUG:colcon.colcon_core.event_handler.log_command:Invoking command in '/home/yanji/robot_screwing/build/robot_msgs': CMAKE_PREFIX_PATH=${CMAKE_PREFIX_PATH}:/home/yanji/robot_screwing/install/real_robot:/home/yanji/robot_screwing/install/mj_sim:/opt/ros/foxy CONDA_PROMPT_MODIFIER=(screwrobot) /usr/bin/cmake --build /home/yanji/robot_screwing/build/robot_msgs -- -j24 -l24
[0.719s] DEBUG:colcon.colcon_core.event_handler.log_command:Invoking command in '/home/yanji/robot_screwing/src/real_robot': CONDA_PROMPT_MODIFIER=(screwrobot) PYTHONPATH=/home/yanji/robot_screwing/build/real_robot/prefix_override:/usr/lib/python3/dist-packages/colcon_core/task/python/colcon_distutils_commands:/home/yanji/robot_screwing/install/real_robot/lib/python3.8/site-packages:${PYTHONPATH} /usr/bin/python3 -W ignore:setup.py install is deprecated -W ignore:easy_install command is deprecated setup.py egg_info --egg-base ../../build/real_robot build --build-base /home/yanji/robot_screwing/build/real_robot/build install --record /home/yanji/robot_screwing/build/real_robot/install.log --install-scripts $base/lib/real_robot --single-version-externally-managed install_data
[0.721s] DEBUG:colcon.colcon_core.event_handler.log_command:Invoking command in '/home/yanji/robot_screwing/src/mj_sim': CONDA_PROMPT_MODIFIER=(screwrobot) PYTHONPATH=/home/yanji/robot_screwing/build/mj_sim/prefix_override:/usr/lib/python3/dist-packages/colcon_core/task/python/colcon_distutils_commands:/home/yanji/robot_screwing/install/mj_sim/lib/python3.8/site-packages:${PYTHONPATH} /usr/bin/python3 -W ignore:setup.py install is deprecated -W ignore:easy_install command is deprecated setup.py egg_info --egg-base ../../build/mj_sim build --build-base /home/yanji/robot_screwing/build/mj_sim/build install --record /home/yanji/robot_screwing/build/mj_sim/install.log --install-scripts $base/lib/mj_sim --single-version-externally-managed install_data
[0.852s] DEBUG:colcon.colcon_core.event_handler.log_command:Invoked command in '/home/yanji/robot_screwing/src/real_robot' returned '0': CONDA_PROMPT_MODIFIER=(screwrobot) PYTHONPATH=/home/yanji/robot_screwing/build/real_robot/prefix_override:/usr/lib/python3/dist-packages/colcon_core/task/python/colcon_distutils_commands:/home/yanji/robot_screwing/install/real_robot/lib/python3.8/site-packages:${PYTHONPATH} /usr/bin/python3 -W ignore:setup.py install is deprecated -W ignore:easy_install command is deprecated setup.py egg_info --egg-base ../../build/real_robot build --build-base /home/yanji/robot_screwing/build/real_robot/build install --record /home/yanji/robot_screwing/build/real_robot/install.log --install-scripts $base/lib/real_robot --single-version-externally-managed install_data
[0.854s] Level 1:colcon.colcon_core.environment:checking '/home/yanji/robot_screwing/install/real_robot' for CMake module files
[0.855s] Level 1:colcon.colcon_core.environment:checking '/home/yanji/robot_screwing/install/real_robot' for CMake config files
[0.855s] Level 1:colcon.colcon_core.environment:checking '/home/yanji/robot_screwing/install/real_robot/lib'
[0.855s] Level 1:colcon.colcon_core.environment:checking '/home/yanji/robot_screwing/install/real_robot/bin'
[0.855s] Level 1:colcon.colcon_core.environment:checking '/home/yanji/robot_screwing/install/real_robot/lib/pkgconfig/real_robot.pc'
[0.855s] Level 1:colcon.colcon_core.environment:checking '/home/yanji/robot_screwing/install/real_robot/lib/python3.8/site-packages'
[0.855s] Level 1:colcon.colcon_core.shell:create_environment_hook('real_robot', 'pythonpath')
[0.855s] INFO:colcon.colcon_core.shell:Creating environment hook '/home/yanji/robot_screwing/install/real_robot/share/real_robot/hook/pythonpath.ps1'
[0.856s] INFO:colcon.colcon_core.shell:Creating environment descriptor '/home/yanji/robot_screwing/install/real_robot/share/real_robot/hook/pythonpath.dsv'
[0.856s] INFO:colcon.colcon_core.shell:Creating environment hook '/home/yanji/robot_screwing/install/real_robot/share/real_robot/hook/pythonpath.sh'
[0.856s] Level 1:colcon.colcon_core.environment:checking '/home/yanji/robot_screwing/install/real_robot/bin'
[0.856s] Level 1:colcon.colcon_core.environment:create_environment_scripts_only(real_robot)
[0.856s] INFO:colcon.colcon_core.shell:Creating package script '/home/yanji/robot_screwing/install/real_robot/share/real_robot/package.ps1'
[0.857s] INFO:colcon.colcon_core.shell:Creating package descriptor '/home/yanji/robot_screwing/install/real_robot/share/real_robot/package.dsv'
[0.857s] INFO:colcon.colcon_core.shell:Creating package script '/home/yanji/robot_screwing/install/real_robot/share/real_robot/package.sh'
[0.858s] INFO:colcon.colcon_core.shell:Creating package script '/home/yanji/robot_screwing/install/real_robot/share/real_robot/package.bash'
[0.858s] INFO:colcon.colcon_core.shell:Creating package script '/home/yanji/robot_screwing/install/real_robot/share/real_robot/package.zsh'
[0.859s] Level 1:colcon.colcon_core.environment:create_file_with_runtime_dependencies(/home/yanji/robot_screwing/install/real_robot/share/colcon-core/packages/real_robot)
[0.859s] Level 1:colcon.colcon_core.environment:checking '/home/yanji/robot_screwing/install/mj_sim' for CMake module files
[0.860s] DEBUG:colcon.colcon_core.event_handler.log_command:Invoked command in '/home/yanji/robot_screwing/src/mj_sim' returned '0': CONDA_PROMPT_MODIFIER=(screwrobot) PYTHONPATH=/home/yanji/robot_screwing/build/mj_sim/prefix_override:/usr/lib/python3/dist-packages/colcon_core/task/python/colcon_distutils_commands:/home/yanji/robot_screwing/install/mj_sim/lib/python3.8/site-packages:${PYTHONPATH} /usr/bin/python3 -W ignore:setup.py install is deprecated -W ignore:easy_install command is deprecated setup.py egg_info --egg-base ../../build/mj_sim build --build-base /home/yanji/robot_screwing/build/mj_sim/build install --record /home/yanji/robot_screwing/build/mj_sim/install.log --install-scripts $base/lib/mj_sim --single-version-externally-managed install_data
[0.860s] Level 1:colcon.colcon_core.environment:checking '/home/yanji/robot_screwing/install/mj_sim' for CMake config files
[0.860s] Level 1:colcon.colcon_core.environment:checking '/home/yanji/robot_screwing/install/mj_sim/lib'
[0.860s] Level 1:colcon.colcon_core.environment:checking '/home/yanji/robot_screwing/install/mj_sim/bin'
[0.860s] Level 1:colcon.colcon_core.environment:checking '/home/yanji/robot_screwing/install/mj_sim/lib/pkgconfig/mj_sim.pc'
[0.860s] Level 1:colcon.colcon_core.environment:checking '/home/yanji/robot_screwing/install/mj_sim/lib/python3.8/site-packages'
[0.860s] Level 1:colcon.colcon_core.shell:create_environment_hook('mj_sim', 'pythonpath')
[0.860s] INFO:colcon.colcon_core.shell:Creating environment hook '/home/yanji/robot_screwing/install/mj_sim/share/mj_sim/hook/pythonpath.ps1'
[0.860s] INFO:colcon.colcon_core.shell:Creating environment descriptor '/home/yanji/robot_screwing/install/mj_sim/share/mj_sim/hook/pythonpath.dsv'
[0.860s] INFO:colcon.colcon_core.shell:Creating environment hook '/home/yanji/robot_screwing/install/mj_sim/share/mj_sim/hook/pythonpath.sh'
[0.861s] Level 1:colcon.colcon_core.environment:checking '/home/yanji/robot_screwing/install/mj_sim/bin'
[0.861s] Level 1:colcon.colcon_core.environment:create_environment_scripts_only(mj_sim)
[0.861s] INFO:colcon.colcon_core.shell:Creating package script '/home/yanji/robot_screwing/install/mj_sim/share/mj_sim/package.ps1'
[0.861s] INFO:colcon.colcon_core.shell:Creating package descriptor '/home/yanji/robot_screwing/install/mj_sim/share/mj_sim/package.dsv'
[0.861s] INFO:colcon.colcon_core.shell:Creating package script '/home/yanji/robot_screwing/install/mj_sim/share/mj_sim/package.sh'
[0.861s] INFO:colcon.colcon_core.shell:Creating package script '/home/yanji/robot_screwing/install/mj_sim/share/mj_sim/package.bash'
[0.862s] INFO:colcon.colcon_core.shell:Creating package script '/home/yanji/robot_screwing/install/mj_sim/share/mj_sim/package.zsh'
[0.862s] Level 1:colcon.colcon_core.environment:create_file_with_runtime_dependencies(/home/yanji/robot_screwing/install/mj_sim/share/colcon-core/packages/mj_sim)
[3.132s] DEBUG:colcon.colcon_core.event_handler.log_command:Invoked command in '/home/yanji/robot_screwing/build/robot_msgs' returned '0': CMAKE_PREFIX_PATH=${CMAKE_PREFIX_PATH}:/home/yanji/robot_screwing/install/real_robot:/home/yanji/robot_screwing/install/mj_sim:/opt/ros/foxy CONDA_PROMPT_MODIFIER=(screwrobot) /usr/bin/cmake --build /home/yanji/robot_screwing/build/robot_msgs -- -j24 -l24
[3.138s] DEBUG:colcon.colcon_core.event_handler.log_command:Invoking command in '/home/yanji/robot_screwing/build/robot_msgs': CMAKE_PREFIX_PATH=${CMAKE_PREFIX_PATH}:/home/yanji/robot_screwing/install/real_robot:/home/yanji/robot_screwing/install/mj_sim:/opt/ros/foxy CONDA_PROMPT_MODIFIER=(screwrobot) /usr/bin/cmake --install /home/yanji/robot_screwing/build/robot_msgs
[3.176s] Level 1:colcon.colcon_core.environment:create_environment_scripts_only(robot_msgs)
[3.176s] Level 1:colcon.colcon_core.environment:checking '/home/yanji/robot_screwing/install/robot_msgs' for CMake module files
[3.176s] DEBUG:colcon.colcon_core.event_handler.log_command:Invoked command in '/home/yanji/robot_screwing/build/robot_msgs' returned '0': CMAKE_PREFIX_PATH=${CMAKE_PREFIX_PATH}:/home/yanji/robot_screwing/install/real_robot:/home/yanji/robot_screwing/install/mj_sim:/opt/ros/foxy CONDA_PROMPT_MODIFIER=(screwrobot) /usr/bin/cmake --install /home/yanji/robot_screwing/build/robot_msgs
[3.176s] Level 1:colcon.colcon_core.environment:checking '/home/yanji/robot_screwing/install/robot_msgs' for CMake config files
[3.177s] Level 1:colcon.colcon_core.shell:create_environment_hook('robot_msgs', 'cmake_prefix_path')
[3.177s] INFO:colcon.colcon_core.shell:Creating environment hook '/home/yanji/robot_screwing/install/robot_msgs/share/robot_msgs/hook/cmake_prefix_path.ps1'
[3.177s] INFO:colcon.colcon_core.shell:Creating environment descriptor '/home/yanji/robot_screwing/install/robot_msgs/share/robot_msgs/hook/cmake_prefix_path.dsv'
[3.177s] INFO:colcon.colcon_core.shell:Creating environment hook '/home/yanji/robot_screwing/install/robot_msgs/share/robot_msgs/hook/cmake_prefix_path.sh'
[3.178s] Level 1:colcon.colcon_core.environment:checking '/home/yanji/robot_screwing/install/robot_msgs/lib'
[3.178s] Level 1:colcon.colcon_core.shell:create_environment_hook('robot_msgs', 'ld_library_path_lib')
[3.178s] INFO:colcon.colcon_core.shell:Creating environment hook '/home/yanji/robot_screwing/install/robot_msgs/share/robot_msgs/hook/ld_library_path_lib.ps1'
[3.178s] INFO:colcon.colcon_core.shell:Creating environment descriptor '/home/yanji/robot_screwing/install/robot_msgs/share/robot_msgs/hook/ld_library_path_lib.dsv'
[3.178s] INFO:colcon.colcon_core.shell:Creating environment hook '/home/yanji/robot_screwing/install/robot_msgs/share/robot_msgs/hook/ld_library_path_lib.sh'
[3.178s] Level 1:colcon.colcon_core.environment:checking '/home/yanji/robot_screwing/install/robot_msgs/bin'
[3.178s] Level 1:colcon.colcon_core.environment:checking '/home/yanji/robot_screwing/install/robot_msgs/lib/pkgconfig/robot_msgs.pc'
[3.178s] Level 1:colcon.colcon_core.environment:checking '/home/yanji/robot_screwing/install/robot_msgs/lib/python3.8/site-packages'
[3.178s] Level 1:colcon.colcon_core.shell:create_environment_hook('robot_msgs', 'pythonpath')
[3.178s] INFO:colcon.colcon_core.shell:Creating environment hook '/home/yanji/robot_screwing/install/robot_msgs/share/robot_msgs/hook/pythonpath.ps1'
[3.179s] INFO:colcon.colcon_core.shell:Creating environment descriptor '/home/yanji/robot_screwing/install/robot_msgs/share/robot_msgs/hook/pythonpath.dsv'
[3.179s] INFO:colcon.colcon_core.shell:Creating environment hook '/home/yanji/robot_screwing/install/robot_msgs/share/robot_msgs/hook/pythonpath.sh'
[3.179s] Level 1:colcon.colcon_core.environment:checking '/home/yanji/robot_screwing/install/robot_msgs/bin'
[3.179s] INFO:colcon.colcon_core.shell:Creating package script '/home/yanji/robot_screwing/install/robot_msgs/share/robot_msgs/package.ps1'
[3.179s] INFO:colcon.colcon_core.shell:Creating package descriptor '/home/yanji/robot_screwing/install/robot_msgs/share/robot_msgs/package.dsv'
[3.179s] INFO:colcon.colcon_core.shell:Creating package script '/home/yanji/robot_screwing/install/robot_msgs/share/robot_msgs/package.sh'
[3.180s] INFO:colcon.colcon_core.shell:Creating package script '/home/yanji/robot_screwing/install/robot_msgs/share/robot_msgs/package.bash'
[3.180s] INFO:colcon.colcon_core.shell:Creating package script '/home/yanji/robot_screwing/install/robot_msgs/share/robot_msgs/package.zsh'
[3.180s] Level 1:colcon.colcon_core.environment:create_file_with_runtime_dependencies(/home/yanji/robot_screwing/install/robot_msgs/share/colcon-core/packages/robot_msgs)
[3.180s] Level 1:colcon.colcon_core.environment:create_environment_scripts_only(robot_msgs)
[3.180s] Level 1:colcon.colcon_core.environment:checking '/home/yanji/robot_screwing/install/robot_msgs' for CMake module files
[3.180s] Level 1:colcon.colcon_core.environment:checking '/home/yanji/robot_screwing/install/robot_msgs' for CMake config files
[3.181s] Level 1:colcon.colcon_core.shell:create_environment_hook('robot_msgs', 'cmake_prefix_path')
[3.181s] INFO:colcon.colcon_core.shell:Creating environment hook '/home/yanji/robot_screwing/install/robot_msgs/share/robot_msgs/hook/cmake_prefix_path.ps1'
[3.181s] INFO:colcon.colcon_core.shell:Creating environment descriptor '/home/yanji/robot_screwing/install/robot_msgs/share/robot_msgs/hook/cmake_prefix_path.dsv'
[3.181s] INFO:colcon.colcon_core.shell:Creating environment hook '/home/yanji/robot_screwing/install/robot_msgs/share/robot_msgs/hook/cmake_prefix_path.sh'
[3.181s] Level 1:colcon.colcon_core.environment:checking '/home/yanji/robot_screwing/install/robot_msgs/lib'
[3.181s] Level 1:colcon.colcon_core.shell:create_environment_hook('robot_msgs', 'ld_library_path_lib')
[3.181s] INFO:colcon.colcon_core.shell:Creating environment hook '/home/yanji/robot_screwing/install/robot_msgs/share/robot_msgs/hook/ld_library_path_lib.ps1'
[3.182s] INFO:colcon.colcon_core.shell:Creating environment descriptor '/home/yanji/robot_screwing/install/robot_msgs/share/robot_msgs/hook/ld_library_path_lib.dsv'
[3.182s] INFO:colcon.colcon_core.shell:Creating environment hook '/home/yanji/robot_screwing/install/robot_msgs/share/robot_msgs/hook/ld_library_path_lib.sh'
[3.182s] Level 1:colcon.colcon_core.environment:checking '/home/yanji/robot_screwing/install/robot_msgs/bin'
[3.182s] Level 1:colcon.colcon_core.environment:checking '/home/yanji/robot_screwing/install/robot_msgs/lib/pkgconfig/robot_msgs.pc'
[3.182s] Level 1:colcon.colcon_core.environment:checking '/home/yanji/robot_screwing/install/robot_msgs/lib/python3.8/site-packages'
[3.182s] Level 1:colcon.colcon_core.shell:create_environment_hook('robot_msgs', 'pythonpath')
[3.182s] INFO:colcon.colcon_core.shell:Creating environment hook '/home/yanji/robot_screwing/install/robot_msgs/share/robot_msgs/hook/pythonpath.ps1'
[3.182s] INFO:colcon.colcon_core.shell:Creating environment descriptor '/home/yanji/robot_screwing/install/robot_msgs/share/robot_msgs/hook/pythonpath.dsv'
[3.182s] INFO:colcon.colcon_core.shell:Creating environment hook '/home/yanji/robot_screwing/install/robot_msgs/share/robot_msgs/hook/pythonpath.sh'
[3.182s] Level 1:colcon.colcon_core.environment:checking '/home/yanji/robot_screwing/install/robot_msgs/bin'
[3.183s] INFO:colcon.colcon_core.shell:Creating package script '/home/yanji/robot_screwing/install/robot_msgs/share/robot_msgs/package.ps1'
[3.183s] INFO:colcon.colcon_core.shell:Creating package descriptor '/home/yanji/robot_screwing/install/robot_msgs/share/robot_msgs/package.dsv'
[3.183s] INFO:colcon.colcon_core.shell:Creating package script '/home/yanji/robot_screwing/install/robot_msgs/share/robot_msgs/package.sh'
[3.183s] INFO:colcon.colcon_core.shell:Creating package script '/home/yanji/robot_screwing/install/robot_msgs/share/robot_msgs/package.bash'
[3.183s] INFO:colcon.colcon_core.shell:Creating package script '/home/yanji/robot_screwing/install/robot_msgs/share/robot_msgs/package.zsh'
[3.184s] Level 1:colcon.colcon_core.environment:create_file_with_runtime_dependencies(/home/yanji/robot_screwing/install/robot_msgs/share/colcon-core/packages/robot_msgs)
[3.184s] DEBUG:colcon.colcon_parallel_executor.executor.parallel:closing loop
[3.184s] DEBUG:colcon.colcon_parallel_executor.executor.parallel:loop closed
[3.184s] DEBUG:colcon.colcon_parallel_executor.executor.parallel:run_until_complete finished with '0'
[3.184s] DEBUG:colcon.colcon_core.event_reactor:joining thread
[3.187s] INFO:colcon.colcon_core.plugin_system:Skipping extension 'colcon_notification.desktop_notification.terminal_notifier': Not used on non-Darwin systems
[3.187s] INFO:colcon.colcon_core.plugin_system:Skipping extension 'colcon_notification.desktop_notification.win32': Not used on non-Windows systems
[3.187s] INFO:colcon.colcon_notification.desktop_notification:Sending desktop notification using 'notify2'
[3.195s] DEBUG:colcon.colcon_core.event_reactor:joined thread
[3.195s] INFO:colcon.colcon_core.shell:Creating prefix script '/home/yanji/robot_screwing/install/local_setup.ps1'
[3.196s] INFO:colcon.colcon_core.shell:Creating prefix util module '/home/yanji/robot_screwing/install/_local_setup_util_ps1.py'
[3.197s] INFO:colcon.colcon_core.shell:Creating prefix chain script '/home/yanji/robot_screwing/install/setup.ps1'
[3.197s] INFO:colcon.colcon_core.shell:Creating prefix script '/home/yanji/robot_screwing/install/local_setup.sh'
[3.198s] INFO:colcon.colcon_core.shell:Creating prefix util module '/home/yanji/robot_screwing/install/_local_setup_util_sh.py'
[3.198s] INFO:colcon.colcon_core.shell:Creating prefix chain script '/home/yanji/robot_screwing/install/setup.sh'
[3.198s] INFO:colcon.colcon_core.shell:Creating prefix script '/home/yanji/robot_screwing/install/local_setup.bash'
[3.199s] INFO:colcon.colcon_core.shell:Creating prefix chain script '/home/yanji/robot_screwing/install/setup.bash'
[3.199s] INFO:colcon.colcon_core.shell:Creating prefix script '/home/yanji/robot_screwing/install/local_setup.zsh'
[3.200s] INFO:colcon.colcon_core.shell:Creating prefix chain script '/home/yanji/robot_screwing/install/setup.zsh'
